{"target": -16969.381773215035, "params": {"inf_icu_rate": 0.031310184444136344, "p2": 0.5103759746797008}, "datetime": {"datetime": "2021-04-23 00:43:37", "elapsed": 0.0, "delta": 0.0}}
{"target": -27952.95192116123, "params": {"inf_icu_rate": 0.026078632927198468, "p2": 0.8744019412693059}, "datetime": {"datetime": "2021-04-23 00:45:55", "elapsed": 137.603034, "delta": 137.603034}}
{"target": -13745.878061543286, "params": {"inf_icu_rate": 0.020943266467498438, "p2": 0.6123983227654238}, "datetime": {"datetime": "2021-04-23 00:48:16", "elapsed": 278.137759, "delta": 140.534725}}
{"target": -8813.3296077365, "params": {"inf_icu_rate": 0.009526388860865712, "p2": 0.8802653560994793}, "datetime": {"datetime": "2021-04-23 00:50:32", "elapsed": 414.369363, "delta": 136.231604}}
{"target": -3135.1426838278326, "params": {"inf_icu_rate": 0.008426211789376347, "p2": 0.5441699070870052}, "datetime": {"datetime": "2021-04-23 00:52:53", "elapsed": 555.625743, "delta": 141.25638}}
{"target": -33578.99616555829, "params": {"inf_icu_rate": 0.028043673097976292, "p2": 0.9766966730974682}, "datetime": {"datetime": "2021-04-23 00:55:07", "elapsed": 689.657795, "delta": 134.032052}}
{"target": -876.6066403000478, "params": {"inf_icu_rate": 0.0021500341204607493, "p2": 0.7560961316928883}, "datetime": {"datetime": "2021-04-23 00:57:25", "elapsed": 827.294434, "delta": 137.636639}}
{"target": -33395.17098758693, "params": {"inf_icu_rate": 0.03287959654278031, "p2": 0.8062630334146941}, "datetime": {"datetime": "2021-04-23 00:59:41", "elapsed": 963.263942, "delta": 135.969508}}
{"target": -22446.845854093794, "params": {"inf_icu_rate": 0.029426702062408383, "p2": 0.6459380340853166}, "datetime": {"datetime": "2021-04-23 01:01:59", "elapsed": 1101.616727, "delta": 138.352785}}
{"target": -40408.47459881813, "params": {"inf_icu_rate": 0.03687541665549185, "p2": 0.8572878916988453}, "datetime": {"datetime": "2021-04-23 01:04:15", "elapsed": 1237.6256, "delta": 136.008873}}
{"target": -13947.085177453542, "params": {"inf_icu_rate": 0.022616685984427926, "p2": 0.5710850238007634}, "datetime": {"datetime": "2021-04-23 01:06:35", "elapsed": 1377.111052, "delta": 139.485452}}
{"target": -15784.719856651504, "params": {"inf_icu_rate": 0.016186948881955827, "p2": 0.8370668075331726}, "datetime": {"datetime": "2021-04-23 01:08:50", "elapsed": 1512.905842, "delta": 135.79479}}
{"target": -15968.025300145562, "params": {"inf_icu_rate": 0.01878966062807385, "p2": 0.7170069966666468}, "datetime": {"datetime": "2021-04-23 01:11:08", "elapsed": 1650.065205, "delta": 137.159363}}
{"target": -23480.275540324623, "params": {"inf_icu_rate": 0.025475145181834052, "p2": 0.7565691212771954}, "datetime": {"datetime": "2021-04-23 01:13:24", "elapsed": 1786.611952, "delta": 136.546747}}
{"target": -26066.861265851643, "params": {"inf_icu_rate": 0.02671509291339575, "p2": 0.8005194767022722}, "datetime": {"datetime": "2021-04-23 01:15:40", "elapsed": 1922.718636, "delta": 136.106684}}
{"target": -31222.58659416521, "params": {"inf_icu_rate": 0.032598481479644364, "p2": 0.7608235761968171}, "datetime": {"datetime": "2021-04-23 01:17:57", "elapsed": 2059.306105, "delta": 136.587469}}
{"target": -28595.661681921138, "params": {"inf_icu_rate": 0.03652865747072939, "p2": 0.6596180444942726}, "datetime": {"datetime": "2021-04-23 01:20:15", "elapsed": 2197.575628, "delta": 138.269523}}
{"target": -2475.8288228944757, "params": {"inf_icu_rate": 0.00543745527229448, "p2": 0.6503500283181016}, "datetime": {"datetime": "2021-04-23 01:22:34", "elapsed": 2336.423636, "delta": 138.848008}}
{"target": -5501.277042057053, "params": {"inf_icu_rate": 0.006331405750814891, "p2": 0.9143406631538383}, "datetime": {"datetime": "2021-04-23 01:24:49", "elapsed": 2471.418157, "delta": 134.994521}}
{"target": -2014.3352276100952, "params": {"inf_icu_rate": 0.0037820601367914907, "p2": 0.8131435741556963}, "datetime": {"datetime": "2021-04-23 01:27:05", "elapsed": 2607.801543, "delta": 136.383386}}
{"target": -25254.07091377533, "params": {"inf_icu_rate": 0.022808273924931254, "p2": 0.9096434978350343}, "datetime": {"datetime": "2021-04-23 01:29:20", "elapsed": 2742.49734, "delta": 134.695797}}
{"target": -9415.962162086551, "params": {"inf_icu_rate": 0.009560006507794868, "p2": 0.9284251512288666}, "datetime": {"datetime": "2021-04-23 01:31:35", "elapsed": 2877.758255, "delta": 135.260915}}
{"target": -15599.968893098987, "params": {"inf_icu_rate": 0.01536280029841934, "p2": 0.8773238457649286}, "datetime": {"datetime": "2021-04-23 01:33:50", "elapsed": 3012.692634, "delta": 134.934379}}
{"target": -14256.408128873787, "params": {"inf_icu_rate": 0.013246544861427791, "p2": 0.9419682397805931}, "datetime": {"datetime": "2021-04-23 01:36:04", "elapsed": 3146.904569, "delta": 134.211935}}
{"target": -8397.045604756153, "params": {"inf_icu_rate": 0.014369442237625454, "p2": 0.5825079488595742}, "datetime": {"datetime": "2021-04-23 01:38:24", "elapsed": 3286.63988, "delta": 139.735311}}
{"target": -8649.605797141583, "params": {"inf_icu_rate": 0.016916111269970315, "p2": 0.5467301872793251}, "datetime": {"datetime": "2021-04-23 01:40:45", "elapsed": 3427.232671, "delta": 140.592791}}
{"target": -22104.852808134627, "params": {"inf_icu_rate": 0.03320201499780328, "p2": 0.5755760098212819}, "datetime": {"datetime": "2021-04-23 01:43:04", "elapsed": 3566.30921, "delta": 139.076539}}
{"target": -19102.2355491462, "params": {"inf_icu_rate": 0.016596349050303584, "p2": 0.9721303561194006}, "datetime": {"datetime": "2021-04-23 01:45:18", "elapsed": 3700.229201, "delta": 133.919991}}
{"target": -36743.58252597831, "params": {"inf_icu_rate": 0.039529768046271146, "p2": 0.728152273547392}, "datetime": {"datetime": "2021-04-23 01:47:34", "elapsed": 3836.946557, "delta": 136.717356}}
{"target": -24390.978758748228, "params": {"inf_icu_rate": 0.03339266806602412, "p2": 0.6256870671035297}, "datetime": {"datetime": "2021-04-23 01:49:53", "elapsed": 3975.631788, "delta": 138.685231}}
{"target": -3375.937814220411, "params": {"inf_icu_rate": 0.008281594558049166, "p2": 0.5442735661124225}, "datetime": {"datetime": "2021-04-23 01:52:14", "elapsed": 4116.354748, "delta": 140.72296}}
{"target": -921.9847009895061, "params": {"inf_icu_rate": 0.002, "p2": 0.7818953831665453}, "datetime": {"datetime": "2021-04-23 01:54:31", "elapsed": 4253.575583, "delta": 137.220835}}
{"target": -929.4232816025052, "params": {"inf_icu_rate": 0.002, "p2": 0.682114504060678}, "datetime": {"datetime": "2021-04-23 01:56:50", "elapsed": 4392.061394, "delta": 138.485811}}
{"target": -1346.506259604868, "params": {"inf_icu_rate": 0.002, "p2": 0.5}, "datetime": {"datetime": "2021-04-23 01:59:11", "elapsed": 4533.330509, "delta": 141.269115}}
{"target": -1239.712983341283, "params": {"inf_icu_rate": 0.002, "p2": 0.5220471438475379}, "datetime": {"datetime": "2021-04-23 02:01:32", "elapsed": 4674.527355, "delta": 141.196846}}
{"target": -1014.7913409927813, "params": {"inf_icu_rate": 0.0020204538071484273, "p2": 0.624415014552772}, "datetime": {"datetime": "2021-04-23 02:03:52", "elapsed": 4814.336301, "delta": 139.808946}}
{"target": -1125.2865078325733, "params": {"inf_icu_rate": 0.002, "p2": 0.56589121055475}, "datetime": {"datetime": "2021-04-23 02:06:12", "elapsed": 4954.703913, "delta": 140.367612}}
{"target": -880.9407867444409, "params": {"inf_icu_rate": 0.0021383780443131385, "p2": 0.727396022950775}, "datetime": {"datetime": "2021-04-23 02:08:30", "elapsed": 5092.701887, "delta": 137.997974}}
{"target": -965.4904376345245, "params": {"inf_icu_rate": 0.002042871919935221, "p2": 0.8527232793037551}, "datetime": {"datetime": "2021-04-23 02:10:47", "elapsed": 5229.082673, "delta": 136.380786}}
{"target": -943.7511857953135, "params": {"inf_icu_rate": 0.0021899072993563536, "p2": 0.5980616019944298}, "datetime": {"datetime": "2021-04-23 02:13:07", "elapsed": 5369.098714, "delta": 140.016041}}
{"target": -926.7165094055865, "params": {"inf_icu_rate": 0.0026380383014161443, "p2": 0.7063760384352583}, "datetime": {"datetime": "2021-04-23 02:15:24", "elapsed": 5507.042119, "delta": 137.943405}}
{"target": -934.7266594629323, "params": {"inf_icu_rate": 0.0020336002682337173, "p2": 0.837206745982435}, "datetime": {"datetime": "2021-04-23 02:17:41", "elapsed": 5643.716204, "delta": 136.674085}}
{"target": -1055.197184214875, "params": {"inf_icu_rate": 0.0020188692905106754, "p2": 0.900725755596383}, "datetime": {"datetime": "2021-04-23 02:19:57", "elapsed": 5779.538123, "delta": 135.821919}}
{"target": -926.3693443172305, "params": {"inf_icu_rate": 0.0020887349743520995, "p2": 0.6585357548949051}, "datetime": {"datetime": "2021-04-23 02:22:16", "elapsed": 5918.724775, "delta": 139.186652}}
{"target": -1091.2834196011786, "params": {"inf_icu_rate": 0.0020514868666275323, "p2": 0.5503916076760778}, "datetime": {"datetime": "2021-04-23 02:24:37", "elapsed": 6059.297002, "delta": 140.572227}}
{"target": -903.6162881226868, "params": {"inf_icu_rate": 0.00202474580954912, "p2": 0.8036306690644264}, "datetime": {"datetime": "2021-04-23 02:26:54", "elapsed": 6196.372716, "delta": 137.075714}}
{"target": -1897.5313011828885, "params": {"inf_icu_rate": 0.0036610893207874046, "p2": 0.8130446376947413}, "datetime": {"datetime": "2021-04-23 02:29:11", "elapsed": 6333.15611, "delta": 136.783394}}
{"target": -907.4870241788599, "params": {"inf_icu_rate": 0.0020911726669028733, "p2": 0.6369642381065601}, "datetime": {"datetime": "2021-04-23 02:31:30", "elapsed": 6472.733138, "delta": 139.577028}}
{"target": -958.1910596536967, "params": {"inf_icu_rate": 0.0020003517565780936, "p2": 0.8706275887919291}, "datetime": {"datetime": "2021-04-23 02:33:46", "elapsed": 6608.873796, "delta": 136.140658}}
{"target": -880.7097776164815, "params": {"inf_icu_rate": 0.0020562253357261228, "p2": 0.738611054262756}, "datetime": {"datetime": "2021-04-23 02:36:04", "elapsed": 6746.744914, "delta": 137.871118}}
{"target": -845.216948965633, "params": {"inf_icu_rate": 0.002104080394003686, "p2": 0.6995657570887301}, "datetime": {"datetime": "2021-04-23 02:38:23", "elapsed": 6885.409792, "delta": 138.664878}}
{"target": -1109.1468974503869, "params": {"inf_icu_rate": 0.002050672084813285, "p2": 0.5365192098331318}, "datetime": {"datetime": "2021-04-23 02:40:44", "elapsed": 7026.354085, "delta": 140.944293}}
{"target": -858.5873557578939, "params": {"inf_icu_rate": 0.002016316924982855, "p2": 0.767304434009192}, "datetime": {"datetime": "2021-04-23 02:43:02", "elapsed": 7164.099506, "delta": 137.745421}}
{"target": -959.4978726505885, "params": {"inf_icu_rate": 0.0020349163258100915, "p2": 0.6123521874207842}, "datetime": {"datetime": "2021-04-23 02:45:21", "elapsed": 7303.886306, "delta": 139.7868}}
{"target": -957.6292061116262, "params": {"inf_icu_rate": 0.0021531740629934827, "p2": 0.5824426949581485}, "datetime": {"datetime": "2021-04-23 02:47:42", "elapsed": 7444.369403, "delta": 140.483097}}
{"target": -893.910843057615, "params": {"inf_icu_rate": 0.0020184003158031905, "p2": 0.6687203208938471}, "datetime": {"datetime": "2021-04-23 02:50:01", "elapsed": 7583.659555, "delta": 139.290152}}
{"target": -874.4712557707571, "params": {"inf_icu_rate": 0.0020549593709672377, "p2": 0.7164885026539981}, "datetime": {"datetime": "2021-04-23 02:52:20", "elapsed": 7722.045391, "delta": 138.385836}}
{"target": -942.6809780716111, "params": {"inf_icu_rate": 0.0021005173292526907, "p2": 0.821399549492043}, "datetime": {"datetime": "2021-04-23 02:54:36", "elapsed": 7858.47398, "delta": 136.428589}}
{"target": -990.4214553983398, "params": {"inf_icu_rate": 0.002035421200729472, "p2": 0.8832154528311094}, "datetime": {"datetime": "2021-04-23 02:56:52", "elapsed": 7994.525065, "delta": 136.051085}}
{"target": -916.1103076933945, "params": {"inf_icu_rate": 0.0020132660864795563, "p2": 0.7904960706658365}, "datetime": {"datetime": "2021-04-23 02:59:09", "elapsed": 8131.822044, "delta": 137.296979}}
{"target": -1098.1814471815592, "params": {"inf_icu_rate": 0.0020743517878013817, "p2": 0.9486804750157699}, "datetime": {"datetime": "2021-04-23 03:01:24", "elapsed": 8266.85534, "delta": 135.033296}}
{"target": -1137.1282602072613, "params": {"inf_icu_rate": 0.002, "p2": 1.0}, "datetime": {"datetime": "2021-04-23 03:03:39", "elapsed": 8401.616627, "delta": 134.761287}}
{"target": -1163.4920809020293, "params": {"inf_icu_rate": 0.002073516207014294, "p2": 0.9817919553689818}, "datetime": {"datetime": "2021-04-23 03:05:54", "elapsed": 8536.679476, "delta": 135.062849}}
{"target": -1081.1555826621798, "params": {"inf_icu_rate": 0.0020613114379428687, "p2": 0.9224889214509542}, "datetime": {"datetime": "2021-04-23 03:08:10", "elapsed": 8672.104699, "delta": 135.425223}}
{"target": -1081.1555826621798, "params": {"inf_icu_rate": 0.0020613114379428687, "p2": 0.9224889214509542}, "datetime": {"datetime": "2021-04-23 03:08:10", "elapsed": 8672.366776, "delta": 0.262077}}
{"target": -1081.1555826621798, "params": {"inf_icu_rate": 0.0020613114379428687, "p2": 0.9224889214509542}, "datetime": {"datetime": "2021-04-23 03:08:10", "elapsed": 8672.611284, "delta": 0.244508}}
{"target": -1081.1555826621798, "params": {"inf_icu_rate": 0.0020613114379428687, "p2": 0.9224889214509542}, "datetime": {"datetime": "2021-04-23 03:08:10", "elapsed": 8672.868224, "delta": 0.25694}}
{"target": -1081.1555826621798, "params": {"inf_icu_rate": 0.0020613114379428687, "p2": 0.9224889214509542}, "datetime": {"datetime": "2021-04-23 03:08:11", "elapsed": 8673.173613, "delta": 0.305389}}
{"target": -1125.2555896114202, "params": {"inf_icu_rate": 0.002069494046614828, "p2": 0.9643205398931274}, "datetime": {"datetime": "2021-04-23 03:10:26", "elapsed": 8808.273642, "delta": 135.100029}}
{"target": -941.2683017574785, "params": {"inf_icu_rate": 0.002107412229503637, "p2": 0.5981920131253109}, "datetime": {"datetime": "2021-04-23 03:12:46", "elapsed": 8948.311266, "delta": 140.037624}}
{"target": -941.2683017574785, "params": {"inf_icu_rate": 0.002107412229503637, "p2": 0.5981920131253109}, "datetime": {"datetime": "2021-04-23 03:12:46", "elapsed": 8948.540983, "delta": 0.229717}}
{"target": -941.2683017574785, "params": {"inf_icu_rate": 0.002107412229503637, "p2": 0.5981920131253109}, "datetime": {"datetime": "2021-04-23 03:12:46", "elapsed": 8948.787411, "delta": 0.246428}}
{"target": -941.2683017574785, "params": {"inf_icu_rate": 0.002107412229503637, "p2": 0.5981920131253109}, "datetime": {"datetime": "2021-04-23 03:12:46", "elapsed": 8949.020286, "delta": 0.232875}}
{"target": -941.2683017574785, "params": {"inf_icu_rate": 0.002107412229503637, "p2": 0.5981920131253109}, "datetime": {"datetime": "2021-04-23 03:12:47", "elapsed": 8949.257963, "delta": 0.237677}}
{"target": -941.2683017574785, "params": {"inf_icu_rate": 0.002107412229503637, "p2": 0.5981920131253109}, "datetime": {"datetime": "2021-04-23 03:12:47", "elapsed": 8949.49606, "delta": 0.238097}}
{"target": -941.2683017574785, "params": {"inf_icu_rate": 0.002107412229503637, "p2": 0.5981920131253109}, "datetime": {"datetime": "2021-04-23 03:12:47", "elapsed": 8949.748774, "delta": 0.252714}}
{"target": -941.2683017574785, "params": {"inf_icu_rate": 0.002107412229503637, "p2": 0.5981920131253109}, "datetime": {"datetime": "2021-04-23 03:12:47", "elapsed": 8949.969293, "delta": 0.220519}}
{"target": -941.2683017574785, "params": {"inf_icu_rate": 0.002107412229503637, "p2": 0.5981920131253109}, "datetime": {"datetime": "2021-04-23 03:12:48", "elapsed": 8950.208301, "delta": 0.239008}}
{"target": -941.2683017574785, "params": {"inf_icu_rate": 0.002107412229503637, "p2": 0.5981920131253109}, "datetime": {"datetime": "2021-04-23 03:12:48", "elapsed": 8950.40521, "delta": 0.196909}}
{"target": -881.4976264340689, "params": {"inf_icu_rate": 0.0020567490619027473, "p2": 0.743489598805146}, "datetime": {"datetime": "2021-04-23 03:15:06", "elapsed": 9088.196762, "delta": 137.791552}}
{"target": -8506.184976953358, "params": {"inf_icu_rate": 0.0168691382651946, "p2": 0.5467892002101361}, "datetime": {"datetime": "2021-04-23 03:17:26", "elapsed": 9228.798153, "delta": 140.601391}}
{"target": -8506.184976953358, "params": {"inf_icu_rate": 0.0168691382651946, "p2": 0.5467892002101361}, "datetime": {"datetime": "2021-04-23 03:17:27", "elapsed": 9229.052905, "delta": 0.254752}}
{"target": -8506.184976953358, "params": {"inf_icu_rate": 0.0168691382651946, "p2": 0.5467892002101361}, "datetime": {"datetime": "2021-04-23 03:17:27", "elapsed": 9229.295619, "delta": 0.242714}}
{"target": -8506.184976953358, "params": {"inf_icu_rate": 0.0168691382651946, "p2": 0.5467892002101361}, "datetime": {"datetime": "2021-04-23 03:17:27", "elapsed": 9229.564083, "delta": 0.268464}}
{"target": -8506.184976953358, "params": {"inf_icu_rate": 0.0168691382651946, "p2": 0.5467892002101361}, "datetime": {"datetime": "2021-04-23 03:17:27", "elapsed": 9229.891681, "delta": 0.327598}}
{"target": -8506.184976953358, "params": {"inf_icu_rate": 0.0168691382651946, "p2": 0.5467892002101361}, "datetime": {"datetime": "2021-04-23 03:17:28", "elapsed": 9230.13253, "delta": 0.240849}}
{"target": -8506.184976953358, "params": {"inf_icu_rate": 0.0168691382651946, "p2": 0.5467892002101361}, "datetime": {"datetime": "2021-04-23 03:17:28", "elapsed": 9230.407392, "delta": 0.274862}}
{"target": -8506.184976953358, "params": {"inf_icu_rate": 0.0168691382651946, "p2": 0.5467892002101361}, "datetime": {"datetime": "2021-04-23 03:17:28", "elapsed": 9230.633365, "delta": 0.225973}}
{"target": -8506.184976953358, "params": {"inf_icu_rate": 0.0168691382651946, "p2": 0.5467892002101361}, "datetime": {"datetime": "2021-04-23 03:17:28", "elapsed": 9230.898809, "delta": 0.265444}}
{"target": -8506.184976953358, "params": {"inf_icu_rate": 0.0168691382651946, "p2": 0.5467892002101361}, "datetime": {"datetime": "2021-04-23 03:17:29", "elapsed": 9231.172356, "delta": 0.273547}}
{"target": -8506.184976953358, "params": {"inf_icu_rate": 0.0168691382651946, "p2": 0.5467892002101361}, "datetime": {"datetime": "2021-04-23 03:17:29", "elapsed": 9231.410294, "delta": 0.237938}}
{"target": -8506.184976953358, "params": {"inf_icu_rate": 0.0168691382651946, "p2": 0.5467892002101361}, "datetime": {"datetime": "2021-04-23 03:17:29", "elapsed": 9231.697968, "delta": 0.287674}}
{"target": -8506.184976953358, "params": {"inf_icu_rate": 0.0168691382651946, "p2": 0.5467892002101361}, "datetime": {"datetime": "2021-04-23 03:17:29", "elapsed": 9231.968489, "delta": 0.270521}}
{"target": -8506.184976953358, "params": {"inf_icu_rate": 0.0168691382651946, "p2": 0.5467892002101361}, "datetime": {"datetime": "2021-04-23 03:17:30", "elapsed": 9232.205705, "delta": 0.237216}}
{"target": -8506.184976953358, "params": {"inf_icu_rate": 0.0168691382651946, "p2": 0.5467892002101361}, "datetime": {"datetime": "2021-04-23 03:17:30", "elapsed": 9232.466201, "delta": 0.260496}}
{"target": -8506.184976953358, "params": {"inf_icu_rate": 0.0168691382651946, "p2": 0.5467892002101361}, "datetime": {"datetime": "2021-04-23 03:17:30", "elapsed": 9232.704193, "delta": 0.237992}}
{"target": -8506.184976953358, "params": {"inf_icu_rate": 0.0168691382651946, "p2": 0.5467892002101361}, "datetime": {"datetime": "2021-04-23 03:17:30", "elapsed": 9232.946264, "delta": 0.242071}}
{"target": -8506.184976953358, "params": {"inf_icu_rate": 0.0168691382651946, "p2": 0.5467892002101361}, "datetime": {"datetime": "2021-04-23 03:17:31", "elapsed": 9233.18806, "delta": 0.241796}}
{"target": -8506.184976953358, "params": {"inf_icu_rate": 0.0168691382651946, "p2": 0.5467892002101361}, "datetime": {"datetime": "2021-04-23 03:17:31", "elapsed": 9233.432722, "delta": 0.244662}}
{"target": -8506.184976953358, "params": {"inf_icu_rate": 0.0168691382651946, "p2": 0.5467892002101361}, "datetime": {"datetime": "2021-04-23 03:17:31", "elapsed": 9233.727561, "delta": 0.294839}}
