{"target": -35268.646070470335, "params": {"inf_icu_rate": 0.01784683617869781, "p2": 0.7203244934421581}, "datetime": {"datetime": "2020-11-29 10:52:11", "elapsed": 0.0, "delta": 0.0}}
{"target": -2433.717782750365, "params": {"inf_icu_rate": 0.0020043462430591056, "p2": 0.30233257263183977}, "datetime": {"datetime": "2020-11-29 10:53:47", "elapsed": 96.336914, "delta": 96.336914}}
{"target": -7228.439217501091, "params": {"inf_icu_rate": 0.007576723851050296, "p2": 0.0923385947687978}, "datetime": {"datetime": "2020-11-29 10:55:26", "elapsed": 195.375545, "delta": 99.038631}}
{"target": -14363.269286511217, "params": {"inf_icu_rate": 0.009077888032351494, "p2": 0.34556072704304774}, "datetime": {"datetime": "2020-11-29 10:57:01", "elapsed": 290.749515, "delta": 95.37397}}
{"target": -31470.713496164684, "params": {"inf_icu_rate": 0.017077164020765458, "p2": 0.538816734003357}, "datetime": {"datetime": "2020-11-29 10:58:35", "elapsed": 384.522067, "delta": 93.772552}}
{"target": -34941.36773006051, "params": {"inf_icu_rate": 0.017929391547325202, "p2": 0.6852195003967595}, "datetime": {"datetime": "2020-11-29 11:00:08", "elapsed": 477.338608, "delta": 92.816541}}
{"target": -20574.645218483343, "params": {"inf_icu_rate": 0.009769185489797662, "p2": 0.8781174363909454}, "datetime": {"datetime": "2020-11-29 11:01:40", "elapsed": 569.357533, "delta": 92.018925}}
{"target": -5253.658290146912, "params": {"inf_icu_rate": 0.003040728541521194, "p2": 0.6704675101784022}, "datetime": {"datetime": "2020-11-29 11:03:14", "elapsed": 662.930155, "delta": 93.572622}}
{"target": -33041.154142067964, "params": {"inf_icu_rate": 0.017857582489950827, "p2": 0.5586898284457517}, "datetime": {"datetime": "2020-11-29 11:04:48", "elapsed": 757.274603, "delta": 94.344448}}
{"target": -9002.628715581443, "params": {"inf_icu_rate": 0.007334703666618883, "p2": 0.1981014890848788}, "datetime": {"datetime": "2020-11-29 11:06:25", "elapsed": 854.663196, "delta": 97.388593}}
{"target": -9875.848269955904, "params": {"inf_icu_rate": 0.006965323935018637, "p2": 0.3063181231512837}, "datetime": {"datetime": "2020-11-29 11:08:02", "elapsed": 951.250411, "delta": 96.587215}}
{"target": -3029.646233720728, "params": {"inf_icu_rate": 0.002438015443688273, "p2": 0.2898866077355584}, "datetime": {"datetime": "2020-11-29 11:09:38", "elapsed": 1047.651265, "delta": 96.400854}}
{"target": -2840.535884380483, "params": {"inf_icu_rate": 0.002290891886648609, "p2": 0.30177173473752794}, "datetime": {"datetime": "2020-11-29 11:11:15", "elapsed": 1144.181182, "delta": 96.529917}}
{"target": -4027.807032962045, "params": {"inf_icu_rate": 0.002409749172034558, "p2": 0.650358611367958}, "datetime": {"datetime": "2020-11-29 11:12:49", "elapsed": 1237.865986, "delta": 93.684804}}
{"target": -3019.7546609009996, "params": {"inf_icu_rate": 0.0025172055358837833, "p2": 0.25810572408614063}, "datetime": {"datetime": "2020-11-29 11:14:26", "elapsed": 1335.02527, "delta": 97.159284}}
{"target": -7444.514533165544, "params": {"inf_icu_rate": 0.007544337095361222, "p2": 0.09241335672633744}, "datetime": {"datetime": "2020-11-29 11:16:05", "elapsed": 1433.84149, "delta": 98.81622}}
{"target": -13214.160343136624, "params": {"inf_icu_rate": 0.013363952077958053, "p2": 0.07897925473564785}, "datetime": {"datetime": "2020-11-29 11:17:44", "elapsed": 1533.038248, "delta": 99.196758}}
{"target": -2291.502148272952, "params": {"inf_icu_rate": 0.002, "p2": 0.2730422422490639}, "datetime": {"datetime": "2020-11-29 11:19:21", "elapsed": 1630.554687, "delta": 97.516439}}
{"target": -45321.2832570858, "params": {"inf_icu_rate": 0.023021649829041306, "p2": 0.7020481994531945}, "datetime": {"datetime": "2020-11-29 11:20:54", "elapsed": 1723.624776, "delta": 93.070089}}
{"target": -28820.20078593126, "params": {"inf_icu_rate": 0.0200027316631487, "p2": 0.2674561997209717}, "datetime": {"datetime": "2020-11-29 11:22:31", "elapsed": 1820.381854, "delta": 96.757078}}
{"target": -35281.65114000945, "params": {"inf_icu_rate": 0.018274276364683897, "p2": 0.6545964834843768}, "datetime": {"datetime": "2020-11-29 11:24:05", "elapsed": 1913.970623, "delta": 93.588769}}
{"target": -3007.2072673187045, "params": {"inf_icu_rate": 0.0025976777517733793, "p2": 0.24037771478971692}, "datetime": {"datetime": "2020-11-29 11:25:42", "elapsed": 2011.744898, "delta": 97.774275}}
{"target": -4065.793001402964, "params": {"inf_icu_rate": 0.0034353554726466516, "p2": 0.2220462685063337}, "datetime": {"datetime": "2020-11-29 11:27:20", "elapsed": 2109.507002, "delta": 97.762104}}
{"target": -25620.102727454203, "params": {"inf_icu_rate": 0.01858589746865959, "p2": 0.23045527489698955}, "datetime": {"datetime": "2020-11-29 11:28:58", "elapsed": 2206.874839, "delta": 97.367837}}
{"target": -3171.287054196448, "params": {"inf_icu_rate": 0.002, "p2": 0.6334748745383764}, "datetime": {"datetime": "2020-11-29 11:30:31", "elapsed": 2300.509946, "delta": 93.635107}}
{"target": -7599.319226338077, "params": {"inf_icu_rate": 0.004191850580538771, "p2": 0.6151022461530385}, "datetime": {"datetime": "2020-11-29 11:32:05", "elapsed": 2394.084482, "delta": 93.574536}}
{"target": -28298.997416961327, "params": {"inf_icu_rate": 0.026280123921667245, "p2": 0.09384138714435164}, "datetime": {"datetime": "2020-11-29 11:33:43", "elapsed": 2492.777089, "delta": 98.692607}}
{"target": -39970.515267778384, "params": {"inf_icu_rate": 0.020812261082278315, "p2": 0.6231046572668637}, "datetime": {"datetime": "2020-11-29 11:35:17", "elapsed": 2586.067016, "delta": 93.289927}}
{"target": -1595.6118641851, "params": {"inf_icu_rate": 0.0022642512099531075, "p2": 0.08276909982683156}, "datetime": {"datetime": "2020-11-29 11:36:56", "elapsed": 2685.520506, "delta": 99.45349}}
{"target": -4472.966762041044, "params": {"inf_icu_rate": 0.002636656486886419, "p2": 0.5975305553905804}, "datetime": {"datetime": "2020-11-29 11:38:30", "elapsed": 2779.48682, "delta": 93.966314}}
{"target": -2336.545146476035, "params": {"inf_icu_rate": 0.0023367398039735704, "p2": 0.17527696731151066}, "datetime": {"datetime": "2020-11-29 11:40:08", "elapsed": 2877.483005, "delta": 97.996185}}
{"target": -24106.95416937818, "params": {"inf_icu_rate": 0.01878584271011751, "p2": 0.1775186885502178}, "datetime": {"datetime": "2020-11-29 11:41:46", "elapsed": 2974.950043, "delta": 97.467038}}
{"target": -1940.017921809711, "params": {"inf_icu_rate": 0.002122827799600386, "p2": 0.15821269237518854}, "datetime": {"datetime": "2020-11-29 11:43:24", "elapsed": 3072.82679, "delta": 97.876747}}
{"target": -3158.7527838442384, "params": {"inf_icu_rate": 0.003329221620459165, "p2": 0.141085494290478}, "datetime": {"datetime": "2020-11-29 11:45:02", "elapsed": 3171.237783, "delta": 98.410993}}
{"target": -23284.298883978572, "params": {"inf_icu_rate": 0.019353221491450474, "p2": 0.1459773001814595}, "datetime": {"datetime": "2020-11-29 11:46:40", "elapsed": 3269.304599, "delta": 98.066816}}
{"target": -2531.2586479745355, "params": {"inf_icu_rate": 0.002770579304733848, "p2": 0.12412571711337772}, "datetime": {"datetime": "2020-11-29 11:48:18", "elapsed": 3367.504382, "delta": 98.199783}}
{"target": -2729.3301758911653, "params": {"inf_icu_rate": 0.002, "p2": 0.39250039607836085}, "datetime": {"datetime": "2020-11-29 11:49:54", "elapsed": 3463.285499, "delta": 95.781117}}
{"target": -5162.021884920342, "params": {"inf_icu_rate": 0.003437465943747893, "p2": 0.4092232774861455}, "datetime": {"datetime": "2020-11-29 11:51:29", "elapsed": 3558.313848, "delta": 95.028349}}
{"target": -30465.50822138663, "params": {"inf_icu_rate": 0.018584634863550033, "p2": 0.3971461915976732}, "datetime": {"datetime": "2020-11-29 11:53:05", "elapsed": 3654.022985, "delta": 95.709137}}
{"target": -3420.392527922078, "params": {"inf_icu_rate": 0.002465036554503547, "p2": 0.37539398285595504}, "datetime": {"datetime": "2020-11-29 11:54:40", "elapsed": 3749.671043, "delta": 95.648058}}
{"target": -3036.237486191548, "params": {"inf_icu_rate": 0.0021045174621915027, "p2": 0.4293695878514}, "datetime": {"datetime": "2020-11-29 11:56:15", "elapsed": 3844.574172, "delta": 94.903129}}
{"target": -29065.046246520957, "params": {"inf_icu_rate": 0.016959974502764437, "p2": 0.4377459716924508}, "datetime": {"datetime": "2020-11-29 11:57:50", "elapsed": 3939.574131, "delta": 94.999959}}
{"target": -30832.419416061315, "params": {"inf_icu_rate": 0.019160857045247427, "p2": 0.3672282083148647}, "datetime": {"datetime": "2020-11-29 11:59:28", "elapsed": 4036.941134, "delta": 97.367003}}
{"target": -32777.54753275187, "params": {"inf_icu_rate": 0.01728624034947155, "p2": 0.5941203865700345}, "datetime": {"datetime": "2020-11-29 12:01:03", "elapsed": 4131.83599, "delta": 94.894856}}
{"target": -8974.272498193637, "params": {"inf_icu_rate": 0.00731565000252238, "p2": 0.19791331885453345}, "datetime": {"datetime": "2020-11-29 12:02:40", "elapsed": 4229.441253, "delta": 97.605263}}
{"target": -89061.25929849071, "params": {"inf_icu_rate": 0.04, "p2": 1.0}, "datetime": {"datetime": "2020-11-29 12:04:11", "elapsed": 4320.333974, "delta": 90.892721}}
{"target": -82620.65461330122, "params": {"inf_icu_rate": 0.039401883394695365, "p2": 0.8050126374475269}, "datetime": {"datetime": "2020-11-29 12:05:44", "elapsed": 4412.850624, "delta": 92.51665}}
{"target": -33784.963859221854, "params": {"inf_icu_rate": 0.04, "p2": 0.0}, "datetime": {"datetime": "2020-11-29 12:07:26", "elapsed": 4515.47561, "delta": 102.624986}}
{"target": -3745.7756437757344, "params": {"inf_icu_rate": 0.002049924639520507, "p2": 0.9270466285431216}, "datetime": {"datetime": "2020-11-29 12:09:04", "elapsed": 4613.732846, "delta": 98.257236}}
{"target": -72311.36127995938, "params": {"inf_icu_rate": 0.03283344060535805, "p2": 0.9224481951390521}, "datetime": {"datetime": "2020-11-29 12:10:42", "elapsed": 4711.265648, "delta": 97.532802}}
