{"target": -3839.165066456219, "params": {"inf_icu_rate": 0.009506396084646332, "p2": 0.36016224672107905}, "datetime": {"datetime": "2020-11-29 15:22:33", "elapsed": 0.0, "delta": 0.0}}
{"target": -259.5713755538036, "params": {"inf_icu_rate": 0.002, "p2": 0.1404380253959809}, "datetime": {"datetime": "2020-11-29 15:24:20", "elapsed": 106.974705, "delta": 106.974705}}
{"target": -373.8507018584413, "params": {"inf_icu_rate": 0.0021565701782723474, "p2": 0.3642012781290715}, "datetime": {"datetime": "2020-11-29 15:26:02", "elapsed": 209.429364, "delta": 102.454659}}
{"target": -254.4628067366346, "params": {"inf_icu_rate": 0.0022112505629066463, "p2": 0.10787702661263698}, "datetime": {"datetime": "2020-11-29 15:27:45", "elapsed": 312.604605, "delta": 103.175241}}
{"target": -819.4628464838758, "params": {"inf_icu_rate": 0.002, "p2": 0.5}, "datetime": {"datetime": "2020-11-29 15:29:27", "elapsed": 414.637059, "delta": 102.032454}}
{"target": -208.83775154542363, "params": {"inf_icu_rate": 0.002, "p2": 0.20704176262519672}, "datetime": {"datetime": "2020-11-29 15:31:11", "elapsed": 518.067797, "delta": 103.430738}}
{"target": -170.87450964937636, "params": {"inf_icu_rate": 0.018115980708021673, "p2": 0.041974190202073214}, "datetime": {"datetime": "2020-11-29 15:32:57", "elapsed": 623.978045, "delta": 105.910248}}
{"target": -672.4070070481356, "params": {"inf_icu_rate": 0.015667567699543444, "p2": 0.17335481704400207}, "datetime": {"datetime": "2020-11-29 15:34:40", "elapsed": 727.230091, "delta": 103.252046}}
{"target": -181.6304984298238, "params": {"inf_icu_rate": 0.02, "p2": 0.07899003047896122}, "datetime": {"datetime": "2020-11-29 15:36:26", "elapsed": 833.808434, "delta": 106.578343}}
{"target": -660.1867947809466, "params": {"inf_icu_rate": 0.002064381431663258, "p2": 0.48161413273525816}, "datetime": {"datetime": "2020-11-29 15:38:09", "elapsed": 936.637456, "delta": 102.829022}}
{"target": -253.15823801497777, "params": {"inf_icu_rate": 0.008211508889018948, "p2": 0.01362615163525277}, "datetime": {"datetime": "2020-11-29 15:39:53", "elapsed": 1040.577304, "delta": 103.939848}}
