{"target": -2263.6752599043743, "params": {"inf_icu_rate": 0.031310184444136344, "p2": 0.01037597467970075}, "datetime": {"datetime": "2021-04-01 00:27:02", "elapsed": 0.0, "delta": 0.0}}
{"target": -9807.904512786414, "params": {"inf_icu_rate": 0.026078632927198468, "p2": 0.3744019412693059}, "datetime": {"datetime": "2021-04-01 00:29:20", "elapsed": 138.172095, "delta": 138.172095}}
{"target": -1984.1204451205483, "params": {"inf_icu_rate": 0.020943266467498438, "p2": 0.11239832276542383}, "datetime": {"datetime": "2021-04-01 00:31:40", "elapsed": 278.750844, "delta": 140.578749}}
{"target": -1733.5234282808158, "params": {"inf_icu_rate": 0.009526388860865712, "p2": 0.38026535609947937}, "datetime": {"datetime": "2021-04-01 00:33:59", "elapsed": 416.764719, "delta": 138.013875}}
{"target": -2317.1700512653756, "params": {"inf_icu_rate": 0.008426211789376347, "p2": 0.044169907087005134}, "datetime": {"datetime": "2021-04-01 00:36:19", "elapsed": 557.499811, "delta": 140.735092}}
{"target": -18737.2932033257, "params": {"inf_icu_rate": 0.028043673097976292, "p2": 0.47669667309746827}, "datetime": {"datetime": "2021-04-01 00:38:35", "elapsed": 693.347376, "delta": 135.847565}}
{"target": -2181.2489670669065, "params": {"inf_icu_rate": 0.0021500341204607493, "p2": 0.2560961316928883}, "datetime": {"datetime": "2021-04-01 00:40:54", "elapsed": 832.744675, "delta": 139.397299}}
{"target": -4729.644394494187, "params": {"inf_icu_rate": 0.03287959654278031, "p2": 0.3062630334146941}, "datetime": {"datetime": "2021-04-01 00:43:13", "elapsed": 971.388554, "delta": 138.643879}}
{"target": -1811.156964752494, "params": {"inf_icu_rate": 0.029426702062408383, "p2": 0.14593803408531658}, "datetime": {"datetime": "2021-04-01 00:45:34", "elapsed": 1112.633663, "delta": 141.245109}}
{"target": -10548.641141927883, "params": {"inf_icu_rate": 0.03687541665549185, "p2": 0.3572878916988453}, "datetime": {"datetime": "2021-04-01 00:47:53", "elapsed": 1251.17102, "delta": 138.537357}}
{"target": -2062.3710627853084, "params": {"inf_icu_rate": 0.022616685984427926, "p2": 0.07108502380076348}, "datetime": {"datetime": "2021-04-01 00:50:13", "elapsed": 1391.340216, "delta": 140.169196}}
{"target": -1982.6598466611151, "params": {"inf_icu_rate": 0.016186948881955827, "p2": 0.33706680753317264}, "datetime": {"datetime": "2021-04-01 00:52:31", "elapsed": 1529.680103, "delta": 138.339887}}
{"target": -1086.7912065382739, "params": {"inf_icu_rate": 0.01878966062807385, "p2": 0.21700699666664686}, "datetime": {"datetime": "2021-04-01 00:54:51", "elapsed": 1669.124354, "delta": 139.444251}}
{"target": -679.845377224044, "params": {"inf_icu_rate": 0.025475145181834052, "p2": 0.25656912127719544}, "datetime": {"datetime": "2021-04-01 00:57:10", "elapsed": 1808.44079, "delta": 139.316436}}
{"target": -3818.9816484268285, "params": {"inf_icu_rate": 0.02671509291339575, "p2": 0.3005194767022722}, "datetime": {"datetime": "2021-04-01 00:59:29", "elapsed": 1947.149203, "delta": 138.708413}}
{"target": -1994.3280289480747, "params": {"inf_icu_rate": 0.032598481479644364, "p2": 0.26082357619681706}, "datetime": {"datetime": "2021-04-01 01:01:48", "elapsed": 2086.370934, "delta": 139.221731}}
{"target": -1521.7823417160075, "params": {"inf_icu_rate": 0.03652865747072939, "p2": 0.15961804449427264}, "datetime": {"datetime": "2021-04-01 01:04:08", "elapsed": 2226.163439, "delta": 139.792505}}
{"target": -2283.3891006072927, "params": {"inf_icu_rate": 0.00543745527229448, "p2": 0.15035002831810168}, "datetime": {"datetime": "2021-04-01 01:06:29", "elapsed": 2367.060595, "delta": 140.897156}}
{"target": -558.5469520295449, "params": {"inf_icu_rate": 0.006331405750814891, "p2": 0.41434066315383833}, "datetime": {"datetime": "2021-04-01 01:08:46", "elapsed": 2504.447854, "delta": 137.387259}}
{"target": -1760.8245603821706, "params": {"inf_icu_rate": 0.0037820601367914907, "p2": 0.31314357415569627}, "datetime": {"datetime": "2021-04-01 01:11:05", "elapsed": 2643.174771, "delta": 138.726917}}
{"target": -10022.2304870819, "params": {"inf_icu_rate": 0.022808273924931254, "p2": 0.40964349783503434}, "datetime": {"datetime": "2021-04-01 01:13:22", "elapsed": 2780.316605, "delta": 137.141834}}
{"target": -3068.7731841244367, "params": {"inf_icu_rate": 0.009560006507794868, "p2": 0.4284251512288666}, "datetime": {"datetime": "2021-04-01 01:15:39", "elapsed": 2917.128591, "delta": 136.811986}}
{"target": -4013.1631136987385, "params": {"inf_icu_rate": 0.01536280029841934, "p2": 0.3773238457649286}, "datetime": {"datetime": "2021-04-01 01:17:57", "elapsed": 3054.873739, "delta": 137.745148}}
{"target": -5963.220186544307, "params": {"inf_icu_rate": 0.013246544861427791, "p2": 0.44196823978059313}, "datetime": {"datetime": "2021-04-01 01:20:13", "elapsed": 3191.697288, "delta": 136.823549}}
{"target": -2182.5840729178276, "params": {"inf_icu_rate": 0.014369442237625454, "p2": 0.08250794885957424}, "datetime": {"datetime": "2021-04-01 01:22:34", "elapsed": 3332.209278, "delta": 140.51199}}
{"target": -2278.456084588536, "params": {"inf_icu_rate": 0.016916111269970315, "p2": 0.04673018727932515}, "datetime": {"datetime": "2021-04-01 01:24:54", "elapsed": 3472.557589, "delta": 140.348311}}
{"target": -2059.9612603646224, "params": {"inf_icu_rate": 0.03320201499780328, "p2": 0.07557600982128193}, "datetime": {"datetime": "2021-04-01 01:27:15", "elapsed": 3612.922355, "delta": 140.364766}}
{"target": -9471.74162031609, "params": {"inf_icu_rate": 0.016596349050303584, "p2": 0.4721303561194006}, "datetime": {"datetime": "2021-04-01 01:29:31", "elapsed": 3749.083966, "delta": 136.161611}}
{"target": -1571.984615842364, "params": {"inf_icu_rate": 0.039529768046271146, "p2": 0.22815227354739204}, "datetime": {"datetime": "2021-04-01 01:31:50", "elapsed": 3888.637702, "delta": 139.553736}}
{"target": -1734.6590643572008, "params": {"inf_icu_rate": 0.03339266806602412, "p2": 0.12568706710352967}, "datetime": {"datetime": "2021-04-01 01:34:11", "elapsed": 4029.004475, "delta": 140.366773}}
{"target": -1815.9706166338867, "params": {"inf_icu_rate": 0.029423408952134217, "p2": 0.14607625158887833}, "datetime": {"datetime": "2021-04-01 01:36:31", "elapsed": 4169.387193, "delta": 140.382718}}
{"target": -1404.5937303104852, "params": {"inf_icu_rate": 0.03637301175272483, "p2": 0.19354254184833203}, "datetime": {"datetime": "2021-04-01 01:38:51", "elapsed": 4309.483299, "delta": 140.096106}}
{"target": -2168.2188608440897, "params": {"inf_icu_rate": 0.005167772042578681, "p2": 0.18697419070025767}, "datetime": {"datetime": "2021-04-01 01:41:11", "elapsed": 4449.293173, "delta": 139.809874}}
{"target": -2372.9898892559236, "params": {"inf_icu_rate": 0.002, "p2": 0.0}, "datetime": {"datetime": "2021-04-01 01:43:32", "elapsed": 4590.000095, "delta": 140.706922}}
{"target": -1952.6628228688194, "params": {"inf_icu_rate": 0.0020341480260389444, "p2": 0.35876940725683837}, "datetime": {"datetime": "2021-04-01 01:45:50", "elapsed": 4728.647435, "delta": 138.64734}}
{"target": -2880.1379464640513, "params": {"inf_icu_rate": 0.036378389475918364, "p2": 0.27559098839413476}, "datetime": {"datetime": "2021-04-01 01:48:10", "elapsed": 4868.02125, "delta": 139.373815}}
{"target": -2222.29095037095, "params": {"inf_icu_rate": 0.002296362776735809, "p2": 0.23164154274759402}, "datetime": {"datetime": "2021-04-01 01:50:30", "elapsed": 5007.761029, "delta": 139.739779}}
{"target": -2120.1738241784706, "params": {"inf_icu_rate": 0.002746919483664987, "p2": 0.2826541291502458}, "datetime": {"datetime": "2021-04-01 01:52:49", "elapsed": 5147.377039, "delta": 139.61601}}
{"target": -2112.473234231685, "params": {"inf_icu_rate": 0.03992958827934536, "p2": 0.03494043995769819}, "datetime": {"datetime": "2021-04-01 01:55:10", "elapsed": 5287.915037, "delta": 140.537998}}
{"target": -2341.7330241075433, "params": {"inf_icu_rate": 0.002010846076719052, "p2": 0.12388634508799684}, "datetime": {"datetime": "2021-04-01 01:57:30", "elapsed": 5428.233505, "delta": 140.318468}}
{"target": -1731.9553210586287, "params": {"inf_icu_rate": 0.002, "p2": 0.3979202273098331}, "datetime": {"datetime": "2021-04-01 01:59:48", "elapsed": 5566.229264, "delta": 137.995759}}
{"target": -1768.2477031597832, "params": {"inf_icu_rate": 0.039462960592480625, "p2": 0.10139942844622213}, "datetime": {"datetime": "2021-04-01 02:02:09", "elapsed": 5706.800914, "delta": 140.57165}}
{"target": -665.114698531989, "params": {"inf_icu_rate": 0.022347642844246996, "p2": 0.23860887875855366}, "datetime": {"datetime": "2021-04-01 02:04:28", "elapsed": 5846.657619, "delta": 139.856705}}
{"target": -2371.151817583608, "params": {"inf_icu_rate": 0.002, "p2": 0.022121254772426373}, "datetime": {"datetime": "2021-04-01 02:06:49", "elapsed": 5987.214852, "delta": 140.557233}}
{"target": -1534.5809953422463, "params": {"inf_icu_rate": 0.02209818883316121, "p2": 0.17368073189814906}, "datetime": {"datetime": "2021-04-01 02:09:09", "elapsed": 6127.538171, "delta": 140.323319}}
{"target": -1907.7851196296892, "params": {"inf_icu_rate": 0.0023952344099867737, "p2": 0.33515133740593595}, "datetime": {"datetime": "2021-04-01 02:11:28", "elapsed": 6266.113768, "delta": 138.575597}}
{"target": -2355.3057337446166, "params": {"inf_icu_rate": 0.0024106722318457856, "p2": 0.06726107211514754}, "datetime": {"datetime": "2021-04-01 02:13:48", "elapsed": 6406.694993, "delta": 140.581225}}
{"target": -2357.90802975231, "params": {"inf_icu_rate": 0.002, "p2": 0.09978968312236701}, "datetime": {"datetime": "2021-04-01 02:16:09", "elapsed": 6547.457897, "delta": 140.762904}}
{"target": -2258.695008324575, "params": {"inf_icu_rate": 0.00200996831294558, "p2": 0.2086835659396158}, "datetime": {"datetime": "2021-04-01 02:18:29", "elapsed": 6687.163643, "delta": 139.705746}}
{"target": -2114.1539155111436, "params": {"inf_icu_rate": 0.039806488588680515, "p2": 0.058093409221472714}, "datetime": {"datetime": "2021-04-01 02:20:50", "elapsed": 6827.840201, "delta": 140.676558}}
{"target": -1629.6309986424556, "params": {"inf_icu_rate": 0.002049090608801769, "p2": 0.41733651866536775}, "datetime": {"datetime": "2021-04-01 02:23:07", "elapsed": 6965.390304, "delta": 137.550103}}
{"target": -469.8617245449303, "params": {"inf_icu_rate": 0.03960802293021236, "p2": 0.2100713951852186}, "datetime": {"datetime": "2021-04-01 02:25:27", "elapsed": 7105.300235, "delta": 139.909931}}
{"target": -1337.7092273040755, "params": {"inf_icu_rate": 0.02182382528655228, "p2": 0.20104066491797346}, "datetime": {"datetime": "2021-04-01 02:27:47", "elapsed": 7245.280135, "delta": 139.9799}}
{"target": -1346.506259604868, "params": {"inf_icu_rate": 0.002, "p2": 0.5}, "datetime": {"datetime": "2021-04-01 02:30:03", "elapsed": 7381.583865, "delta": 136.30373}}
{"target": -2205.5642482944963, "params": {"inf_icu_rate": 0.04, "p2": 0.0}, "datetime": {"datetime": "2021-04-01 02:32:24", "elapsed": 7522.306529, "delta": 140.722664}}
{"target": -574.660087131247, "params": {"inf_icu_rate": 0.016358420157369376, "p2": 0.27015501863429364}, "datetime": {"datetime": "2021-04-01 02:34:44", "elapsed": 7662.004057, "delta": 139.697528}}
{"target": -2311.1114392363424, "params": {"inf_icu_rate": 0.002, "p2": 0.16847361220980986}, "datetime": {"datetime": "2021-04-01 02:37:04", "elapsed": 7802.123961, "delta": 140.119904}}
{"target": -1178.755761649663, "params": {"inf_icu_rate": 0.03978597592663521, "p2": 0.17804290443217397}, "datetime": {"datetime": "2021-04-01 02:39:24", "elapsed": 7942.380421, "delta": 140.25646}}
{"target": -2335.1861108264875, "params": {"inf_icu_rate": 0.019327472734238182, "p2": 3.7706322623676236e-05}, "datetime": {"datetime": "2021-04-01 02:41:45", "elapsed": 8083.092186, "delta": 140.711765}}
{"target": -1727.9381488160118, "params": {"inf_icu_rate": 0.0022893219623732865, "p2": 0.3723556795189802}, "datetime": {"datetime": "2021-04-01 02:44:03", "elapsed": 8221.375916, "delta": 138.28373}}
{"target": -2243.4481132739575, "params": {"inf_icu_rate": 0.021620682626378583, "p2": 0.027535199105043484}, "datetime": {"datetime": "2021-04-01 02:46:24", "elapsed": 8361.947183, "delta": 140.571267}}
{"target": -2055.4196029165764, "params": {"inf_icu_rate": 0.04, "p2": 0.2451943318915942}, "datetime": {"datetime": "2021-04-01 02:48:44", "elapsed": 8501.757508, "delta": 139.810325}}
{"target": -1330.3756071107152, "params": {"inf_icu_rate": 0.002073516207014294, "p2": 0.48179195536898173}, "datetime": {"datetime": "2021-04-01 02:51:00", "elapsed": 8638.281142, "delta": 136.523634}}
{"target": -1385.6685888328814, "params": {"inf_icu_rate": 0.002126129436301658, "p2": 0.46312969491630146}, "datetime": {"datetime": "2021-04-01 02:53:17", "elapsed": 8774.995697, "delta": 136.714555}}
{"target": -1006.4762090795082, "params": {"inf_icu_rate": 0.015162298011255824, "p2": 0.24958146954152058}, "datetime": {"datetime": "2021-04-01 02:55:36", "elapsed": 8914.559139, "delta": 139.563442}}
{"target": -1684.0633693314062, "params": {"inf_icu_rate": 0.016149878281004726, "p2": 0.33701722885809493}, "datetime": {"datetime": "2021-04-01 02:57:55", "elapsed": 9053.186211, "delta": 138.627072}}
{"target": -1396.0986513034077, "params": {"inf_icu_rate": 0.03961037322211596, "p2": 0.139565894078708}, "datetime": {"datetime": "2021-04-01 03:00:15", "elapsed": 9193.663287, "delta": 140.477076}}
{"target": -416.3803486728522, "params": {"inf_icu_rate": 0.030686118819484562, "p2": 0.21655808322737638}, "datetime": {"datetime": "2021-04-01 03:02:35", "elapsed": 9333.707573, "delta": 140.044286}}
{"target": -949.9019233709778, "params": {"inf_icu_rate": 0.017166122056340317, "p2": 0.3221255897560173}, "datetime": {"datetime": "2021-04-01 03:04:55", "elapsed": 9472.94941, "delta": 139.241837}}
{"target": -2073.2784752079924, "params": {"inf_icu_rate": 0.016537515710915295, "p2": 0.13284130242366032}, "datetime": {"datetime": "2021-04-01 03:07:15", "elapsed": 9613.519758, "delta": 140.570348}}
{"target": -2049.037651741732, "params": {"inf_icu_rate": 0.02451790785509214, "p2": 0.09557227714078892}, "datetime": {"datetime": "2021-04-01 03:09:36", "elapsed": 9754.11363, "delta": 140.593872}}
{"target": -353.6901965544792, "params": {"inf_icu_rate": 0.018330406873779046, "p2": 0.2816865570694156}, "datetime": {"datetime": "2021-04-01 03:11:55", "elapsed": 9893.683063, "delta": 139.569433}}
{"target": -362.481264204281, "params": {"inf_icu_rate": 0.024995044503948564, "p2": 0.22677404494259606}, "datetime": {"datetime": "2021-04-01 03:14:15", "elapsed": 10033.623734, "delta": 139.940671}}
{"target": -1248.879532318986, "params": {"inf_icu_rate": 0.008645972738299057, "p2": 0.29673306798935917}, "datetime": {"datetime": "2021-04-01 03:16:35", "elapsed": 10173.030144, "delta": 139.40641}}
{"target": -1242.6627564631492, "params": {"inf_icu_rate": 0.039778062796611904, "p2": 0.11476096622187032}, "datetime": {"datetime": "2021-04-01 03:18:55", "elapsed": 10313.405472, "delta": 140.375328}}
{"target": -637.2379030982922, "params": {"inf_icu_rate": 0.03152583584449382, "p2": 0.20666820581808387}, "datetime": {"datetime": "2021-04-01 03:21:15", "elapsed": 10453.603573, "delta": 140.198101}}
{"target": -878.4271799100579, "params": {"inf_icu_rate": 0.023058683357460565, "p2": 0.27416735600100883}, "datetime": {"datetime": "2021-04-01 03:23:35", "elapsed": 10593.688807, "delta": 140.085234}}
{"target": -1615.5635942706122, "params": {"inf_icu_rate": 0.016321969403718672, "p2": 0.22980149121219828}, "datetime": {"datetime": "2021-04-01 03:25:56", "elapsed": 10734.228029, "delta": 140.539222}}
{"target": -648.760990182756, "params": {"inf_icu_rate": 0.027400892606080182, "p2": 0.2463670444591281}, "datetime": {"datetime": "2021-04-01 03:28:16", "elapsed": 10874.297502, "delta": 140.069473}}
{"target": -1673.777330006999, "params": {"inf_icu_rate": 0.018778296353399886, "p2": 0.16027147136539366}, "datetime": {"datetime": "2021-04-01 03:30:36", "elapsed": 11014.65006, "delta": 140.352558}}
{"target": -703.4013028543116, "params": {"inf_icu_rate": 0.016947698504560595, "p2": 0.2605639407369477}, "datetime": {"datetime": "2021-04-01 03:32:57", "elapsed": 11154.797087, "delta": 140.147027}}
{"target": -849.0939625482234, "params": {"inf_icu_rate": 0.029696048512705044, "p2": 0.2340787814420435}, "datetime": {"datetime": "2021-04-01 03:35:17", "elapsed": 11295.068563, "delta": 140.271476}}
{"target": -1659.7170623694703, "params": {"inf_icu_rate": 0.002243030550738176, "p2": 0.3839884723135776}, "datetime": {"datetime": "2021-04-01 03:37:35", "elapsed": 11433.15765, "delta": 138.089087}}
{"target": -576.642282553137, "params": {"inf_icu_rate": 0.013694924237115474, "p2": 0.27854030651762857}, "datetime": {"datetime": "2021-04-01 03:39:54", "elapsed": 11572.695414, "delta": 139.537764}}
{"target": -525.3665442214673, "params": {"inf_icu_rate": 0.009914382786708883, "p2": 0.32577322187781055}, "datetime": {"datetime": "2021-04-01 03:42:13", "elapsed": 11711.497657, "delta": 138.802243}}
{"target": -360.7547309247634, "params": {"inf_icu_rate": 0.04, "p2": 0.202867190805467}, "datetime": {"datetime": "2021-04-01 03:44:34", "elapsed": 11851.802562, "delta": 140.304905}}
{"target": -867.1350205477933, "params": {"inf_icu_rate": 0.01408896234427342, "p2": 0.2871796938568946}, "datetime": {"datetime": "2021-04-01 03:46:53", "elapsed": 11991.610696, "delta": 139.808134}}
{"target": -2182.0840814530516, "params": {"inf_icu_rate": 0.03988311598182527, "p2": 0.019285203701078557}, "datetime": {"datetime": "2021-04-01 03:49:14", "elapsed": 12132.459828, "delta": 140.849132}}
{"target": -1443.9923824716757, "params": {"inf_icu_rate": 0.002, "p2": 0.4721015124108364}, "datetime": {"datetime": "2021-04-01 03:51:31", "elapsed": 12269.549415, "delta": 137.089587}}
{"target": -354.2870875162636, "params": {"inf_icu_rate": 0.029846286147851717, "p2": 0.22242670005444298}, "datetime": {"datetime": "2021-04-01 03:53:51", "elapsed": 12409.700286, "delta": 140.150871}}
{"target": -1611.2304548154914, "params": {"inf_icu_rate": 0.0021811265562773573, "p2": 0.40909913649857643}, "datetime": {"datetime": "2021-04-01 03:56:09", "elapsed": 12547.56343, "delta": 137.863144}}
{"target": -890.6827250944507, "params": {"inf_icu_rate": 0.04, "p2": 0.2157714132491552}, "datetime": {"datetime": "2021-04-01 03:58:29", "elapsed": 12687.597084, "delta": 140.033654}}
{"target": -1853.7375171716903, "params": {"inf_icu_rate": 0.039832317975210564, "p2": 0.08655374819943012}, "datetime": {"datetime": "2021-04-01 04:00:50", "elapsed": 12828.386089, "delta": 140.789005}}
{"target": -687.9878580223486, "params": {"inf_icu_rate": 0.02694810088631632, "p2": 0.21327399931095548}, "datetime": {"datetime": "2021-04-01 04:03:10", "elapsed": 12968.477145, "delta": 140.091056}}
{"target": -353.80741758590204, "params": {"inf_icu_rate": 0.022293562347649083, "p2": 0.2502753027953525}, "datetime": {"datetime": "2021-04-01 04:05:30", "elapsed": 13108.575551, "delta": 140.098406}}
{"target": -361.0833596686087, "params": {"inf_icu_rate": 0.027254804151421307, "p2": 0.22199317383095085}, "datetime": {"datetime": "2021-04-01 04:07:51", "elapsed": 13248.793078, "delta": 140.217527}}
{"target": -350.75798652747415, "params": {"inf_icu_rate": 0.03988365906406534, "p2": 0.20483736674436764}, "datetime": {"datetime": "2021-04-01 04:10:11", "elapsed": 13389.161754, "delta": 140.368676}}
{"target": -1687.492618910032, "params": {"inf_icu_rate": 0.02230865542136613, "p2": 0.18695040466314927}, "datetime": {"datetime": "2021-04-01 04:12:32", "elapsed": 13529.859968, "delta": 140.698214}}
{"target": -376.1307602722522, "params": {"inf_icu_rate": 0.03997007184009535, "p2": 0.1695769503560121}, "datetime": {"datetime": "2021-04-01 04:14:52", "elapsed": 13670.524911, "delta": 140.664943}}
{"target": -1616.0935222238154, "params": {"inf_icu_rate": 0.03310070131628454, "p2": 0.17041686300696268}, "datetime": {"datetime": "2021-04-01 04:17:13", "elapsed": 13811.733738, "delta": 141.208827}}
