{"target": -1900.832010391906, "params": {"inf_icu_rate": 0.031310184444136344, "p2": 0.01037597467970075}, "datetime": {"datetime": "2021-04-03 00:16:36", "elapsed": 0.0, "delta": 0.0}}
{"target": -14495.167109238146, "params": {"inf_icu_rate": 0.026078632927198468, "p2": 0.3744019412693059}, "datetime": {"datetime": "2021-04-03 00:18:53", "elapsed": 136.988281, "delta": 136.988281}}
{"target": -1730.8209093587866, "params": {"inf_icu_rate": 0.020943266467498438, "p2": 0.11239832276542383}, "datetime": {"datetime": "2021-04-03 00:21:14", "elapsed": 277.683852, "delta": 140.695571}}
{"target": -2792.297211306096, "params": {"inf_icu_rate": 0.009526388860865712, "p2": 0.38026535609947937}, "datetime": {"datetime": "2021-04-03 00:23:32", "elapsed": 415.444165, "delta": 137.760313}}
{"target": -2237.6712210964747, "params": {"inf_icu_rate": 0.008426211789376347, "p2": 0.044169907087005134}, "datetime": {"datetime": "2021-04-03 00:25:53", "elapsed": 556.527901, "delta": 141.083736}}
{"target": -25168.59680573253, "params": {"inf_icu_rate": 0.028043673097976292, "p2": 0.47669667309746827}, "datetime": {"datetime": "2021-04-03 00:28:08", "elapsed": 691.635418, "delta": 135.107517}}
{"target": -1989.5473212353206, "params": {"inf_icu_rate": 0.0021500341204607493, "p2": 0.2560961316928883}, "datetime": {"datetime": "2021-04-03 00:30:28", "elapsed": 831.639877, "delta": 140.004459}}
{"target": -12944.013657655845, "params": {"inf_icu_rate": 0.03287959654278031, "p2": 0.3062630334146941}, "datetime": {"datetime": "2021-04-03 00:32:46", "elapsed": 969.296045, "delta": 137.656168}}
{"target": -533.2893038706711, "params": {"inf_icu_rate": 0.029426702062408383, "p2": 0.14593803408531658}, "datetime": {"datetime": "2021-04-03 00:35:06", "elapsed": 1109.496513, "delta": 140.200468}}
{"target": -21826.416152243648, "params": {"inf_icu_rate": 0.03687541665549185, "p2": 0.3572878916988453}, "datetime": {"datetime": "2021-04-03 00:37:23", "elapsed": 1246.23901, "delta": 136.742497}}
{"target": -1870.2324906392587, "params": {"inf_icu_rate": 0.022616685984427926, "p2": 0.07108502380076348}, "datetime": {"datetime": "2021-04-03 00:39:46", "elapsed": 1389.20516, "delta": 142.96615}}
{"target": -5587.335514343433, "params": {"inf_icu_rate": 0.016186948881955827, "p2": 0.33706680753317264}, "datetime": {"datetime": "2021-04-03 00:42:03", "elapsed": 1526.831847, "delta": 137.626687}}
{"target": -454.09773210827393, "params": {"inf_icu_rate": 0.01878966062807385, "p2": 0.21700699666664686}, "datetime": {"datetime": "2021-04-03 00:44:23", "elapsed": 1666.673304, "delta": 139.841457}}
{"target": -5125.237268237533, "params": {"inf_icu_rate": 0.025475145181834052, "p2": 0.25656912127719544}, "datetime": {"datetime": "2021-04-03 00:46:42", "elapsed": 1805.528238, "delta": 138.854934}}
{"target": -8710.140947791655, "params": {"inf_icu_rate": 0.02671509291339575, "p2": 0.3005194767022722}, "datetime": {"datetime": "2021-04-03 00:49:00", "elapsed": 1943.813549, "delta": 138.285311}}
{"target": -6441.339048719179, "params": {"inf_icu_rate": 0.032598481479644364, "p2": 0.26082357619681706}, "datetime": {"datetime": "2021-04-03 00:51:19", "elapsed": 2082.99901, "delta": 139.185461}}
{"target": -1332.2170306833839, "params": {"inf_icu_rate": 0.03652865747072939, "p2": 0.15961804449427264}, "datetime": {"datetime": "2021-04-03 00:53:39", "elapsed": 2223.014903, "delta": 140.015893}}
{"target": -2050.845922956271, "params": {"inf_icu_rate": 0.00543745527229448, "p2": 0.15035002831810168}, "datetime": {"datetime": "2021-04-03 00:56:00", "elapsed": 2363.264039, "delta": 140.249136}}
{"target": -2004.3752563472817, "params": {"inf_icu_rate": 0.006331405750814891, "p2": 0.41434066315383833}, "datetime": {"datetime": "2021-04-03 00:58:16", "elapsed": 2499.800175, "delta": 136.536136}}
{"target": -1320.6027256513216, "params": {"inf_icu_rate": 0.0037820601367914907, "p2": 0.31314357415569627}, "datetime": {"datetime": "2021-04-03 01:00:34", "elapsed": 2638.074156, "delta": 138.273981}}
{"target": -14741.143684056768, "params": {"inf_icu_rate": 0.022808273924931254, "p2": 0.40964349783503434}, "datetime": {"datetime": "2021-04-03 01:02:51", "elapsed": 2774.27481, "delta": 136.200654}}
{"target": -4277.267321444676, "params": {"inf_icu_rate": 0.009560006507794868, "p2": 0.4284251512288666}, "datetime": {"datetime": "2021-04-03 01:05:07", "elapsed": 2910.845441, "delta": 136.570631}}
{"target": -7282.601992210045, "params": {"inf_icu_rate": 0.01536280029841934, "p2": 0.3773238457649286}, "datetime": {"datetime": "2021-04-03 01:07:24", "elapsed": 3048.009676, "delta": 137.164235}}
{"target": -8094.093156768147, "params": {"inf_icu_rate": 0.013246544861427791, "p2": 0.44196823978059313}, "datetime": {"datetime": "2021-04-03 01:09:41", "elapsed": 3184.140352, "delta": 136.130676}}
{"target": -2059.9827305629983, "params": {"inf_icu_rate": 0.014369442237625454, "p2": 0.08250794885957424}, "datetime": {"datetime": "2021-04-03 01:12:01", "elapsed": 3324.745019, "delta": 140.604667}}
{"target": -2087.123883499761, "params": {"inf_icu_rate": 0.016916111269970315, "p2": 0.04673018727932515}, "datetime": {"datetime": "2021-04-03 01:14:22", "elapsed": 3465.538734, "delta": 140.793715}}
{"target": -1546.7434616864427, "params": {"inf_icu_rate": 0.03320201499780328, "p2": 0.07557600982128193}, "datetime": {"datetime": "2021-04-03 01:16:44", "elapsed": 3607.086857, "delta": 141.548123}}
{"target": -12810.845786670667, "params": {"inf_icu_rate": 0.016596349050303584, "p2": 0.4721303561194006}, "datetime": {"datetime": "2021-04-03 01:19:00", "elapsed": 3743.535196, "delta": 136.448339}}
{"target": -6303.544028603881, "params": {"inf_icu_rate": 0.039529768046271146, "p2": 0.22815227354739204}, "datetime": {"datetime": "2021-04-03 01:21:19", "elapsed": 3883.026061, "delta": 139.490865}}
{"target": -604.9827855723162, "params": {"inf_icu_rate": 0.03339266806602412, "p2": 0.12568706710352967}, "datetime": {"datetime": "2021-04-03 01:23:40", "elapsed": 4023.237562, "delta": 140.211501}}
{"target": -1013.5849177929063, "params": {"inf_icu_rate": 0.029423408952134217, "p2": 0.14607625158887833}, "datetime": {"datetime": "2021-04-03 01:26:00", "elapsed": 4163.630437, "delta": 140.392875}}
{"target": -2171.481570829107, "params": {"inf_icu_rate": 0.002, "p2": 0.1905491522706076}, "datetime": {"datetime": "2021-04-03 01:28:20", "elapsed": 4303.756478, "delta": 140.126041}}
{"target": -2353.509122703263, "params": {"inf_icu_rate": 0.002, "p2": 0.0}, "datetime": {"datetime": "2021-04-03 01:30:41", "elapsed": 4444.686954, "delta": 140.930476}}
{"target": -2550.046749405695, "params": {"inf_icu_rate": 0.036015386834848666, "p2": 0.19163296101441318}, "datetime": {"datetime": "2021-04-03 01:33:01", "elapsed": 4584.674108, "delta": 139.987154}}
{"target": -2059.1807534486065, "params": {"inf_icu_rate": 0.00236397693299881, "p2": 0.22509800785028888}, "datetime": {"datetime": "2021-04-03 01:35:21", "elapsed": 4724.414487, "delta": 139.740379}}
{"target": -1902.2619379203616, "params": {"inf_icu_rate": 0.0022327559162837783, "p2": 0.28612815057417756}, "datetime": {"datetime": "2021-04-03 01:37:40", "elapsed": 4863.462047, "delta": 139.04756}}
{"target": -1651.6730788777634, "params": {"inf_icu_rate": 0.002, "p2": 0.35509016549651223}, "datetime": {"datetime": "2021-04-03 01:39:58", "elapsed": 5001.269512, "delta": 137.807465}}
{"target": -1643.2303018455273, "params": {"inf_icu_rate": 0.03997794105856654, "p2": 0.038443286509968866}, "datetime": {"datetime": "2021-04-03 01:42:19", "elapsed": 5142.104499, "delta": 140.834987}}
{"target": -1115.333258039503, "params": {"inf_icu_rate": 0.03939081172484281, "p2": 0.1007119746908518}, "datetime": {"datetime": "2021-04-03 01:44:39", "elapsed": 5282.83205, "delta": 140.727551}}
{"target": -2295.681191550854, "params": {"inf_icu_rate": 0.002, "p2": 0.1234373531573556}, "datetime": {"datetime": "2021-04-03 01:47:00", "elapsed": 5423.344603, "delta": 140.512553}}
{"target": -1522.4080180009648, "params": {"inf_icu_rate": 0.002, "p2": 0.3941657726416923}, "datetime": {"datetime": "2021-04-03 01:49:17", "elapsed": 5560.731615, "delta": 137.387012}}
{"target": -2348.520599635617, "params": {"inf_icu_rate": 0.002, "p2": 0.021837454789736872}, "datetime": {"datetime": "2021-04-03 01:51:38", "elapsed": 5701.871349, "delta": 141.139734}}
{"target": -845.5715690136935, "params": {"inf_icu_rate": 0.018168607820894536, "p2": 0.17303920966890596}, "datetime": {"datetime": "2021-04-03 01:53:58", "elapsed": 5842.001133, "delta": 140.129784}}
{"target": -1718.9943926058359, "params": {"inf_icu_rate": 0.00204735624333253, "p2": 0.329925953580929}, "datetime": {"datetime": "2021-04-03 01:56:17", "elapsed": 5980.187439, "delta": 138.186306}}
{"target": -1832.722551263409, "params": {"inf_icu_rate": 0.04, "p2": 0.0}, "datetime": {"datetime": "2021-04-03 01:58:39", "elapsed": 6122.285009, "delta": 142.09757}}
{"target": -2350.2560858244005, "params": {"inf_icu_rate": 0.002, "p2": 0.06682260512714376}, "datetime": {"datetime": "2021-04-03 02:01:00", "elapsed": 6263.478067, "delta": 141.193058}}
{"target": -1138.0973298675951, "params": {"inf_icu_rate": 0.002, "p2": 0.5}, "datetime": {"datetime": "2021-04-03 02:03:16", "elapsed": 6399.322885, "delta": 135.844818}}
{"target": -1212.694149978615, "params": {"inf_icu_rate": 0.0020549464366892683, "p2": 0.4682293893616293}, "datetime": {"datetime": "2021-04-03 02:05:32", "elapsed": 6535.500264, "delta": 136.177379}}
{"target": -690.3621271659297, "params": {"inf_icu_rate": 0.017229007359958047, "p2": 0.20045124669344627}, "datetime": {"datetime": "2021-04-03 02:07:52", "elapsed": 6675.687487, "delta": 140.187223}}
{"target": -1649.4628252822072, "params": {"inf_icu_rate": 0.04, "p2": 0.058536985496332}, "datetime": {"datetime": "2021-04-03 02:10:13", "elapsed": 6816.809518, "delta": 141.122031}}
{"target": -826.0164712709687, "params": {"inf_icu_rate": 0.04, "p2": 0.13831202377545063}, "datetime": {"datetime": "2021-04-03 02:12:34", "elapsed": 6957.577967, "delta": 140.768449}}
{"target": -1552.7062636501746, "params": {"inf_icu_rate": 0.002154295028853578, "p2": 0.37116674514583115}, "datetime": {"datetime": "2021-04-03 02:14:52", "elapsed": 7095.335133, "delta": 137.757166}}
{"target": -2296.2901471879445, "params": {"inf_icu_rate": 0.0026658103385246473, "p2": 0.09770569846030486}, "datetime": {"datetime": "2021-04-03 02:17:12", "elapsed": 7236.03019, "delta": 140.695057}}
{"target": -1264.9851408940808, "params": {"inf_icu_rate": 0.0022036212233709097, "p2": 0.43296339239017034}, "datetime": {"datetime": "2021-04-03 02:19:30", "elapsed": 7373.747434, "delta": 137.717244}}
{"target": -2111.6606030263506, "params": {"inf_icu_rate": 0.020283706248984575, "p2": 0.0}, "datetime": {"datetime": "2021-04-03 02:21:51", "elapsed": 7514.817074, "delta": 141.06964}}
{"target": -1113.9688015980446, "params": {"inf_icu_rate": 0.04, "p2": 0.1168264721021601}, "datetime": {"datetime": "2021-04-03 02:24:12", "elapsed": 7655.571833, "delta": 140.754759}}
{"target": -2201.555453493491, "params": {"inf_icu_rate": 0.002, "p2": 0.16929817011801276}, "datetime": {"datetime": "2021-04-03 02:26:33", "elapsed": 7796.588221, "delta": 141.016388}}
{"target": -1080.841492332251, "params": {"inf_icu_rate": 0.0022408415298469874, "p2": 0.48516387842510245}, "datetime": {"datetime": "2021-04-03 02:28:49", "elapsed": 7932.687545, "delta": 136.099324}}
{"target": -1884.3195548523875, "params": {"inf_icu_rate": 0.004289479388129553, "p2": 0.20946547437435303}, "datetime": {"datetime": "2021-04-03 02:31:09", "elapsed": 8072.622092, "delta": 139.934547}}
{"target": -1365.2723801323436, "params": {"inf_icu_rate": 0.0020938573549871375, "p2": 0.4193739603543517}, "datetime": {"datetime": "2021-04-03 02:33:26", "elapsed": 8209.467117, "delta": 136.845025}}
{"target": -1580.0806000564005, "params": {"inf_icu_rate": 0.019223877526724227, "p2": 0.13350323199832256}, "datetime": {"datetime": "2021-04-03 02:35:47", "elapsed": 8350.159275, "delta": 140.692158}}
{"target": -2016.5819649999744, "params": {"inf_icu_rate": 0.022474603110086682, "p2": 0.027570495740996223}, "datetime": {"datetime": "2021-04-03 02:38:08", "elapsed": 8492.035636, "delta": 141.876361}}
{"target": -1041.920150871858, "params": {"inf_icu_rate": 0.020717300928006284, "p2": 0.15925438433336417}, "datetime": {"datetime": "2021-04-03 02:40:29", "elapsed": 8632.351018, "delta": 140.315382}}
{"target": -427.0342547273196, "params": {"inf_icu_rate": 0.01984497120971594, "p2": 0.18633018449566344}, "datetime": {"datetime": "2021-04-03 02:42:49", "elapsed": 8772.47052, "delta": 140.119502}}
{"target": -1059.426390075013, "params": {"inf_icu_rate": 0.03976105317006592, "p2": 0.08727827597182913}, "datetime": {"datetime": "2021-04-03 02:45:10", "elapsed": 8913.157846, "delta": 140.687326}}
{"target": -1693.2000434042902, "params": {"inf_icu_rate": 0.039983045221469914, "p2": 0.022996763417554134}, "datetime": {"datetime": "2021-04-03 02:47:31", "elapsed": 9054.340769, "delta": 141.182923}}
{"target": -1887.5967479239216, "params": {"inf_icu_rate": 0.0020056885616888875, "p2": 0.3004398855058461}, "datetime": {"datetime": "2021-04-03 02:49:50", "elapsed": 9193.251645, "delta": 138.910876}}
{"target": -413.4160471284293, "params": {"inf_icu_rate": 0.014019435490174016, "p2": 0.23295462168897757}, "datetime": {"datetime": "2021-04-03 02:52:09", "elapsed": 9332.941176, "delta": 139.689531}}
{"target": -1652.134557332343, "params": {"inf_icu_rate": 0.03001184060876347, "p2": 0.17519062929627005}, "datetime": {"datetime": "2021-04-03 02:54:29", "elapsed": 9473.07548, "delta": 140.134304}}
{"target": -2287.487465064838, "params": {"inf_icu_rate": 0.0026771181222222757, "p2": 0.09776217645822566}, "datetime": {"datetime": "2021-04-03 02:56:50", "elapsed": 9613.819462, "delta": 140.743982}}
{"target": -1878.4047702182409, "params": {"inf_icu_rate": 0.003057896160102688, "p2": 0.2409615255151149}, "datetime": {"datetime": "2021-04-03 02:59:11", "elapsed": 9754.097543, "delta": 140.278081}}
{"target": -1665.798063631958, "params": {"inf_icu_rate": 0.027629833163160686, "p2": 0.0954184037490518}, "datetime": {"datetime": "2021-04-03 03:01:32", "elapsed": 9895.23339, "delta": 141.135847}}
{"target": -438.4712707697752, "params": {"inf_icu_rate": 0.014796390390374684, "p2": 0.2231655280552025}, "datetime": {"datetime": "2021-04-03 03:03:52", "elapsed": 10035.087805, "delta": 139.854415}}
{"target": -656.760427078864, "params": {"inf_icu_rate": 0.022290582231874044, "p2": 0.20820338456024146}, "datetime": {"datetime": "2021-04-03 03:06:12", "elapsed": 10176.076641, "delta": 140.988836}}
{"target": -1513.6384159075103, "params": {"inf_icu_rate": 0.0020253416601743197, "p2": 0.38194713050061274}, "datetime": {"datetime": "2021-04-03 03:08:30", "elapsed": 10313.654405, "delta": 137.577764}}
{"target": -1283.4337069470066, "params": {"inf_icu_rate": 0.0021629131930474034, "p2": 0.4530386455397747}, "datetime": {"datetime": "2021-04-03 03:10:47", "elapsed": 10450.545786, "delta": 136.891381}}
{"target": -685.0970492862548, "params": {"inf_icu_rate": 0.04, "p2": 0.12932659582454914}, "datetime": {"datetime": "2021-04-03 03:13:08", "elapsed": 10591.466776, "delta": 140.92099}}
{"target": -624.7701154868893, "params": {"inf_icu_rate": 0.04, "p2": 0.1481776844312611}, "datetime": {"datetime": "2021-04-03 03:15:29", "elapsed": 10732.15378, "delta": 140.687004}}
{"target": -907.0988205465112, "params": {"inf_icu_rate": 0.014469835310694725, "p2": 0.18522516493969565}, "datetime": {"datetime": "2021-04-03 03:17:49", "elapsed": 10872.444062, "delta": 140.290282}}
{"target": -447.7467266316061, "params": {"inf_icu_rate": 0.015036418936215722, "p2": 0.21307895753506337}, "datetime": {"datetime": "2021-04-03 03:20:09", "elapsed": 11012.357912, "delta": 139.91385}}
{"target": -436.81789618909545, "params": {"inf_icu_rate": 0.01757398316763356, "p2": 0.22621747960759436}, "datetime": {"datetime": "2021-04-03 03:22:29", "elapsed": 11152.581321, "delta": 140.223409}}
{"target": -429.7334746930547, "params": {"inf_icu_rate": 0.021500976140243315, "p2": 0.19455494456555406}, "datetime": {"datetime": "2021-04-03 03:24:49", "elapsed": 11292.917286, "delta": 140.335965}}
{"target": -635.0534666435664, "params": {"inf_icu_rate": 0.03166649257793379, "p2": 0.13632739449017267}, "datetime": {"datetime": "2021-04-03 03:27:10", "elapsed": 11433.752936, "delta": 140.83565}}
{"target": -1418.9881483496804, "params": {"inf_icu_rate": 0.0020649012920254907, "p2": 0.40684991144423943}, "datetime": {"datetime": "2021-04-03 03:29:28", "elapsed": 11571.422085, "delta": 137.669149}}
{"target": -422.1686844502742, "params": {"inf_icu_rate": 0.014010706338684094, "p2": 0.22148074299705}, "datetime": {"datetime": "2021-04-03 03:31:48", "elapsed": 11711.428399, "delta": 140.006314}}
{"target": -1970.2464027277044, "params": {"inf_icu_rate": 0.0021339785937862454, "p2": 0.2722344134501481}, "datetime": {"datetime": "2021-04-03 03:34:08", "elapsed": 11851.168184, "delta": 139.739785}}
{"target": -540.8453809025782, "params": {"inf_icu_rate": 0.015914520207888472, "p2": 0.19584432145165181}, "datetime": {"datetime": "2021-04-03 03:36:29", "elapsed": 11992.364965, "delta": 141.196781}}
{"target": -490.6080120047507, "params": {"inf_icu_rate": 0.016522176028527784, "p2": 0.20776506074040602}, "datetime": {"datetime": "2021-04-03 03:38:49", "elapsed": 12132.684844, "delta": 140.319879}}
{"target": -445.7595735001149, "params": {"inf_icu_rate": 0.013508144704018246, "p2": 0.22869790038780152}, "datetime": {"datetime": "2021-04-03 03:41:10", "elapsed": 12273.599033, "delta": 140.914189}}
{"target": -788.6852831284625, "params": {"inf_icu_rate": 0.019096248460447055, "p2": 0.21972827330127864}, "datetime": {"datetime": "2021-04-03 03:43:30", "elapsed": 12413.771495, "delta": 140.172462}}
{"target": -793.499401173253, "params": {"inf_icu_rate": 0.022887256543224647, "p2": 0.20096201897461363}, "datetime": {"datetime": "2021-04-03 03:45:51", "elapsed": 12554.167197, "delta": 140.395702}}
{"target": -510.44248559622196, "params": {"inf_icu_rate": 0.021993604364685636, "p2": 0.18848166802552271}, "datetime": {"datetime": "2021-04-03 03:48:11", "elapsed": 12694.607872, "delta": 140.440675}}
{"target": -518.1565313236529, "params": {"inf_icu_rate": 0.015090817702993293, "p2": 0.23481505562839516}, "datetime": {"datetime": "2021-04-03 03:50:31", "elapsed": 12834.540889, "delta": 139.933017}}
{"target": -1697.6345033283264, "params": {"inf_icu_rate": 0.0020530988103822814, "p2": 0.34199261296860956}, "datetime": {"datetime": "2021-04-03 03:52:49", "elapsed": 12972.802907, "delta": 138.262018}}
{"target": -524.9637004018352, "params": {"inf_icu_rate": 0.04, "p2": 0.14290843317567153}, "datetime": {"datetime": "2021-04-03 03:55:10", "elapsed": 13113.736475, "delta": 140.933568}}
{"target": -1398.6156929462688, "params": {"inf_icu_rate": 0.03981512707991244, "p2": 0.07195364968379897}, "datetime": {"datetime": "2021-04-03 03:57:32", "elapsed": 13255.198022, "delta": 141.461547}}
{"target": -505.68632953349805, "params": {"inf_icu_rate": 0.012951940817573048, "p2": 0.22744222374374398}, "datetime": {"datetime": "2021-04-03 03:59:52", "elapsed": 13395.431352, "delta": 140.23333}}
{"target": -763.7743561369736, "params": {"inf_icu_rate": 0.029703400979084242, "p2": 0.12310566381291843}, "datetime": {"datetime": "2021-04-03 04:02:13", "elapsed": 13536.454495, "delta": 141.023143}}
{"target": -625.7088588580498, "params": {"inf_icu_rate": 0.014453496516572783, "p2": 0.21555071919065036}, "datetime": {"datetime": "2021-04-03 04:04:33", "elapsed": 13676.739781, "delta": 140.285286}}
{"target": -957.8007770282893, "params": {"inf_icu_rate": 0.03379524245280113, "p2": 0.1329614589819889}, "datetime": {"datetime": "2021-04-03 04:06:54", "elapsed": 13817.981199, "delta": 141.241418}}
