{"target": -2263.6752599043743, "params": {"inf_icu_rate": 0.031310184444136344, "p2": 0.01037597467970075}, "datetime": {"datetime": "2021-04-01 04:19:34", "elapsed": 0.0, "delta": 0.0}}
{"target": -5929.852557687005, "params": {"inf_icu_rate": 0.026078632927198468, "p2": 0.3744019412693059}, "datetime": {"datetime": "2021-04-01 04:21:52", "elapsed": 138.101064, "delta": 138.101064}}
{"target": -1984.1204451205483, "params": {"inf_icu_rate": 0.020943266467498438, "p2": 0.11239832276542383}, "datetime": {"datetime": "2021-04-01 04:24:12", "elapsed": 278.389701, "delta": 140.288637}}
{"target": -885.3379171666849, "params": {"inf_icu_rate": 0.009526388860865712, "p2": 0.38026535609947937}, "datetime": {"datetime": "2021-04-01 04:26:30", "elapsed": 416.095707, "delta": 137.706006}}
{"target": -2317.1700512653756, "params": {"inf_icu_rate": 0.008426211789376347, "p2": 0.044169907087005134}, "datetime": {"datetime": "2021-04-01 04:28:50", "elapsed": 556.203461, "delta": 140.107754}}
{"target": -12236.59877445824, "params": {"inf_icu_rate": 0.028043673097976292, "p2": 0.47669667309746827}, "datetime": {"datetime": "2021-04-01 04:31:06", "elapsed": 692.246995, "delta": 136.043534}}
{"target": -2181.2489670669065, "params": {"inf_icu_rate": 0.0021500341204607493, "p2": 0.2560961316928883}, "datetime": {"datetime": "2021-04-01 04:33:26", "elapsed": 831.837782, "delta": 139.590787}}
{"target": -2352.7934144177257, "params": {"inf_icu_rate": 0.03287959654278031, "p2": 0.3062630334146941}, "datetime": {"datetime": "2021-04-01 04:35:45", "elapsed": 970.895584, "delta": 139.057802}}
{"target": -1811.156964752494, "params": {"inf_icu_rate": 0.029426702062408383, "p2": 0.14593803408531658}, "datetime": {"datetime": "2021-04-01 04:38:05", "elapsed": 1111.172636, "delta": 140.277052}}
{"target": -5374.718420693978, "params": {"inf_icu_rate": 0.03687541665549185, "p2": 0.3572878916988453}, "datetime": {"datetime": "2021-04-01 04:40:25", "elapsed": 1250.480812, "delta": 139.308176}}
{"target": -2062.3710627853084, "params": {"inf_icu_rate": 0.022616685984427926, "p2": 0.07108502380076348}, "datetime": {"datetime": "2021-04-01 04:42:45", "elapsed": 1390.661505, "delta": 140.180693}}
{"target": -948.9059979008715, "params": {"inf_icu_rate": 0.016186948881955827, "p2": 0.33706680753317264}, "datetime": {"datetime": "2021-04-01 04:45:03", "elapsed": 1529.212864, "delta": 138.551359}}
{"target": -1060.8061938651153, "params": {"inf_icu_rate": 0.01878966062807385, "p2": 0.21700699666664686}, "datetime": {"datetime": "2021-04-01 04:47:23", "elapsed": 1668.804026, "delta": 139.591162}}
{"target": -302.9638567430684, "params": {"inf_icu_rate": 0.025475145181834052, "p2": 0.25656912127719544}, "datetime": {"datetime": "2021-04-01 04:49:42", "elapsed": 1808.24165, "delta": 139.437624}}
{"target": -1873.197060146512, "params": {"inf_icu_rate": 0.02671509291339575, "p2": 0.3005194767022722}, "datetime": {"datetime": "2021-04-01 04:52:01", "elapsed": 1947.058967, "delta": 138.817317}}
{"target": -782.607550904623, "params": {"inf_icu_rate": 0.032598481479644364, "p2": 0.26082357619681706}, "datetime": {"datetime": "2021-04-01 04:54:21", "elapsed": 2086.579091, "delta": 139.520124}}
{"target": -1521.7823417160075, "params": {"inf_icu_rate": 0.03652865747072939, "p2": 0.15961804449427264}, "datetime": {"datetime": "2021-04-01 04:56:41", "elapsed": 2226.617532, "delta": 140.038441}}
{"target": -2283.3891006072927, "params": {"inf_icu_rate": 0.00543745527229448, "p2": 0.15035002831810168}, "datetime": {"datetime": "2021-04-01 04:59:01", "elapsed": 2366.859014, "delta": 140.241482}}
{"target": -399.1139403947362, "params": {"inf_icu_rate": 0.006331405750814891, "p2": 0.41434066315383833}, "datetime": {"datetime": "2021-04-01 05:01:19", "elapsed": 2504.549186, "delta": 137.690172}}
{"target": -1760.8245603821706, "params": {"inf_icu_rate": 0.0037820601367914907, "p2": 0.31314357415569627}, "datetime": {"datetime": "2021-04-01 05:03:37", "elapsed": 2643.401313, "delta": 138.852127}}
{"target": -6114.089728919787, "params": {"inf_icu_rate": 0.022808273924931254, "p2": 0.40964349783503434}, "datetime": {"datetime": "2021-04-01 05:05:55", "elapsed": 2780.666505, "delta": 137.265192}}
{"target": -1955.8364427920244, "params": {"inf_icu_rate": 0.009560006507794868, "p2": 0.4284251512288666}, "datetime": {"datetime": "2021-04-01 05:08:12", "elapsed": 2917.54987, "delta": 136.883365}}
{"target": -2255.58344550764, "params": {"inf_icu_rate": 0.01536280029841934, "p2": 0.3773238457649286}, "datetime": {"datetime": "2021-04-01 05:10:29", "elapsed": 3055.358434, "delta": 137.808564}}
{"target": -3604.671715693812, "params": {"inf_icu_rate": 0.013246544861427791, "p2": 0.44196823978059313}, "datetime": {"datetime": "2021-04-01 05:12:46", "elapsed": 3192.126542, "delta": 136.768108}}
{"target": -2182.5840729178276, "params": {"inf_icu_rate": 0.014369442237625454, "p2": 0.08250794885957424}, "datetime": {"datetime": "2021-04-01 05:15:07", "elapsed": 3332.752281, "delta": 140.625739}}
{"target": -2278.456084588536, "params": {"inf_icu_rate": 0.016916111269970315, "p2": 0.04673018727932515}, "datetime": {"datetime": "2021-04-01 05:17:27", "elapsed": 3473.068299, "delta": 140.316018}}
{"target": -2059.9612603646224, "params": {"inf_icu_rate": 0.03320201499780328, "p2": 0.07557600982128193}, "datetime": {"datetime": "2021-04-01 05:19:47", "elapsed": 3613.321915, "delta": 140.253616}}
{"target": -6035.483334395074, "params": {"inf_icu_rate": 0.016596349050303584, "p2": 0.4721303561194006}, "datetime": {"datetime": "2021-04-01 05:22:04", "elapsed": 3749.669241, "delta": 136.347326}}
{"target": -623.2999923888311, "params": {"inf_icu_rate": 0.039529768046271146, "p2": 0.22815227354739204}, "datetime": {"datetime": "2021-04-01 05:24:23", "elapsed": 3889.267855, "delta": 139.598614}}
{"target": -1734.6590643572008, "params": {"inf_icu_rate": 0.03339266806602412, "p2": 0.12568706710352967}, "datetime": {"datetime": "2021-04-01 05:26:43", "elapsed": 4029.435083, "delta": 140.167228}}
{"target": -469.1580902369759, "params": {"inf_icu_rate": 0.023527645844478473, "p2": 0.23834248535833097}, "datetime": {"datetime": "2021-04-01 05:29:04", "elapsed": 4169.857858, "delta": 140.422775}}
{"target": -1821.8153534781045, "params": {"inf_icu_rate": 0.0021559282882322893, "p2": 0.3567001670449347}, "datetime": {"datetime": "2021-04-01 05:31:22", "elapsed": 4308.02048, "delta": 138.162622}}
{"target": -604.9749995744584, "params": {"inf_icu_rate": 0.04, "p2": 0.19816844648101128}, "datetime": {"datetime": "2021-04-01 05:33:42", "elapsed": 4447.968269, "delta": 139.947789}}
{"target": -1594.6383089451367, "params": {"inf_icu_rate": 0.01750814944805993, "p2": 0.1876359754321833}, "datetime": {"datetime": "2021-04-01 05:36:02", "elapsed": 4587.91991, "delta": 139.951641}}
{"target": -1705.4812780484856, "params": {"inf_icu_rate": 0.0021817094894423564, "p2": 0.3997641216992969}, "datetime": {"datetime": "2021-04-01 05:38:21", "elapsed": 4726.711189, "delta": 138.791279}}
{"target": -638.4269599196557, "params": {"inf_icu_rate": 0.016129890971233688, "p2": 0.2772879881513656}, "datetime": {"datetime": "2021-04-01 05:40:41", "elapsed": 4866.918031, "delta": 140.206842}}
{"target": -290.57509211558335, "params": {"inf_icu_rate": 0.026493929752243003, "p2": 0.2573722507123154}, "datetime": {"datetime": "2021-04-01 05:43:01", "elapsed": 5007.31165, "delta": 140.393619}}
{"target": -2373.80556988039, "params": {"inf_icu_rate": 0.0023524660752376942, "p2": 6.474958107066664e-05}, "datetime": {"datetime": "2021-04-01 05:45:22", "elapsed": 5148.057293, "delta": 140.745643}}
{"target": -702.7097372110361, "params": {"inf_icu_rate": 0.039965964466329475, "p2": 0.18108727517028772}, "datetime": {"datetime": "2021-04-01 05:47:42", "elapsed": 5288.183984, "delta": 140.126691}}
{"target": -2221.8371078491323, "params": {"inf_icu_rate": 0.0022206482241073984, "p2": 0.22872646682317505}, "datetime": {"datetime": "2021-04-01 05:50:02", "elapsed": 5428.218942, "delta": 140.034958}}
{"target": -1561.94858422599, "params": {"inf_icu_rate": 0.033364527620650265, "p2": 0.12535606040890568}, "datetime": {"datetime": "2021-04-01 05:52:22", "elapsed": 5568.329976, "delta": 140.111034}}
{"target": -817.4836910270377, "params": {"inf_icu_rate": 0.032542951958150566, "p2": 0.26096456779634264}, "datetime": {"datetime": "2021-04-01 05:54:42", "elapsed": 5707.955359, "delta": 139.625383}}
{"target": -2123.681073156246, "params": {"inf_icu_rate": 0.0021897377956447226, "p2": 0.2890753486446005}, "datetime": {"datetime": "2021-04-01 05:57:02", "elapsed": 5847.534635, "delta": 139.579276}}
{"target": -1286.019914442266, "params": {"inf_icu_rate": 0.03897824558497389, "p2": 0.24505819781112081}, "datetime": {"datetime": "2021-04-01 05:59:21", "elapsed": 5987.190684, "delta": 139.656049}}
{"target": -2692.4042368389864, "params": {"inf_icu_rate": 0.04, "p2": 0.2820898775148844}, "datetime": {"datetime": "2021-04-01 06:01:41", "elapsed": 6126.670676, "delta": 139.479992}}
{"target": -1767.4468203176873, "params": {"inf_icu_rate": 0.04, "p2": 0.10146847826460752}, "datetime": {"datetime": "2021-04-01 06:04:01", "elapsed": 6267.128326, "delta": 140.45765}}
{"target": -2094.790526017605, "params": {"inf_icu_rate": 0.03942111188976387, "p2": 0.03590827838565236}, "datetime": {"datetime": "2021-04-01 06:06:22", "elapsed": 6407.713993, "delta": 140.585667}}
{"target": -2354.8365458532567, "params": {"inf_icu_rate": 0.002218724771270968, "p2": 0.1232099511538326}, "datetime": {"datetime": "2021-04-01 06:08:42", "elapsed": 6548.424234, "delta": 140.710241}}
{"target": -2018.448070795025, "params": {"inf_icu_rate": 0.002114234723765363, "p2": 0.33492909022767703}, "datetime": {"datetime": "2021-04-01 06:11:01", "elapsed": 6687.175097, "delta": 138.750863}}
{"target": -2271.259185449423, "params": {"inf_icu_rate": 0.002056448041448669, "p2": 0.20377934989020025}, "datetime": {"datetime": "2021-04-01 06:13:21", "elapsed": 6827.06311, "delta": 139.888013}}
{"target": -293.190557871796, "params": {"inf_icu_rate": 0.038171078160695406, "p2": 0.21312808451859044}, "datetime": {"datetime": "2021-04-01 06:15:41", "elapsed": 6967.101491, "delta": 140.038381}}
{"target": -2277.737037694117, "params": {"inf_icu_rate": 0.002527718303326903, "p2": 0.17491350964534497}, "datetime": {"datetime": "2021-04-01 06:18:02", "elapsed": 7107.566567, "delta": 140.465076}}
{"target": -5005.036787115875, "params": {"inf_icu_rate": 0.03241696287628729, "p2": 0.3288989329626271}, "datetime": {"datetime": "2021-04-01 06:20:20", "elapsed": 7246.332294, "delta": 138.765727}}
{"target": -2369.371903926984, "params": {"inf_icu_rate": 0.002192178828529295, "p2": 0.022124929970568696}, "datetime": {"datetime": "2021-04-01 06:22:41", "elapsed": 7387.428924, "delta": 141.09663}}
{"target": -686.0960484393846, "params": {"inf_icu_rate": 0.02695518987687813, "p2": 0.20424778194591914}, "datetime": {"datetime": "2021-04-01 06:25:01", "elapsed": 7527.247496, "delta": 139.818572}}
{"target": -1346.506259604868, "params": {"inf_icu_rate": 0.002, "p2": 0.5}, "datetime": {"datetime": "2021-04-01 06:27:17", "elapsed": 7663.40742, "delta": 136.159924}}
{"target": -1801.9919137081185, "params": {"inf_icu_rate": 0.002054732929596909, "p2": 0.3753064774772691}, "datetime": {"datetime": "2021-04-01 06:29:35", "elapsed": 7801.392978, "delta": 137.985558}}
{"target": -2367.7938945754677, "params": {"inf_icu_rate": 0.002000766670601508, "p2": 0.0675762313702879}, "datetime": {"datetime": "2021-04-01 06:31:56", "elapsed": 7942.046825, "delta": 140.653847}}
{"target": -1644.5236193584476, "params": {"inf_icu_rate": 0.002, "p2": 0.42056461273347}, "datetime": {"datetime": "2021-04-01 06:34:14", "elapsed": 8079.771997, "delta": 137.725172}}
{"target": -1778.923861775078, "params": {"inf_icu_rate": 0.024567117736357207, "p2": 0.17118792642023606}, "datetime": {"datetime": "2021-04-01 06:36:34", "elapsed": 8220.135956, "delta": 140.363959}}
{"target": -453.51612526437293, "params": {"inf_icu_rate": 0.018592679460205506, "p2": 0.2652184489474946}, "datetime": {"datetime": "2021-04-01 06:38:54", "elapsed": 8359.683544, "delta": 139.547588}}
{"target": -2351.7985185417565, "params": {"inf_icu_rate": 0.0022668223042627516, "p2": 0.09837798804249787}, "datetime": {"datetime": "2021-04-01 06:41:14", "elapsed": 8500.198671, "delta": 140.515127}}
{"target": -434.3300840074625, "params": {"inf_icu_rate": 0.029058417627993827, "p2": 0.22496025384139234}, "datetime": {"datetime": "2021-04-01 06:43:34", "elapsed": 8640.081413, "delta": 139.882742}}
{"target": -2093.1432506708666, "params": {"inf_icu_rate": 0.03987303016538958, "p2": 0.057418871783812664}, "datetime": {"datetime": "2021-04-01 06:45:55", "elapsed": 8780.644172, "delta": 140.562759}}
{"target": -1111.0423046418887, "params": {"inf_icu_rate": 0.015594627484804065, "p2": 0.2473737157937208}, "datetime": {"datetime": "2021-04-01 06:48:14", "elapsed": 8920.329716, "delta": 139.685544}}
{"target": -2205.5642482944963, "params": {"inf_icu_rate": 0.04, "p2": 0.0}, "datetime": {"datetime": "2021-04-01 06:50:35", "elapsed": 9060.888611, "delta": 140.558895}}
{"target": -1041.6400168039115, "params": {"inf_icu_rate": 0.032170281097456385, "p2": 0.19071923221407966}, "datetime": {"datetime": "2021-04-01 06:52:55", "elapsed": 9201.096909, "delta": 140.208298}}
{"target": -1363.914453088897, "params": {"inf_icu_rate": 0.002, "p2": 0.4805332844321161}, "datetime": {"datetime": "2021-04-01 06:55:12", "elapsed": 9337.601404, "delta": 136.504495}}
{"target": -1432.6074760958606, "params": {"inf_icu_rate": 0.002069494046614828, "p2": 0.4643205398931273}, "datetime": {"datetime": "2021-04-01 06:57:28", "elapsed": 9474.350088, "delta": 136.748684}}
{"target": -2114.9517816459593, "params": {"inf_icu_rate": 0.0026220521313472297, "p2": 0.2719331491628192}, "datetime": {"datetime": "2021-04-01 06:59:48", "elapsed": 9614.076529, "delta": 139.726441}}
{"target": -344.1085832097392, "params": {"inf_icu_rate": 0.025970152071666516, "p2": 0.27285898703869194}, "datetime": {"datetime": "2021-04-01 07:02:08", "elapsed": 9753.801532, "delta": 139.725003}}
{"target": -1543.5557941325467, "params": {"inf_icu_rate": 0.04, "p2": 0.1396648884307372}, "datetime": {"datetime": "2021-04-01 07:04:29", "elapsed": 9894.639775, "delta": 140.838243}}
{"target": -617.5635148159981, "params": {"inf_icu_rate": 0.01291993100365189, "p2": 0.34726699567105984}, "datetime": {"datetime": "2021-04-01 07:06:47", "elapsed": 10033.424348, "delta": 138.784573}}
{"target": -2269.203319371018, "params": {"inf_icu_rate": 0.021393806351084312, "p2": 0.027419193638722306}, "datetime": {"datetime": "2021-04-01 07:09:08", "elapsed": 10174.249976, "delta": 140.825628}}
{"target": -1306.004764596976, "params": {"inf_icu_rate": 0.02199797035579218, "p2": 0.28579593687489735}, "datetime": {"datetime": "2021-04-01 07:11:27", "elapsed": 10313.369046, "delta": 139.11907}}
{"target": -538.4729649429515, "params": {"inf_icu_rate": 0.029903874484710498, "p2": 0.21538604826506408}, "datetime": {"datetime": "2021-04-01 07:13:48", "elapsed": 10453.734698, "delta": 140.365652}}
{"target": -551.9630707206219, "params": {"inf_icu_rate": 0.018709235932814164, "p2": 0.26521116566377895}, "datetime": {"datetime": "2021-04-01 07:16:07", "elapsed": 10593.19956, "delta": 139.464862}}
{"target": -303.19607792622884, "params": {"inf_icu_rate": 0.027673612263743944, "p2": 0.2469140475635107}, "datetime": {"datetime": "2021-04-01 07:18:27", "elapsed": 10733.128217, "delta": 139.928657}}
{"target": -314.613354301654, "params": {"inf_icu_rate": 0.03164122513133869, "p2": 0.23533314444693587}, "datetime": {"datetime": "2021-04-01 07:20:47", "elapsed": 10873.037276, "delta": 139.909059}}
{"target": -2303.340921551912, "params": {"inf_icu_rate": 0.01994167776828238, "p2": 0.0}, "datetime": {"datetime": "2021-04-01 07:23:08", "elapsed": 11013.889196, "delta": 140.85192}}
{"target": -1432.1966607009383, "params": {"inf_icu_rate": 0.03969062689253781, "p2": 0.17093654295636107}, "datetime": {"datetime": "2021-04-01 07:25:28", "elapsed": 11154.340515, "delta": 140.451319}}
{"target": -551.9344824180696, "params": {"inf_icu_rate": 0.039925385923424817, "p2": 0.21950456934976864}, "datetime": {"datetime": "2021-04-01 07:27:48", "elapsed": 11294.258867, "delta": 139.918352}}
{"target": -287.46120323215166, "params": {"inf_icu_rate": 0.027621257119491878, "p2": 0.24684514907974991}, "datetime": {"datetime": "2021-04-01 07:30:09", "elapsed": 11434.738285, "delta": 140.479418}}
{"target": -529.6856981613585, "params": {"inf_icu_rate": 0.04, "p2": 0.20675440981601476}, "datetime": {"datetime": "2021-04-01 07:32:29", "elapsed": 11575.051551, "delta": 140.313266}}
{"target": -1669.0662623426142, "params": {"inf_icu_rate": 0.039839310067891064, "p2": 0.11401507086966506}, "datetime": {"datetime": "2021-04-01 07:34:50", "elapsed": 11715.529682, "delta": 140.478131}}
{"target": -1064.9035633745982, "params": {"inf_icu_rate": 0.019820463427594, "p2": 0.22933681562955743}, "datetime": {"datetime": "2021-04-01 07:37:10", "elapsed": 11855.441562, "delta": 139.91188}}
{"target": -573.9176775564205, "params": {"inf_icu_rate": 0.025530536702406653, "p2": 0.26655246980122427}, "datetime": {"datetime": "2021-04-01 07:39:29", "elapsed": 11995.25447, "delta": 139.812908}}
{"target": -1973.2664713211961, "params": {"inf_icu_rate": 0.017051957363598783, "p2": 0.13297011525385496}, "datetime": {"datetime": "2021-04-01 07:41:51", "elapsed": 12136.461577, "delta": 141.207107}}
{"target": -1477.7340109359288, "params": {"inf_icu_rate": 0.002206369648455029, "p2": 0.41011786426864155}, "datetime": {"datetime": "2021-04-01 07:44:08", "elapsed": 12273.923087, "delta": 137.46151}}
{"target": -1756.1238515311234, "params": {"inf_icu_rate": 0.002056344235520302, "p2": 0.38713406917166704}, "datetime": {"datetime": "2021-04-01 07:46:26", "elapsed": 12411.905078, "delta": 137.981991}}
{"target": -1988.4220825126522, "params": {"inf_icu_rate": 0.02594663382075872, "p2": 0.09494891866336141}, "datetime": {"datetime": "2021-04-01 07:48:47", "elapsed": 12552.491834, "delta": 140.586756}}
{"target": -298.3056534350893, "params": {"inf_icu_rate": 0.020665210473525028, "p2": 0.2727304938958755}, "datetime": {"datetime": "2021-04-01 07:51:07", "elapsed": 12693.033272, "delta": 140.541438}}
{"target": -720.3385835408242, "params": {"inf_icu_rate": 0.039971026805429424, "p2": 0.19013167285158472}, "datetime": {"datetime": "2021-04-01 07:53:28", "elapsed": 12833.437347, "delta": 140.404075}}
{"target": -570.0535996357631, "params": {"inf_icu_rate": 0.02251641155759026, "p2": 0.2519118889538858}, "datetime": {"datetime": "2021-04-01 07:55:47", "elapsed": 12973.410023, "delta": 139.972676}}
{"target": -559.6885172536752, "params": {"inf_icu_rate": 0.033786540224491304, "p2": 0.20728536143932835}, "datetime": {"datetime": "2021-04-01 07:58:07", "elapsed": 13113.310352, "delta": 139.900329}}
{"target": -354.28982137368445, "params": {"inf_icu_rate": 0.009650007283063968, "p2": 0.34238839267199217}, "datetime": {"datetime": "2021-04-01 08:00:26", "elapsed": 13251.838215, "delta": 138.527863}}
{"target": -672.8249289484132, "params": {"inf_icu_rate": 0.012516392463180797, "p2": 0.3033199134324375}, "datetime": {"datetime": "2021-04-01 08:02:45", "elapsed": 13391.321234, "delta": 139.483019}}
{"target": -305.5978802774793, "params": {"inf_icu_rate": 0.016534845443196965, "p2": 0.3132634728169432}, "datetime": {"datetime": "2021-04-01 08:05:05", "elapsed": 13530.794789, "delta": 139.473555}}
{"target": -354.19528336344746, "params": {"inf_icu_rate": 0.013544264466887421, "p2": 0.3220068767150092}, "datetime": {"datetime": "2021-04-01 08:07:24", "elapsed": 13669.811787, "delta": 139.016998}}
{"target": -505.67080675038864, "params": {"inf_icu_rate": 0.013263558915432048, "p2": 0.3162214549704281}, "datetime": {"datetime": "2021-04-01 08:09:43", "elapsed": 13809.171496, "delta": 139.359709}}
