{"target": -2273.932589611894, "params": {"inf_icu_rate": 0.01588377157880143, "p2": 0.01037597467970075}, "datetime": {"datetime": "2021-03-31 01:56:35", "elapsed": 0.0, "delta": 0.0}}
{"target": -3151.870942750404, "params": {"inf_icu_rate": 0.01340566822867296, "p2": 0.3744019412693059}, "datetime": {"datetime": "2021-03-31 01:58:53", "elapsed": 137.890462, "delta": 137.890462}}
{"target": -2211.098032729139, "params": {"inf_icu_rate": 0.010973126221446628, "p2": 0.11239832276542383}, "datetime": {"datetime": "2021-03-31 02:01:13", "elapsed": 278.294033, "delta": 140.403571}}
{"target": -700.4749843341117, "params": {"inf_icu_rate": 0.005565131565673232, "p2": 0.38026535609947937}, "datetime": {"datetime": "2021-03-31 02:03:31", "elapsed": 416.265237, "delta": 137.971204}}
{"target": -2344.1517655855564, "params": {"inf_icu_rate": 0.005043995058125639, "p2": 0.044169907087005134}, "datetime": {"datetime": "2021-03-31 02:05:52", "elapsed": 557.158439, "delta": 140.893202}}
{"target": -7782.275484888946, "params": {"inf_icu_rate": 0.014336476730620351, "p2": 0.47669667309746827}, "datetime": {"datetime": "2021-03-31 02:08:09", "elapsed": 693.813245, "delta": 136.654806}}
{"target": -2209.39108298387, "params": {"inf_icu_rate": 0.00207106879390246, "p2": 0.2560961316928883}, "datetime": {"datetime": "2021-03-31 02:10:29", "elapsed": 833.450459, "delta": 139.637214}}
{"target": -1189.0243671549997, "params": {"inf_icu_rate": 0.016627177309738044, "p2": 0.3062630334146941}, "datetime": {"datetime": "2021-03-31 02:12:48", "elapsed": 972.72279, "delta": 139.272331}}
{"target": -2030.6756159620277, "params": {"inf_icu_rate": 0.014991595713772394, "p2": 0.14593803408531658}, "datetime": {"datetime": "2021-03-31 02:15:08", "elapsed": 1112.950122, "delta": 140.227332}}
{"target": -3926.234249784703, "params": {"inf_icu_rate": 0.018519934205232985, "p2": 0.3572878916988453}, "datetime": {"datetime": "2021-03-31 02:17:27", "elapsed": 1251.507884, "delta": 138.557762}}
{"target": -2283.5548360109838, "params": {"inf_icu_rate": 0.011765798624202704, "p2": 0.07108502380076348}, "datetime": {"datetime": "2021-03-31 02:19:47", "elapsed": 1392.089661, "delta": 140.581777}}
{"target": -591.0515735304314, "params": {"inf_icu_rate": 0.008720133680926447, "p2": 0.33706680753317264}, "datetime": {"datetime": "2021-03-31 02:22:06", "elapsed": 1531.137298, "delta": 139.047637}}
{"target": -1877.3939634086641, "params": {"inf_icu_rate": 0.00995299713961393, "p2": 0.21700699666664686}, "datetime": {"datetime": "2021-03-31 02:24:26", "elapsed": 1671.244688, "delta": 140.10739}}
{"target": -1105.8120238595118, "params": {"inf_icu_rate": 0.01311980561244771, "p2": 0.25656912127719544}, "datetime": {"datetime": "2021-03-31 02:26:46", "elapsed": 1810.943503, "delta": 139.698815}}
{"target": -448.4325929964373, "params": {"inf_icu_rate": 0.013707149274766411, "p2": 0.3005194767022722}, "datetime": {"datetime": "2021-03-31 02:29:06", "elapsed": 1950.37126, "delta": 139.427757}}
{"target": -621.3296206851425, "params": {"inf_icu_rate": 0.016494017542989438, "p2": 0.26082357619681706}, "datetime": {"datetime": "2021-03-31 02:31:25", "elapsed": 2090.071481, "delta": 139.700221}}
{"target": -1965.464496490515, "params": {"inf_icu_rate": 0.01835567985455603, "p2": 0.15961804449427264}, "datetime": {"datetime": "2021-03-31 02:33:46", "elapsed": 2230.430412, "delta": 140.358931}}
{"target": -2293.364567138528, "params": {"inf_icu_rate": 0.003628268286876333, "p2": 0.15035002831810168}, "datetime": {"datetime": "2021-03-31 02:36:07", "elapsed": 2371.963519, "delta": 141.533107}}
{"target": -911.8675739704573, "params": {"inf_icu_rate": 0.004051718513543896, "p2": 0.41434066315383833}, "datetime": {"datetime": "2021-03-31 02:38:25", "elapsed": 2509.733184, "delta": 137.769665}}
{"target": -1952.714057104167, "params": {"inf_icu_rate": 0.002844133749006496, "p2": 0.31314357415569627}, "datetime": {"datetime": "2021-03-31 02:40:45", "elapsed": 2649.955035, "delta": 140.221851}}
{"target": -354.81009864493114, "params": {"inf_icu_rate": 0.02, "p2": 0.28275033848418063}, "datetime": {"datetime": "2021-03-31 02:43:05", "elapsed": 2789.843356, "delta": 139.888321}}
{"target": -1734.7066816821275, "params": {"inf_icu_rate": 0.002, "p2": 0.39551442238876083}, "datetime": {"datetime": "2021-03-31 02:45:23", "elapsed": 2927.738961, "delta": 137.895605}}
{"target": -2103.5723732106057, "params": {"inf_icu_rate": 0.0026884106842533996, "p2": 0.2852604966956122}, "datetime": {"datetime": "2021-03-31 02:47:43", "elapsed": 3067.3942, "delta": 139.655239}}
{"target": -8999.663832968052, "params": {"inf_icu_rate": 0.02, "p2": 0.42460123544294326}, "datetime": {"datetime": "2021-03-31 02:50:00", "elapsed": 3204.87686, "delta": 137.48266}}
{"target": -695.5136711012156, "params": {"inf_icu_rate": 0.016185498360823617, "p2": 0.26139053631658205}, "datetime": {"datetime": "2021-03-31 02:52:20", "elapsed": 3344.668442, "delta": 139.791582}}
{"target": -2522.2748966188133, "params": {"inf_icu_rate": 0.01989214021912185, "p2": 0.3276065508642028}, "datetime": {"datetime": "2021-03-31 02:54:39", "elapsed": 3483.961524, "delta": 139.293082}}
{"target": -821.1258967363043, "params": {"inf_icu_rate": 0.02, "p2": 0.23809936588338587}, "datetime": {"datetime": "2021-03-31 02:56:59", "elapsed": 3623.958149, "delta": 139.996625}}
{"target": -1872.115006349757, "params": {"inf_icu_rate": 0.02, "p2": 0.18963389212475545}, "datetime": {"datetime": "2021-03-31 02:59:20", "elapsed": 3764.746146, "delta": 140.787997}}
{"target": -2221.7096794766176, "params": {"inf_icu_rate": 0.0021580247402901384, "p2": 0.2353303769201618}, "datetime": {"datetime": "2021-03-31 03:01:40", "elapsed": 3904.830393, "delta": 140.084247}}
{"target": -2263.727231292541, "params": {"inf_icu_rate": 0.0024012883635150615, "p2": 0.1785799272655454}, "datetime": {"datetime": "2021-03-31 03:04:00", "elapsed": 4044.979596, "delta": 140.149203}}
{"target": -1652.0406719374157, "params": {"inf_icu_rate": 0.01996233893452319, "p2": 0.29387162361427027}, "datetime": {"datetime": "2021-03-31 03:06:19", "elapsed": 4184.163162, "delta": 139.183566}}
{"target": -366.5994243065902, "params": {"inf_icu_rate": 0.01926347466711687, "p2": 0.27301639874786254}, "datetime": {"datetime": "2021-03-31 03:08:39", "elapsed": 4324.150817, "delta": 139.987655}}
{"target": -2360.7834355152986, "params": {"inf_icu_rate": 0.0020768950277859338, "p2": 0.09151206591736205}, "datetime": {"datetime": "2021-03-31 03:11:00", "elapsed": 4465.037342, "delta": 140.886525}}
{"target": -1907.399754440418, "params": {"inf_icu_rate": 0.0021854113147149307, "p2": 0.34664174137692466}, "datetime": {"datetime": "2021-03-31 03:13:19", "elapsed": 4604.058057, "delta": 139.020715}}
{"target": -2266.3706326343186, "params": {"inf_icu_rate": 0.002083981320874732, "p2": 0.19948707544654853}, "datetime": {"datetime": "2021-03-31 03:15:39", "elapsed": 4744.209031, "delta": 140.150974}}
{"target": -2043.7211447399213, "params": {"inf_icu_rate": 0.0021275599267210755, "p2": 0.3294100885846789}, "datetime": {"datetime": "2021-03-31 03:18:00", "elapsed": 4884.297411, "delta": 140.08838}}
{"target": -1967.686578267269, "params": {"inf_icu_rate": 0.002786831783530876, "p2": 0.3130446376947414}, "datetime": {"datetime": "2021-03-31 03:20:19", "elapsed": 5023.654334, "delta": 139.356923}}
{"target": -2372.9898892559236, "params": {"inf_icu_rate": 0.002, "p2": 0.0}, "datetime": {"datetime": "2021-03-31 03:22:40", "elapsed": 5164.723667, "delta": 141.069333}}
{"target": -2207.6130973139507, "params": {"inf_icu_rate": 0.019831580153318956, "p2": 0.03212206968610781}, "datetime": {"datetime": "2021-03-31 03:25:01", "elapsed": 5305.518918, "delta": 140.795251}}
{"target": -2341.233403978815, "params": {"inf_icu_rate": 0.002112847511968791, "p2": 0.1286886873258305}, "datetime": {"datetime": "2021-03-31 03:27:21", "elapsed": 5446.209058, "delta": 140.69014}}
{"target": -2061.477216974832, "params": {"inf_icu_rate": 0.002511981229942359, "p2": 0.3000395447546784}, "datetime": {"datetime": "2021-03-31 03:29:41", "elapsed": 5586.039797, "delta": 139.830739}}
{"target": -1459.6214800705843, "params": {"inf_icu_rate": 0.009046360341426037, "p2": 0.27242044907144053}, "datetime": {"datetime": "2021-03-31 03:32:01", "elapsed": 5726.153875, "delta": 140.114078}}
{"target": -648.8884961539643, "params": {"inf_icu_rate": 0.019894492808986405, "p2": 0.2508758284133292}, "datetime": {"datetime": "2021-03-31 03:34:21", "elapsed": 5866.252349, "delta": 140.098474}}
{"target": -2153.1733058651585, "params": {"inf_icu_rate": 0.019981865389203594, "p2": 0.09158149730373827}, "datetime": {"datetime": "2021-03-31 03:36:42", "elapsed": 6007.160235, "delta": 140.907886}}
{"target": -2369.949231617913, "params": {"inf_icu_rate": 0.0020210164487349798, "p2": 0.0242986620997675}, "datetime": {"datetime": "2021-03-31 03:39:04", "elapsed": 6148.909861, "delta": 141.749626}}
{"target": -7158.674072132006, "params": {"inf_icu_rate": 0.019783756477295557, "p2": 0.39292402084467526}, "datetime": {"datetime": "2021-03-31 03:41:22", "elapsed": 6287.037674, "delta": 138.127813}}
{"target": -1750.5583427345337, "params": {"inf_icu_rate": 0.002, "p2": 0.3715623087874736}, "datetime": {"datetime": "2021-03-31 03:43:41", "elapsed": 6425.405948, "delta": 138.368274}}
{"target": -2079.362993763267, "params": {"inf_icu_rate": 0.019919169578697715, "p2": 0.12694857418281758}, "datetime": {"datetime": "2021-03-31 03:46:02", "elapsed": 6566.380076, "delta": 140.974128}}
{"target": -2213.5927079577955, "params": {"inf_icu_rate": 0.01993239633103061, "p2": 0.052547074879808364}, "datetime": {"datetime": "2021-03-31 03:48:23", "elapsed": 6707.365757, "delta": 140.985681}}
{"target": -1608.3091438092345, "params": {"inf_icu_rate": 0.019845903552830023, "p2": 0.20834611367067507}, "datetime": {"datetime": "2021-03-31 03:50:43", "elapsed": 6847.917825, "delta": 140.552068}}
{"target": -825.1012532613265, "params": {"inf_icu_rate": 0.01999914026613151, "p2": 0.22512184298485388}, "datetime": {"datetime": "2021-03-31 03:53:03", "elapsed": 6988.092288, "delta": 140.174463}}
{"target": -1346.506259604868, "params": {"inf_icu_rate": 0.002, "p2": 0.5}, "datetime": {"datetime": "2021-03-31 03:55:20", "elapsed": 7124.668094, "delta": 136.575806}}
{"target": -13545.216483650658, "params": {"inf_icu_rate": 0.02, "p2": 0.5}, "datetime": {"datetime": "2021-03-31 03:57:36", "elapsed": 7260.727532, "delta": 136.059438}}
{"target": -1478.964379191249, "params": {"inf_icu_rate": 0.002, "p2": 0.44813136746510246}, "datetime": {"datetime": "2021-03-31 03:59:53", "elapsed": 7397.86988, "delta": 137.142348}}
{"target": -1525.9047649744214, "params": {"inf_icu_rate": 0.002020566531620927, "p2": 0.4328749101078074}, "datetime": {"datetime": "2021-03-31 04:02:11", "elapsed": 7535.368732, "delta": 137.498852}}
{"target": -2371.122012954134, "params": {"inf_icu_rate": 0.002, "p2": 0.06078432259571517}, "datetime": {"datetime": "2021-03-31 04:04:32", "elapsed": 7676.414358, "delta": 141.045626}}
{"target": -1582.9010718215422, "params": {"inf_icu_rate": 0.01915344413181576, "p2": 0.17482175353767432}, "datetime": {"datetime": "2021-03-31 04:06:52", "elapsed": 7817.113756, "delta": 140.699398}}
{"target": -2287.517194185332, "params": {"inf_icu_rate": 0.02, "p2": 0.0}, "datetime": {"datetime": "2021-03-31 04:09:14", "elapsed": 7958.304369, "delta": 141.190613}}
{"target": -3090.449169891896, "params": {"inf_icu_rate": 0.019612729806488254, "p2": 0.340889814060474}, "datetime": {"datetime": "2021-03-31 04:11:33", "elapsed": 8097.391608, "delta": 139.087239}}
{"target": -1789.2199710265656, "params": {"inf_icu_rate": 0.002, "p2": 0.384181085200414}, "datetime": {"datetime": "2021-03-31 04:13:51", "elapsed": 8235.655235, "delta": 138.263627}}
{"target": -1661.3298569714145, "params": {"inf_icu_rate": 0.002071886168437922, "p2": 0.4063811077036564}, "datetime": {"datetime": "2021-03-31 04:16:09", "elapsed": 8373.555301, "delta": 137.900066}}
{"target": -1939.049732197022, "params": {"inf_icu_rate": 0.019980598979817514, "p2": 0.1269977032032304}, "datetime": {"datetime": "2021-03-31 04:18:29", "elapsed": 8514.130767, "delta": 140.575466}}
{"target": -2328.8630965097605, "params": {"inf_icu_rate": 0.0025304944314842137, "p2": 0.16444878624097747}, "datetime": {"datetime": "2021-03-31 04:20:50", "elapsed": 8654.953933, "delta": 140.823166}}
{"target": -2103.239576686577, "params": {"inf_icu_rate": 0.02, "p2": 0.1058447383486377}, "datetime": {"datetime": "2021-03-31 04:23:12", "elapsed": 8796.406399, "delta": 141.452466}}
{"target": -11264.80390977595, "params": {"inf_icu_rate": 0.02, "p2": 0.4524607177341743}, "datetime": {"datetime": "2021-03-31 04:25:29", "elapsed": 8933.394721, "delta": 136.988322}}
{"target": -1623.6097162061144, "params": {"inf_icu_rate": 0.0020358570409835072, "p2": 0.4218429313747335}, "datetime": {"datetime": "2021-03-31 04:27:47", "elapsed": 9071.400969, "delta": 138.006248}}
{"target": -782.9633282121285, "params": {"inf_icu_rate": 0.01318174839225587, "p2": 0.2846260070014114}, "datetime": {"datetime": "2021-03-31 04:30:06", "elapsed": 9211.272003, "delta": 139.871034}}
{"target": -1624.8667181524177, "params": {"inf_icu_rate": 0.012074617845966137, "p2": 0.24368101609793935}, "datetime": {"datetime": "2021-03-31 04:32:27", "elapsed": 9351.613152, "delta": 140.341149}}
{"target": -2355.7749716002977, "params": {"inf_icu_rate": 0.002062945546283723, "p2": 0.1048806952577031}, "datetime": {"datetime": "2021-03-31 04:34:48", "elapsed": 9492.850425, "delta": 141.237273}}
{"target": -396.3141954975624, "params": {"inf_icu_rate": 0.01997400057494223, "p2": 0.2650061267583127}, "datetime": {"datetime": "2021-03-31 04:37:08", "elapsed": 9632.947436, "delta": 140.097011}}
