{"target": -206.1808124884566, "params": {"inf_icu_rate": 0.01588377157880143, "p2": 0.01037597467970075}, "datetime": {"datetime": "2020-11-30 01:50:12", "elapsed": 0.0, "delta": 0.0}}
{"target": -3346.808949513917, "params": {"inf_icu_rate": 0.01340566822867296, "p2": 0.3744019412693059}, "datetime": {"datetime": "2020-11-30 01:51:51", "elapsed": 98.356452, "delta": 98.356452}}
{"target": -205.45070275712126, "params": {"inf_icu_rate": 0.010973126221446628, "p2": 0.11239832276542383}, "datetime": {"datetime": "2020-11-30 01:53:31", "elapsed": 198.219298, "delta": 99.862846}}
{"target": -1280.1483458649054, "params": {"inf_icu_rate": 0.005565131565673232, "p2": 0.38026535609947937}, "datetime": {"datetime": "2020-11-30 01:55:09", "elapsed": 297.12729, "delta": 98.907992}}
{"target": -252.63709274640618, "params": {"inf_icu_rate": 0.005043995058125639, "p2": 0.044169907087005134}, "datetime": {"datetime": "2020-11-30 01:56:49", "elapsed": 396.994341, "delta": 99.867051}}
{"target": -5505.457462463821, "params": {"inf_icu_rate": 0.014336476730620351, "p2": 0.47669667309746827}, "datetime": {"datetime": "2020-11-30 01:58:27", "elapsed": 494.848228, "delta": 97.853887}}
{"target": -219.0233934477006, "params": {"inf_icu_rate": 0.00207106879390246, "p2": 0.2560961316928883}, "datetime": {"datetime": "2020-11-30 02:00:07", "elapsed": 594.600842, "delta": 99.752614}}
{"target": -2538.9947595188614, "params": {"inf_icu_rate": 0.016627177309738044, "p2": 0.3062630334146941}, "datetime": {"datetime": "2020-11-30 02:01:46", "elapsed": 693.402281, "delta": 98.801439}}
{"target": -150.0221552700541, "params": {"inf_icu_rate": 0.014991595713772394, "p2": 0.14593803408531658}, "datetime": {"datetime": "2020-11-30 02:03:26", "elapsed": 793.286686, "delta": 99.884405}}
{"target": -1644.5497281861794, "params": {"inf_icu_rate": 0.018519934205232985, "p2": 0.3572878916988453}, "datetime": {"datetime": "2020-11-30 02:05:05", "elapsed": 892.641027, "delta": 99.354341}}
{"target": -194.08709098610333, "params": {"inf_icu_rate": 0.011765798624202704, "p2": 0.07108502380076348}, "datetime": {"datetime": "2020-11-30 02:06:45", "elapsed": 992.573488, "delta": 99.932461}}
{"target": -1568.7430936574756, "params": {"inf_icu_rate": 0.008720133680926447, "p2": 0.33706680753317264}, "datetime": {"datetime": "2020-11-30 02:08:24", "elapsed": 1091.30201, "delta": 98.728522}}
{"target": -124.95395725639027, "params": {"inf_icu_rate": 0.00995299713961393, "p2": 0.21700699666664686}, "datetime": {"datetime": "2020-11-30 02:10:03", "elapsed": 1191.073879, "delta": 99.771869}}
{"target": -112.13700384297076, "params": {"inf_icu_rate": 0.01311980561244771, "p2": 0.25656912127719544}, "datetime": {"datetime": "2020-11-30 02:11:43", "elapsed": 1290.909081, "delta": 99.835202}}
{"target": -2006.7156978345747, "params": {"inf_icu_rate": 0.013707149274766411, "p2": 0.3005194767022722}, "datetime": {"datetime": "2020-11-30 02:13:22", "elapsed": 1389.682738, "delta": 98.773657}}
{"target": -1898.5775878963448, "params": {"inf_icu_rate": 0.016494017542989438, "p2": 0.26082357619681706}, "datetime": {"datetime": "2020-11-30 02:15:01", "elapsed": 1488.784015, "delta": 99.101277}}
{"target": -95.95745374640194, "params": {"inf_icu_rate": 0.01835567985455603, "p2": 0.15961804449427264}, "datetime": {"datetime": "2020-11-30 02:16:41", "elapsed": 1589.038654, "delta": 100.254639}}
{"target": -237.6233027388198, "params": {"inf_icu_rate": 0.003628268286876333, "p2": 0.15035002831810168}, "datetime": {"datetime": "2020-11-30 02:18:21", "elapsed": 1688.972502, "delta": 99.933848}}
{"target": -957.2234403363562, "params": {"inf_icu_rate": 0.004051718513543896, "p2": 0.41434066315383833}, "datetime": {"datetime": "2020-11-30 02:20:01", "elapsed": 1788.176854, "delta": 99.204352}}
{"target": -275.803213139359, "params": {"inf_icu_rate": 0.002844133749006496, "p2": 0.31314357415569627}, "datetime": {"datetime": "2020-11-30 02:21:39", "elapsed": 1887.07277, "delta": 98.895916}}
{"target": -260.7875443089091, "params": {"inf_icu_rate": 0.004975492159075921, "p2": 0.04427356611242245}, "datetime": {"datetime": "2020-11-30 02:23:19", "elapsed": 1987.119904, "delta": 100.047134}}
{"target": -879.8325911334414, "params": {"inf_icu_rate": 0.009644618201429053, "p2": 0.24815786223712047}, "datetime": {"datetime": "2020-11-30 02:24:59", "elapsed": 2086.841888, "delta": 99.721984}}
{"target": -197.264364425993, "params": {"inf_icu_rate": 0.010399267742423944, "p2": 0.15653333309329315}, "datetime": {"datetime": "2020-11-30 02:26:40", "elapsed": 2187.246235, "delta": 100.404347}}
{"target": -246.74426889627676, "params": {"inf_icu_rate": 0.008657919753508795, "p2": 0.058062835590388565}, "datetime": {"datetime": "2020-11-30 02:28:20", "elapsed": 2287.549713, "delta": 100.303478}}
{"target": -242.2165393577289, "params": {"inf_icu_rate": 0.017883863124412185, "p2": 0.04829044555269738}, "datetime": {"datetime": "2020-11-30 02:30:00", "elapsed": 2388.030394, "delta": 100.480681}}
{"target": -90.63280704535538, "params": {"inf_icu_rate": 0.01994524980617325, "p2": 0.06195974311509089}, "datetime": {"datetime": "2020-11-30 02:31:41", "elapsed": 2488.197701, "delta": 100.167307}}
{"target": -232.95485248438322, "params": {"inf_icu_rate": 0.009858335841175405, "p2": 0.12894526771129822}, "datetime": {"datetime": "2020-11-30 02:33:21", "elapsed": 2588.31977, "delta": 100.122069}}
{"target": -235.15470098859973, "params": {"inf_icu_rate": 0.013375151205977215, "p2": 0.027648864672278336}, "datetime": {"datetime": "2020-11-30 02:35:01", "elapsed": 2688.453819, "delta": 100.134049}}
{"target": -292.42519089529924, "params": {"inf_icu_rate": 0.0022424345051724557, "p2": 0.017190983739421937}, "datetime": {"datetime": "2020-11-30 02:36:41", "elapsed": 2788.673023, "delta": 100.219204}}
{"target": -123.67987158016624, "params": {"inf_icu_rate": 0.011343865134891749, "p2": 0.20267335994318736}, "datetime": {"datetime": "2020-11-30 02:38:21", "elapsed": 2888.951757, "delta": 100.278734}}
{"target": -258.63880914972754, "params": {"inf_icu_rate": 0.013339101310759565, "p2": 0.1747149861301755}, "datetime": {"datetime": "2020-11-30 02:40:02", "elapsed": 2989.674496, "delta": 100.722739}}
{"target": -251.6575525783173, "params": {"inf_icu_rate": 0.003789048321014809, "p2": 0.18907873547845194}, "datetime": {"datetime": "2020-11-30 02:41:43", "elapsed": 3090.241726, "delta": 100.56723}}
{"target": -674.8038845662933, "params": {"inf_icu_rate": 0.02, "p2": 0.18988873459922248}, "datetime": {"datetime": "2020-11-30 02:43:23", "elapsed": 3190.236503, "delta": 99.994777}}
{"target": -290.35068248798876, "params": {"inf_icu_rate": 0.0035419614408978618, "p2": 0.0}, "datetime": {"datetime": "2020-11-30 02:45:03", "elapsed": 3290.532061, "delta": 100.295558}}
{"target": -234.3135060660704, "params": {"inf_icu_rate": 0.011930158681828574, "p2": 0.0941153702857874}, "datetime": {"datetime": "2020-11-30 02:46:43", "elapsed": 3390.84593, "delta": 100.313869}}
{"target": -263.4117134568895, "params": {"inf_icu_rate": 0.002, "p2": 0.08309233358137265}, "datetime": {"datetime": "2020-11-30 02:48:23", "elapsed": 3490.724422, "delta": 99.878492}}
{"target": -221.0602524099477, "params": {"inf_icu_rate": 0.01975277406757319, "p2": 0.08340850386247156}, "datetime": {"datetime": "2020-11-30 02:50:03", "elapsed": 3591.114692, "delta": 100.39027}}
{"target": -207.14263855697973, "params": {"inf_icu_rate": 0.0020125415563577967, "p2": 0.20714175626560383}, "datetime": {"datetime": "2020-11-30 02:51:44", "elapsed": 3691.697759, "delta": 100.583067}}
{"target": -195.44190598515863, "params": {"inf_icu_rate": 0.002, "p2": 0.16887878118960895}, "datetime": {"datetime": "2020-11-30 02:53:24", "elapsed": 3791.996208, "delta": 100.298449}}
{"target": -6784.549976803033, "params": {"inf_icu_rate": 0.02, "p2": 0.4349486245573787}, "datetime": {"datetime": "2020-11-30 02:55:03", "elapsed": 3890.432015, "delta": 98.435807}}
{"target": -440.9153774366053, "params": {"inf_icu_rate": 0.002219140434788648, "p2": 0.3971148820377106}, "datetime": {"datetime": "2020-11-30 02:56:42", "elapsed": 3989.421378, "delta": 98.989363}}
{"target": -151.0192196016776, "params": {"inf_icu_rate": 0.01959943445423299, "p2": 0.1224206423756623}, "datetime": {"datetime": "2020-11-30 02:58:22", "elapsed": 4089.70779, "delta": 100.286412}}
{"target": -197.11794472035277, "params": {"inf_icu_rate": 0.02, "p2": 0.0}, "datetime": {"datetime": "2020-11-30 03:00:02", "elapsed": 4190.043118, "delta": 100.335328}}
{"target": -1666.7979799367101, "params": {"inf_icu_rate": 0.019946518625939554, "p2": 0.22515140615825235}, "datetime": {"datetime": "2020-11-30 03:01:42", "elapsed": 4289.668258, "delta": 99.62514}}
{"target": -105.90349112982899, "params": {"inf_icu_rate": 0.002100807674199287, "p2": 0.2820147905128309}, "datetime": {"datetime": "2020-11-30 03:03:21", "elapsed": 4388.954066, "delta": 99.285808}}
{"target": -277.90316715109, "params": {"inf_icu_rate": 0.0021540285701529232, "p2": 0.10248784576258652}, "datetime": {"datetime": "2020-11-30 03:05:02", "elapsed": 4489.215191, "delta": 100.261125}}
{"target": -168.6763330889817, "params": {"inf_icu_rate": 0.01976499427881362, "p2": 0.10333704114698888}, "datetime": {"datetime": "2020-11-30 03:06:42", "elapsed": 4589.276736, "delta": 100.061545}}
{"target": -131.6969903338169, "params": {"inf_icu_rate": 0.00208861762120038, "p2": 0.2976673991762753}, "datetime": {"datetime": "2020-11-30 03:08:21", "elapsed": 4688.385837, "delta": 99.109101}}
{"target": -5128.966587597249, "params": {"inf_icu_rate": 0.019877463160797366, "p2": 0.40050266870411705}, "datetime": {"datetime": "2020-11-30 03:09:59", "elapsed": 4787.073968, "delta": 98.688131}}
{"target": -133.48686824397393, "params": {"inf_icu_rate": 0.002026796775358766, "p2": 0.3574434836519206}, "datetime": {"datetime": "2020-11-30 03:11:39", "elapsed": 4886.248995, "delta": 99.175027}}
{"target": -249.21949468002018, "params": {"inf_icu_rate": 0.002, "p2": 0.12070651714684608}, "datetime": {"datetime": "2020-11-30 03:13:19", "elapsed": 4986.249624, "delta": 100.000629}}
{"target": -210.04323248154455, "params": {"inf_icu_rate": 0.002127646496559837, "p2": 0.22585962846424312}, "datetime": {"datetime": "2020-11-30 03:14:59", "elapsed": 5086.312463, "delta": 100.062839}}
{"target": -98.2725770638541, "params": {"inf_icu_rate": 0.002062971909803566, "p2": 0.2689997458805291}, "datetime": {"datetime": "2020-11-30 03:16:38", "elapsed": 5185.687979, "delta": 99.375516}}
{"target": -105.98594221614421, "params": {"inf_icu_rate": 0.019883248450397913, "p2": 0.1355522986176544}, "datetime": {"datetime": "2020-11-30 03:18:18", "elapsed": 5285.788956, "delta": 100.100977}}
{"target": -283.9943458567478, "params": {"inf_icu_rate": 0.002133133672459683, "p2": 0.03285389657581367}, "datetime": {"datetime": "2020-11-30 03:19:59", "elapsed": 5386.199889, "delta": 100.410933}}
{"target": -291.63321449461887, "params": {"inf_icu_rate": 0.002, "p2": 0.06711854510518772}, "datetime": {"datetime": "2020-11-30 03:21:39", "elapsed": 5486.789671, "delta": 100.589782}}
{"target": -219.51086972364476, "params": {"inf_icu_rate": 0.002, "p2": 0.13709349964301848}, "datetime": {"datetime": "2020-11-30 03:23:19", "elapsed": 5586.766533, "delta": 99.976862}}
{"target": -235.09083808910256, "params": {"inf_icu_rate": 0.019971099232803102, "p2": 0.036226801254724106}, "datetime": {"datetime": "2020-11-30 03:24:59", "elapsed": 5687.081029, "delta": 100.314496}}
{"target": -234.34837779090873, "params": {"inf_icu_rate": 0.01978676141136288, "p2": 0.02112695555369254}, "datetime": {"datetime": "2020-11-30 03:26:40", "elapsed": 5787.409556, "delta": 100.328527}}
{"target": -128.83952412964635, "params": {"inf_icu_rate": 0.009986366583709197, "p2": 0.21688124280474053}, "datetime": {"datetime": "2020-11-30 03:28:20", "elapsed": 5887.371312, "delta": 99.961756}}
{"target": -270.85494992217673, "params": {"inf_icu_rate": 0.002236436731729896, "p2": 0.2155953189287113}, "datetime": {"datetime": "2020-11-30 03:30:00", "elapsed": 5987.667933, "delta": 100.296621}}
{"target": -233.03109293332824, "params": {"inf_icu_rate": 0.011991813401647861, "p2": 0.09415678558721163}, "datetime": {"datetime": "2020-11-30 03:31:40", "elapsed": 6087.716714, "delta": 100.048781}}
{"target": -103.92553384947595, "params": {"inf_icu_rate": 0.01982045652267385, "p2": 0.20720948052414234}, "datetime": {"datetime": "2020-11-30 03:33:20", "elapsed": 6187.973481, "delta": 100.256767}}
{"target": -253.8315775196073, "params": {"inf_icu_rate": 0.002048380572934575, "p2": 0.17945537895782626}, "datetime": {"datetime": "2020-11-30 03:35:01", "elapsed": 6288.174396, "delta": 100.200915}}
{"target": -564.5940720676319, "params": {"inf_icu_rate": 0.01999782652491046, "p2": 0.15067917786276608}, "datetime": {"datetime": "2020-11-30 03:36:41", "elapsed": 6388.28096, "delta": 100.106564}}
{"target": -95.43329496278949, "params": {"inf_icu_rate": 0.01982377338293214, "p2": 0.1685641390841317}, "datetime": {"datetime": "2020-11-30 03:38:21", "elapsed": 6489.069597, "delta": 100.788637}}
{"target": -596.598861124867, "params": {"inf_icu_rate": 0.002, "p2": 0.5}, "datetime": {"datetime": "2020-11-30 03:40:00", "elapsed": 6587.674203, "delta": 98.604606}}
{"target": -8244.892567752142, "params": {"inf_icu_rate": 0.02, "p2": 0.5}, "datetime": {"datetime": "2020-11-30 03:41:38", "elapsed": 6686.032597, "delta": 98.358394}}
{"target": -235.65248248685666, "params": {"inf_icu_rate": 0.0020979892367195656, "p2": 0.34876893848970525}, "datetime": {"datetime": "2020-11-30 03:43:18", "elapsed": 6785.233918, "delta": 99.201321}}
{"target": -151.40055626823786, "params": {"inf_icu_rate": 0.002084082991862889, "p2": 0.3238078862376009}, "datetime": {"datetime": "2020-11-30 03:44:57", "elapsed": 6884.710819, "delta": 99.476901}}
