{"target": -2147.6740648334844, "params": {"inf_icu_rate": 0.031310184444136344, "p2": 0.01037597467970075}, "datetime": {"datetime": "2021-04-03 10:32:20", "elapsed": 0.0, "delta": 0.0}}
{"target": -7332.191310098357, "params": {"inf_icu_rate": 0.026078632927198468, "p2": 0.3744019412693059}, "datetime": {"datetime": "2021-04-03 10:34:39", "elapsed": 138.06141, "delta": 138.06141}}
{"target": -1788.7949338889516, "params": {"inf_icu_rate": 0.020943266467498438, "p2": 0.11239832276542383}, "datetime": {"datetime": "2021-04-03 10:37:00", "elapsed": 279.207804, "delta": 141.146394}}
{"target": -889.3843163291866, "params": {"inf_icu_rate": 0.009526388860865712, "p2": 0.38026535609947937}, "datetime": {"datetime": "2021-04-03 10:39:18", "elapsed": 417.584794, "delta": 138.37699}}
{"target": -2275.5400422372672, "params": {"inf_icu_rate": 0.008426211789376347, "p2": 0.044169907087005134}, "datetime": {"datetime": "2021-04-03 10:41:39", "elapsed": 558.54551, "delta": 140.960716}}
{"target": -14151.068070600211, "params": {"inf_icu_rate": 0.028043673097976292, "p2": 0.47669667309746827}, "datetime": {"datetime": "2021-04-03 10:43:55", "elapsed": 694.312101, "delta": 135.766591}}
{"target": -2089.25565986822, "params": {"inf_icu_rate": 0.0021500341204607493, "p2": 0.2560961316928883}, "datetime": {"datetime": "2021-04-03 10:46:14", "elapsed": 833.927274, "delta": 139.615173}}
{"target": -4539.196917389167, "params": {"inf_icu_rate": 0.03287959654278031, "p2": 0.3062630334146941}, "datetime": {"datetime": "2021-04-03 10:48:33", "elapsed": 972.972866, "delta": 139.045592}}
{"target": -1426.286909903238, "params": {"inf_icu_rate": 0.029426702062408383, "p2": 0.14593803408531658}, "datetime": {"datetime": "2021-04-03 10:50:54", "elapsed": 1113.522519, "delta": 140.549653}}
{"target": -8217.713136347358, "params": {"inf_icu_rate": 0.03687541665549185, "p2": 0.3572878916988453}, "datetime": {"datetime": "2021-04-03 10:53:12", "elapsed": 1251.907082, "delta": 138.384563}}
{"target": -2072.868071966285, "params": {"inf_icu_rate": 0.022616685984427926, "p2": 0.07108502380076348}, "datetime": {"datetime": "2021-04-03 10:55:33", "elapsed": 1392.661418, "delta": 140.754336}}
{"target": -1631.6603999100907, "params": {"inf_icu_rate": 0.016186948881955827, "p2": 0.33706680753317264}, "datetime": {"datetime": "2021-04-03 10:57:52", "elapsed": 1531.471689, "delta": 138.810271}}
{"target": -841.9569144113331, "params": {"inf_icu_rate": 0.01878966062807385, "p2": 0.21700699666664686}, "datetime": {"datetime": "2021-04-03 11:00:12", "elapsed": 1671.584897, "delta": 140.113208}}
{"target": -671.9686252232264, "params": {"inf_icu_rate": 0.025475145181834052, "p2": 0.25656912127719544}, "datetime": {"datetime": "2021-04-03 11:02:32", "elapsed": 1811.220594, "delta": 139.635697}}
{"target": -2540.606076272305, "params": {"inf_icu_rate": 0.02671509291339575, "p2": 0.3005194767022722}, "datetime": {"datetime": "2021-04-03 11:04:51", "elapsed": 1950.418578, "delta": 139.197984}}
{"target": -2556.5702811494957, "params": {"inf_icu_rate": 0.032598481479644364, "p2": 0.26082357619681706}, "datetime": {"datetime": "2021-04-03 11:07:10", "elapsed": 2089.981705, "delta": 139.563127}}
{"target": -1061.014605086205, "params": {"inf_icu_rate": 0.03652865747072939, "p2": 0.15961804449427264}, "datetime": {"datetime": "2021-04-03 11:09:31", "elapsed": 2230.619968, "delta": 140.638263}}
{"target": -2195.0657013448986, "params": {"inf_icu_rate": 0.00543745527229448, "p2": 0.15035002831810168}, "datetime": {"datetime": "2021-04-03 11:11:52", "elapsed": 2371.211518, "delta": 140.59155}}
{"target": -490.5852577863949, "params": {"inf_icu_rate": 0.006331405750814891, "p2": 0.41434066315383833}, "datetime": {"datetime": "2021-04-03 11:14:09", "elapsed": 2508.844561, "delta": 137.633043}}
{"target": -1635.047428371281, "params": {"inf_icu_rate": 0.0037820601367914907, "p2": 0.31314357415569627}, "datetime": {"datetime": "2021-04-03 11:16:29", "elapsed": 2648.063341, "delta": 139.21878}}
{"target": -7768.162281806438, "params": {"inf_icu_rate": 0.022808273924931254, "p2": 0.40964349783503434}, "datetime": {"datetime": "2021-04-03 11:18:46", "elapsed": 2785.363295, "delta": 137.299954}}
{"target": -2108.037525273249, "params": {"inf_icu_rate": 0.009560006507794868, "p2": 0.4284251512288666}, "datetime": {"datetime": "2021-04-03 11:21:03", "elapsed": 2922.674496, "delta": 137.311201}}
{"target": -2584.9394132220727, "params": {"inf_icu_rate": 0.01536280029841934, "p2": 0.3773238457649286}, "datetime": {"datetime": "2021-04-03 11:23:21", "elapsed": 3060.728982, "delta": 138.054486}}
{"target": -4119.720988492604, "params": {"inf_icu_rate": 0.013246544861427791, "p2": 0.44196823978059313}, "datetime": {"datetime": "2021-04-03 11:25:38", "elapsed": 3197.780021, "delta": 137.051039}}
{"target": -2090.4520192216655, "params": {"inf_icu_rate": 0.014369442237625454, "p2": 0.08250794885957424}, "datetime": {"datetime": "2021-04-03 11:27:59", "elapsed": 3338.576876, "delta": 140.796855}}
{"target": -2130.156681322255, "params": {"inf_icu_rate": 0.016916111269970315, "p2": 0.04673018727932515}, "datetime": {"datetime": "2021-04-03 11:30:20", "elapsed": 3479.285498, "delta": 140.708622}}
{"target": -1897.5382416063549, "params": {"inf_icu_rate": 0.03320201499780328, "p2": 0.07557600982128193}, "datetime": {"datetime": "2021-04-03 11:32:41", "elapsed": 3620.066813, "delta": 140.781315}}
{"target": -7345.092490126066, "params": {"inf_icu_rate": 0.016596349050303584, "p2": 0.4721303561194006}, "datetime": {"datetime": "2021-04-03 11:34:57", "elapsed": 3756.290856, "delta": 136.224043}}
{"target": -1437.0176209831943, "params": {"inf_icu_rate": 0.039529768046271146, "p2": 0.22815227354739204}, "datetime": {"datetime": "2021-04-03 11:37:17", "elapsed": 3896.205953, "delta": 139.915097}}
{"target": -1474.6674089855853, "params": {"inf_icu_rate": 0.03339266806602412, "p2": 0.12568706710352967}, "datetime": {"datetime": "2021-04-03 11:39:37", "elapsed": 4036.72585, "delta": 140.519897}}
{"target": -818.2820160114087, "params": {"inf_icu_rate": 0.01759777880725534, "p2": 0.23833847371319833}, "datetime": {"datetime": "2021-04-03 11:41:57", "elapsed": 4176.818992, "delta": 140.093142}}
{"target": -847.9606280534616, "params": {"inf_icu_rate": 0.03108969278558866, "p2": 0.19076793525665503}, "datetime": {"datetime": "2021-04-03 11:44:19", "elapsed": 4318.304044, "delta": 141.485052}}
{"target": -2141.0232265699924, "params": {"inf_icu_rate": 0.004816090835385034, "p2": 0.19005720816720573}, "datetime": {"datetime": "2021-04-03 11:46:39", "elapsed": 4458.828883, "delta": 140.524839}}
{"target": -1503.1633994723063, "params": {"inf_icu_rate": 0.00545093941511037, "p2": 0.28516706312550744}, "datetime": {"datetime": "2021-04-03 11:48:59", "elapsed": 4598.289158, "delta": 139.460275}}
{"target": -1062.8845763336844, "params": {"inf_icu_rate": 0.025508918495748482, "p2": 0.25586484302996987}, "datetime": {"datetime": "2021-04-03 11:51:18", "elapsed": 4737.947157, "delta": 139.657999}}
{"target": -2642.532134400453, "params": {"inf_icu_rate": 0.036378389475918364, "p2": 0.27559098839413476}, "datetime": {"datetime": "2021-04-03 11:53:38", "elapsed": 4877.479319, "delta": 139.532162}}
{"target": -1833.821071609496, "params": {"inf_icu_rate": 0.002, "p2": 0.36008756153702715}, "datetime": {"datetime": "2021-04-03 11:55:57", "elapsed": 5016.130681, "delta": 138.651362}}
{"target": -2368.103444328638, "params": {"inf_icu_rate": 0.0023524660752376942, "p2": 6.474958107066664e-05}, "datetime": {"datetime": "2021-04-03 11:58:18", "elapsed": 5157.25853, "delta": 141.127849}}
{"target": -1633.5910197345158, "params": {"inf_icu_rate": 0.002, "p2": 0.39716903318208696}, "datetime": {"datetime": "2021-04-03 12:00:36", "elapsed": 5295.079555, "delta": 137.821025}}
{"target": -365.4292366893455, "params": {"inf_icu_rate": 0.038881295763897865, "p2": 0.20645973747491364}, "datetime": {"datetime": "2021-04-03 12:02:56", "elapsed": 5435.579344, "delta": 140.499789}}
{"target": -1614.8584953460136, "params": {"inf_icu_rate": 0.03996552335804108, "p2": 0.10215880912782732}, "datetime": {"datetime": "2021-04-03 12:05:19", "elapsed": 5578.468987, "delta": 142.889643}}
{"target": -2131.323985137794, "params": {"inf_icu_rate": 0.004807046427710723, "p2": 0.18982084644683933}, "datetime": {"datetime": "2021-04-03 12:07:40", "elapsed": 5719.312891, "delta": 140.843904}}
{"target": -1846.2372905739282, "params": {"inf_icu_rate": 0.039991533954817984, "p2": 0.038106456516162346}, "datetime": {"datetime": "2021-04-03 12:10:01", "elapsed": 5860.867583, "delta": 141.554692}}
{"target": -2211.639085968032, "params": {"inf_icu_rate": 0.0022458672315057984, "p2": 0.22243591525002532}, "datetime": {"datetime": "2021-04-03 12:12:22", "elapsed": 6001.699603, "delta": 140.83202}}
{"target": -2322.1910103041682, "params": {"inf_icu_rate": 0.0023397692126128997, "p2": 0.1257497202791304}, "datetime": {"datetime": "2021-04-03 12:14:43", "elapsed": 6143.045601, "delta": 141.345998}}
{"target": -1672.8175360691826, "params": {"inf_icu_rate": 0.019725738337257118, "p2": 0.17072892380309218}, "datetime": {"datetime": "2021-04-03 12:17:04", "elapsed": 6283.936699, "delta": 140.891098}}
{"target": -1901.3327591775499, "params": {"inf_icu_rate": 0.002, "p2": 0.33436575126866186}, "datetime": {"datetime": "2021-04-03 12:19:23", "elapsed": 6422.984753, "delta": 139.048054}}
{"target": -590.3641111899827, "params": {"inf_icu_rate": 0.03967025617552309, "p2": 0.17832072891072898}, "datetime": {"datetime": "2021-04-03 12:21:44", "elapsed": 6563.665275, "delta": 140.680522}}
{"target": -2338.1752839357378, "params": {"inf_icu_rate": 0.0032175145012578238, "p2": 0.02213780945170185}, "datetime": {"datetime": "2021-04-03 12:24:06", "elapsed": 6705.695872, "delta": 142.030597}}
{"target": -404.23602957470666, "params": {"inf_icu_rate": 0.015682859664104095, "p2": 0.27020556153517816}, "datetime": {"datetime": "2021-04-03 12:26:26", "elapsed": 6845.796043, "delta": 140.100171}}
{"target": -2345.303291189347, "params": {"inf_icu_rate": 0.002096920119345086, "p2": 0.10150890971873239}, "datetime": {"datetime": "2021-04-03 12:28:47", "elapsed": 6986.943434, "delta": 141.147391}}
{"target": -1945.8243546534793, "params": {"inf_icu_rate": 0.03989516355898083, "p2": 0.03802406076672726}, "datetime": {"datetime": "2021-04-03 12:31:08", "elapsed": 7128.017662, "delta": 141.074228}}
{"target": -1406.8396306712957, "params": {"inf_icu_rate": 0.0021227788420725762, "p2": 0.4213228068702463}, "datetime": {"datetime": "2021-04-03 12:33:26", "elapsed": 7265.473979, "delta": 137.456317}}
{"target": -2339.7825934304533, "params": {"inf_icu_rate": 0.0024937988670065345, "p2": 0.06760863700923286}, "datetime": {"datetime": "2021-04-03 12:35:47", "elapsed": 7406.539317, "delta": 141.065338}}
{"target": -1784.2743215963374, "params": {"inf_icu_rate": 0.03973970104621653, "p2": 0.05508705678894593}, "datetime": {"datetime": "2021-04-03 12:38:08", "elapsed": 7547.684118, "delta": 141.144801}}
{"target": -1200.9477479097557, "params": {"inf_icu_rate": 0.002, "p2": 0.5}, "datetime": {"datetime": "2021-04-03 12:40:24", "elapsed": 7684.041616, "delta": 136.357498}}
{"target": -1136.3556063896333, "params": {"inf_icu_rate": 0.022015578397888244, "p2": 0.202768832372564}, "datetime": {"datetime": "2021-04-03 12:42:45", "elapsed": 7824.791798, "delta": 140.750182}}
{"target": -2090.30072307046, "params": {"inf_icu_rate": 0.04, "p2": 0.0}, "datetime": {"datetime": "2021-04-03 12:45:06", "elapsed": 7966.029869, "delta": 141.238071}}
{"target": -489.43508487596364, "params": {"inf_icu_rate": 0.02038350513433313, "p2": 0.28411751244430183}, "datetime": {"datetime": "2021-04-03 12:47:27", "elapsed": 8106.302605, "delta": 140.272736}}
{"target": -1720.0242415831328, "params": {"inf_icu_rate": 0.002527955758852601, "p2": 0.3765875136194389}, "datetime": {"datetime": "2021-04-03 12:49:47", "elapsed": 8246.138566, "delta": 139.835961}}
{"target": -1184.866821471052, "params": {"inf_icu_rate": 0.04, "p2": 0.14037679034004047}, "datetime": {"datetime": "2021-04-03 12:52:08", "elapsed": 8387.187038, "delta": 141.048472}}
{"target": -2281.426954463229, "params": {"inf_icu_rate": 0.002556171963591108, "p2": 0.17038773613417418}, "datetime": {"datetime": "2021-04-03 12:54:28", "elapsed": 8527.888813, "delta": 140.701775}}
{"target": -340.5959287029839, "params": {"inf_icu_rate": 0.03175839487838593, "p2": 0.21643053801659073}, "datetime": {"datetime": "2021-04-03 12:56:49", "elapsed": 8668.371463, "delta": 140.48265}}
{"target": -815.328103682457, "params": {"inf_icu_rate": 0.039908914362253155, "p2": 0.19336903905160568}, "datetime": {"datetime": "2021-04-03 12:59:10", "elapsed": 8809.300277, "delta": 140.928814}}
{"target": -2177.999233215755, "params": {"inf_icu_rate": 0.022690947284545963, "p2": 0.028190945268661036}, "datetime": {"datetime": "2021-04-03 13:01:31", "elapsed": 8950.395993, "delta": 141.095716}}
{"target": -538.9940238080364, "params": {"inf_icu_rate": 0.016149878281004726, "p2": 0.33701722885809493}, "datetime": {"datetime": "2021-04-03 13:03:50", "elapsed": 9089.883695, "delta": 139.487702}}
{"target": -1162.073416942413, "params": {"inf_icu_rate": 0.01660181776606232, "p2": 0.32347380264315573}, "datetime": {"datetime": "2021-04-03 13:06:10", "elapsed": 9229.371144, "delta": 139.487449}}
{"target": -319.3607403806107, "params": {"inf_icu_rate": 0.025986227743587227, "p2": 0.22943811505292727}, "datetime": {"datetime": "2021-04-03 13:08:30", "elapsed": 9369.849487, "delta": 140.478343}}
{"target": -1257.645051476315, "params": {"inf_icu_rate": 0.002, "p2": 0.48197645326164673}, "datetime": {"datetime": "2021-04-03 13:10:47", "elapsed": 9506.475368, "delta": 136.625881}}
{"target": -1248.7424871190221, "params": {"inf_icu_rate": 0.00245834485815728, "p2": 0.46533916739655995}, "datetime": {"datetime": "2021-04-03 13:13:04", "elapsed": 9644.060037, "delta": 137.584669}}
{"target": -603.4021824553714, "params": {"inf_icu_rate": 0.011458176183265377, "p2": 0.29793237247111626}, "datetime": {"datetime": "2021-04-03 13:15:24", "elapsed": 9783.860804, "delta": 139.800767}}
{"target": -609.3675911197056, "params": {"inf_icu_rate": 0.0060626353388791784, "p2": 0.41393353498377805}, "datetime": {"datetime": "2021-04-03 13:17:42", "elapsed": 9921.642331, "delta": 137.781527}}
{"target": -686.2162320555343, "params": {"inf_icu_rate": 0.029967746862169565, "p2": 0.24173142455724045}, "datetime": {"datetime": "2021-04-03 13:20:03", "elapsed": 10062.122539, "delta": 140.480208}}
{"target": -2248.7960064363524, "params": {"inf_icu_rate": 0.020211835655689202, "p2": 1.0754715252303537e-05}, "datetime": {"datetime": "2021-04-03 13:22:24", "elapsed": 10203.494552, "delta": 141.372013}}
{"target": -475.6901388071559, "params": {"inf_icu_rate": 0.015412993959611123, "p2": 0.25630054670912095}, "datetime": {"datetime": "2021-04-03 13:24:44", "elapsed": 10343.531245, "delta": 140.036693}}
{"target": -1823.7686365943687, "params": {"inf_icu_rate": 0.025666231703496675, "p2": 0.09480829526069362}, "datetime": {"datetime": "2021-04-03 13:27:05", "elapsed": 10484.613026, "delta": 141.081781}}
{"target": -1795.222396414703, "params": {"inf_icu_rate": 0.01844669475116771, "p2": 0.13217373996914272}, "datetime": {"datetime": "2021-04-03 13:29:26", "elapsed": 10625.591586, "delta": 140.97856}}
{"target": -1614.4887004329494, "params": {"inf_icu_rate": 0.002072038561327634, "p2": 0.41083523213061307}, "datetime": {"datetime": "2021-04-03 13:31:44", "elapsed": 10763.774145, "delta": 138.182559}}
{"target": -2232.63532781844, "params": {"inf_icu_rate": 0.0025056272017274697, "p2": 0.20728630128926023}, "datetime": {"datetime": "2021-04-03 13:34:05", "elapsed": 10904.43293, "delta": 140.658785}}
{"target": -1749.9848283735241, "params": {"inf_icu_rate": 0.03983971841269689, "p2": 0.08707328519111168}, "datetime": {"datetime": "2021-04-03 13:36:26", "elapsed": 11045.698539, "delta": 141.265609}}
{"target": -2018.9434450577128, "params": {"inf_icu_rate": 0.039939444638916084, "p2": 0.021952081223042597}, "datetime": {"datetime": "2021-04-03 13:38:48", "elapsed": 11188.021198, "delta": 142.322659}}
{"target": -2025.5433465642614, "params": {"inf_icu_rate": 0.002053625858561361, "p2": 0.2984925421071022}, "datetime": {"datetime": "2021-04-03 13:41:08", "elapsed": 11327.754849, "delta": 139.733651}}
{"target": -1062.130040927821, "params": {"inf_icu_rate": 0.03213062087838485, "p2": 0.1743302618360092}, "datetime": {"datetime": "2021-04-03 13:43:30", "elapsed": 11469.616091, "delta": 141.861242}}
{"target": -912.242778230505, "params": {"inf_icu_rate": 0.03133019953315401, "p2": 0.20714965920002898}, "datetime": {"datetime": "2021-04-03 13:45:51", "elapsed": 11610.467511, "delta": 140.85142}}
{"target": -799.0822687932146, "params": {"inf_icu_rate": 0.03995446240571346, "p2": 0.2130852685070771}, "datetime": {"datetime": "2021-04-03 13:48:12", "elapsed": 11751.380128, "delta": 140.912617}}
{"target": -599.1266573962465, "params": {"inf_icu_rate": 0.02039008050148493, "p2": 0.24774160393326916}, "datetime": {"datetime": "2021-04-03 13:50:32", "elapsed": 11891.895595, "delta": 140.515467}}
{"target": -1376.6023597498265, "params": {"inf_icu_rate": 0.03996544650647868, "p2": 0.11747820565179973}, "datetime": {"datetime": "2021-04-03 13:52:53", "elapsed": 12033.050033, "delta": 141.154438}}
{"target": -565.0001421113246, "params": {"inf_icu_rate": 0.015946756700469605, "p2": 0.29186793616551815}, "datetime": {"datetime": "2021-04-03 13:55:13", "elapsed": 12172.845909, "delta": 139.795876}}
{"target": -1414.456034272343, "params": {"inf_icu_rate": 0.0057034433736509495, "p2": 0.2704404194606317}, "datetime": {"datetime": "2021-04-03 13:57:33", "elapsed": 12312.828611, "delta": 139.982702}}
{"target": -1481.4343143090064, "params": {"inf_icu_rate": 0.019999284464786014, "p2": 0.18595331938885412}, "datetime": {"datetime": "2021-04-03 13:59:54", "elapsed": 12453.494093, "delta": 140.665482}}
{"target": -1003.1627572985319, "params": {"inf_icu_rate": 0.04, "p2": 0.16871863945473942}, "datetime": {"datetime": "2021-04-03 14:02:15", "elapsed": 12594.484216, "delta": 140.990123}}
{"target": -351.597904889177, "params": {"inf_icu_rate": 0.025872288984833444, "p2": 0.22173204109741418}, "datetime": {"datetime": "2021-04-03 14:04:36", "elapsed": 12735.080251, "delta": 140.596035}}
{"target": -492.33224161157625, "params": {"inf_icu_rate": 0.039156262077143074, "p2": 0.2061529672733991}, "datetime": {"datetime": "2021-04-03 14:06:56", "elapsed": 12875.96186, "delta": 140.881609}}
{"target": -855.0413087827715, "params": {"inf_icu_rate": 0.01920641386363668, "p2": 0.2641715977380356}, "datetime": {"datetime": "2021-04-03 14:09:16", "elapsed": 13015.877653, "delta": 139.915793}}
{"target": -389.9790796127456, "params": {"inf_icu_rate": 0.015111196104098605, "p2": 0.2786606354180478}, "datetime": {"datetime": "2021-04-03 14:11:36", "elapsed": 13155.947439, "delta": 140.069786}}
{"target": -369.09423329474606, "params": {"inf_icu_rate": 0.014666396997873359, "p2": 0.30777680691963155}, "datetime": {"datetime": "2021-04-03 14:13:56", "elapsed": 13295.989709, "delta": 140.04227}}
{"target": -500.6114228146157, "params": {"inf_icu_rate": 0.007536527602346912, "p2": 0.3471485963789962}, "datetime": {"datetime": "2021-04-03 14:16:16", "elapsed": 13435.104698, "delta": 139.114989}}
{"target": -1386.931747561032, "params": {"inf_icu_rate": 0.017222639998450275, "p2": 0.22777657732774514}, "datetime": {"datetime": "2021-04-03 14:18:37", "elapsed": 13576.075337, "delta": 140.970639}}
{"target": -1839.2684710374238, "params": {"inf_icu_rate": 0.0021641463200145366, "p2": 0.34909967047937784}, "datetime": {"datetime": "2021-04-03 14:20:56", "elapsed": 13715.448521, "delta": 139.373184}}
{"target": -1055.8809999634361, "params": {"inf_icu_rate": 0.013462576672485056, "p2": 0.350298798587587}, "datetime": {"datetime": "2021-04-03 14:23:15", "elapsed": 13854.813924, "delta": 139.365403}}
