{"target": -1900.832010391906, "params": {"inf_icu_rate": 0.031310184444136344, "p2": 0.01037597467970075}, "datetime": {"datetime": "2021-04-03 04:09:15", "elapsed": 0.0, "delta": 0.0}}
{"target": -8964.954117682171, "params": {"inf_icu_rate": 0.026078632927198468, "p2": 0.3744019412693059}, "datetime": {"datetime": "2021-04-03 04:11:33", "elapsed": 137.353773, "delta": 137.353773}}
{"target": -1730.8209093587866, "params": {"inf_icu_rate": 0.020943266467498438, "p2": 0.11239832276542383}, "datetime": {"datetime": "2021-04-03 04:13:53", "elapsed": 277.960085, "delta": 140.606312}}
{"target": -1712.643286378952, "params": {"inf_icu_rate": 0.009526388860865712, "p2": 0.38026535609947937}, "datetime": {"datetime": "2021-04-03 04:16:11", "elapsed": 415.438234, "delta": 137.478149}}
{"target": -2237.6712210964747, "params": {"inf_icu_rate": 0.008426211789376347, "p2": 0.044169907087005134}, "datetime": {"datetime": "2021-04-03 04:18:32", "elapsed": 556.319757, "delta": 140.881523}}
{"target": -16637.216525792184, "params": {"inf_icu_rate": 0.028043673097976292, "p2": 0.47669667309746827}, "datetime": {"datetime": "2021-04-03 04:20:47", "elapsed": 691.333201, "delta": 135.013444}}
{"target": -1989.5473212353206, "params": {"inf_icu_rate": 0.0021500341204607493, "p2": 0.2560961316928883}, "datetime": {"datetime": "2021-04-03 04:23:06", "elapsed": 830.380632, "delta": 139.047431}}
{"target": -7120.25990898589, "params": {"inf_icu_rate": 0.03287959654278031, "p2": 0.3062630334146941}, "datetime": {"datetime": "2021-04-03 04:25:24", "elapsed": 968.563737, "delta": 138.183105}}
{"target": -629.8109585040334, "params": {"inf_icu_rate": 0.029426702062408383, "p2": 0.14593803408531658}, "datetime": {"datetime": "2021-04-03 04:27:44", "elapsed": 1108.850271, "delta": 140.286534}}
{"target": -12982.272393596177, "params": {"inf_icu_rate": 0.03687541665549185, "p2": 0.3572878916988453}, "datetime": {"datetime": "2021-04-03 04:30:02", "elapsed": 1246.690628, "delta": 137.840357}}
{"target": -1870.2324906392587, "params": {"inf_icu_rate": 0.022616685984427926, "p2": 0.07108502380076348}, "datetime": {"datetime": "2021-04-03 04:32:24", "elapsed": 1388.266935, "delta": 141.576307}}
{"target": -3257.9412751156206, "params": {"inf_icu_rate": 0.016186948881955827, "p2": 0.33706680753317264}, "datetime": {"datetime": "2021-04-03 04:34:42", "elapsed": 1526.373671, "delta": 138.106736}}
{"target": -385.85179007042717, "params": {"inf_icu_rate": 0.01878966062807385, "p2": 0.21700699666664686}, "datetime": {"datetime": "2021-04-03 04:37:01", "elapsed": 1666.049001, "delta": 139.67533}}
{"target": -2733.0057267573775, "params": {"inf_icu_rate": 0.025475145181834052, "p2": 0.25656912127719544}, "datetime": {"datetime": "2021-04-03 04:39:21", "elapsed": 1805.928413, "delta": 139.879412}}
{"target": -4953.7951053200195, "params": {"inf_icu_rate": 0.02671509291339575, "p2": 0.3005194767022722}, "datetime": {"datetime": "2021-04-03 04:41:40", "elapsed": 1944.365509, "delta": 138.437096}}
{"target": -3510.8459550610246, "params": {"inf_icu_rate": 0.032598481479644364, "p2": 0.26082357619681706}, "datetime": {"datetime": "2021-04-03 04:43:59", "elapsed": 2083.516316, "delta": 139.150807}}
{"target": -565.8154297868151, "params": {"inf_icu_rate": 0.03652865747072939, "p2": 0.15961804449427264}, "datetime": {"datetime": "2021-04-03 04:46:19", "elapsed": 2223.499379, "delta": 139.983063}}
{"target": -2050.845922956271, "params": {"inf_icu_rate": 0.00543745527229448, "p2": 0.15035002831810168}, "datetime": {"datetime": "2021-04-03 04:48:39", "elapsed": 2363.791269, "delta": 140.29189}}
{"target": -1330.837730347218, "params": {"inf_icu_rate": 0.006331405750814891, "p2": 0.41434066315383833}, "datetime": {"datetime": "2021-04-03 04:50:56", "elapsed": 2500.321416, "delta": 136.530147}}
{"target": -1320.6027256513216, "params": {"inf_icu_rate": 0.0037820601367914907, "p2": 0.31314357415569627}, "datetime": {"datetime": "2021-04-03 04:53:14", "elapsed": 2638.439419, "delta": 138.118003}}
{"target": -9173.223805770262, "params": {"inf_icu_rate": 0.022808273924931254, "p2": 0.40964349783503434}, "datetime": {"datetime": "2021-04-03 04:55:31", "elapsed": 2775.117053, "delta": 136.677634}}
{"target": -2817.897909941824, "params": {"inf_icu_rate": 0.009560006507794868, "p2": 0.4284251512288666}, "datetime": {"datetime": "2021-04-03 04:57:47", "elapsed": 2911.856856, "delta": 136.739803}}
{"target": -4419.547299791596, "params": {"inf_icu_rate": 0.01536280029841934, "p2": 0.3773238457649286}, "datetime": {"datetime": "2021-04-03 05:00:05", "elapsed": 3049.119803, "delta": 137.262947}}
{"target": -5298.790672769689, "params": {"inf_icu_rate": 0.013246544861427791, "p2": 0.44196823978059313}, "datetime": {"datetime": "2021-04-03 05:02:21", "elapsed": 3185.225179, "delta": 136.105376}}
{"target": -2059.9827305629983, "params": {"inf_icu_rate": 0.014369442237625454, "p2": 0.08250794885957424}, "datetime": {"datetime": "2021-04-03 05:04:41", "elapsed": 3325.811742, "delta": 140.586563}}
{"target": -2087.123883499761, "params": {"inf_icu_rate": 0.016916111269970315, "p2": 0.04673018727932515}, "datetime": {"datetime": "2021-04-03 05:07:02", "elapsed": 3466.64537, "delta": 140.833628}}
{"target": -1546.7434616864427, "params": {"inf_icu_rate": 0.03320201499780328, "p2": 0.07557600982128193}, "datetime": {"datetime": "2021-04-03 05:09:23", "elapsed": 3607.303541, "delta": 140.658171}}
{"target": -8560.108343402004, "params": {"inf_icu_rate": 0.016596349050303584, "p2": 0.4721303561194006}, "datetime": {"datetime": "2021-04-03 05:11:38", "elapsed": 3742.938392, "delta": 135.634851}}
{"target": -3263.1942439109957, "params": {"inf_icu_rate": 0.039529768046271146, "p2": 0.22815227354739204}, "datetime": {"datetime": "2021-04-03 05:13:58", "elapsed": 3882.35352, "delta": 139.415128}}
{"target": -732.6841107726648, "params": {"inf_icu_rate": 0.03339266806602412, "p2": 0.12568706710352967}, "datetime": {"datetime": "2021-04-03 05:16:18", "elapsed": 4022.670257, "delta": 140.316737}}
{"target": -1013.5849177929063, "params": {"inf_icu_rate": 0.029423408952134217, "p2": 0.14607625158887833}, "datetime": {"datetime": "2021-04-03 05:18:39", "elapsed": 4163.208703, "delta": 140.538446}}
{"target": -1244.0949623673641, "params": {"inf_icu_rate": 0.012266807878043408, "p2": 0.1877298700239258}, "datetime": {"datetime": "2021-04-03 05:20:59", "elapsed": 4303.250991, "delta": 140.042288}}
{"target": -1918.0063258794637, "params": {"inf_icu_rate": 0.039977179854776244, "p2": 0.18816645621931438}, "datetime": {"datetime": "2021-04-03 05:23:19", "elapsed": 4443.126828, "delta": 139.875837}}
{"target": -2353.509122703263, "params": {"inf_icu_rate": 0.002, "p2": 0.0}, "datetime": {"datetime": "2021-04-03 05:25:40", "elapsed": 4584.141866, "delta": 141.015038}}
{"target": -2059.1807534486065, "params": {"inf_icu_rate": 0.00236397693299881, "p2": 0.22509800785028888}, "datetime": {"datetime": "2021-04-03 05:27:59", "elapsed": 4723.974173, "delta": 139.832307}}
{"target": -1902.2619379203616, "params": {"inf_icu_rate": 0.0022327559162837783, "p2": 0.28612815057417756}, "datetime": {"datetime": "2021-04-03 05:30:18", "elapsed": 4862.932687, "delta": 138.958514}}
{"target": -1613.3345079097733, "params": {"inf_icu_rate": 0.002, "p2": 0.3565899004039392}, "datetime": {"datetime": "2021-04-03 05:32:36", "elapsed": 5000.896185, "delta": 137.963498}}
{"target": -1643.2303018455273, "params": {"inf_icu_rate": 0.03997794105856654, "p2": 0.038443286509968866}, "datetime": {"datetime": "2021-04-03 05:34:57", "elapsed": 5141.856504, "delta": 140.960319}}
{"target": -1038.4259728733027, "params": {"inf_icu_rate": 0.03996219046374842, "p2": 0.10495554371225763}, "datetime": {"datetime": "2021-04-03 05:37:18", "elapsed": 5282.559369, "delta": 140.702865}}
{"target": -1441.7681411476215, "params": {"inf_icu_rate": 0.0020132690897895584, "p2": 0.39191247186344125}, "datetime": {"datetime": "2021-04-03 05:39:35", "elapsed": 5419.742436, "delta": 137.183067}}
{"target": -2318.400262183761, "params": {"inf_icu_rate": 0.002, "p2": 0.12398283203521684}, "datetime": {"datetime": "2021-04-03 05:41:56", "elapsed": 5560.555924, "delta": 140.813488}}
{"target": -2084.1176365009806, "params": {"inf_icu_rate": 0.0024812902109921007, "p2": 0.20281047408604058}, "datetime": {"datetime": "2021-04-03 05:44:16", "elapsed": 5700.545601, "delta": 139.989677}}
{"target": -683.4075161284563, "params": {"inf_icu_rate": 0.02107954898743055, "p2": 0.16852343434912082}, "datetime": {"datetime": "2021-04-03 05:46:36", "elapsed": 5840.809556, "delta": 140.263955}}
{"target": -1622.3236302412574, "params": {"inf_icu_rate": 0.002250873287209839, "p2": 0.3331132183153982}, "datetime": {"datetime": "2021-04-03 05:48:55", "elapsed": 5979.192908, "delta": 138.383352}}
{"target": -2353.5798315916413, "params": {"inf_icu_rate": 0.002, "p2": 0.022020021299576503}, "datetime": {"datetime": "2021-04-03 05:51:16", "elapsed": 6120.301137, "delta": 141.108229}}
{"target": -812.7142976074404, "params": {"inf_icu_rate": 0.025806520469342103, "p2": 0.20295181376148935}, "datetime": {"datetime": "2021-04-03 05:53:37", "elapsed": 6261.122714, "delta": 140.821577}}
{"target": -1832.722551263409, "params": {"inf_icu_rate": 0.04, "p2": 0.0}, "datetime": {"datetime": "2021-04-03 05:55:58", "elapsed": 6402.154374, "delta": 141.03166}}
{"target": -552.4301576780729, "params": {"inf_icu_rate": 0.03989591445874086, "p2": 0.140261417638758}, "datetime": {"datetime": "2021-04-03 05:58:18", "elapsed": 6542.822339, "delta": 140.667965}}
{"target": -1298.191343415645, "params": {"inf_icu_rate": 0.0020498072845408916, "p2": 0.4616202271954333}, "datetime": {"datetime": "2021-04-03 06:00:35", "elapsed": 6679.333048, "delta": 136.510709}}
{"target": -1138.0973298675951, "params": {"inf_icu_rate": 0.002, "p2": 0.5}, "datetime": {"datetime": "2021-04-03 06:02:51", "elapsed": 6815.181444, "delta": 135.848396}}
{"target": -2235.017035549154, "params": {"inf_icu_rate": 0.002, "p2": 0.17227333968028938}, "datetime": {"datetime": "2021-04-03 06:05:11", "elapsed": 6955.539987, "delta": 140.358543}}
{"target": -1570.78132274418, "params": {"inf_icu_rate": 0.04, "p2": 0.05858451662048221}, "datetime": {"datetime": "2021-04-03 06:07:32", "elapsed": 7096.582041, "delta": 141.042054}}
{"target": -2344.707996980142, "params": {"inf_icu_rate": 0.002, "p2": 0.06674379504854781}, "datetime": {"datetime": "2021-04-03 06:09:53", "elapsed": 7237.493903, "delta": 140.911862}}
{"target": -1270.9916669483562, "params": {"inf_icu_rate": 0.002264674860639871, "p2": 0.42759763409730395}, "datetime": {"datetime": "2021-04-03 06:12:10", "elapsed": 7374.637866, "delta": 137.143963}}
{"target": -1120.6068997983161, "params": {"inf_icu_rate": 0.0021199918689154594, "p2": 0.480366708087755}, "datetime": {"datetime": "2021-04-03 06:14:26", "elapsed": 7510.66614, "delta": 136.028274}}
{"target": -1404.7722477423913, "params": {"inf_icu_rate": 0.002478140949168931, "p2": 0.37356019503267457}, "datetime": {"datetime": "2021-04-03 06:16:44", "elapsed": 7648.3759, "delta": 137.70976}}
{"target": -2302.5006266527507, "params": {"inf_icu_rate": 0.0026750665196657694, "p2": 0.09853207951167925}, "datetime": {"datetime": "2021-04-03 06:19:06", "elapsed": 7790.197243, "delta": 141.821343}}
{"target": -500.69245647769657, "params": {"inf_icu_rate": 0.01749867770983831, "p2": 0.23466600744339608}, "datetime": {"datetime": "2021-04-03 06:21:25", "elapsed": 7929.901094, "delta": 139.703851}}
{"target": -362.31048478901187, "params": {"inf_icu_rate": 0.028481101885242954, "p2": 0.17825951465951748}, "datetime": {"datetime": "2021-04-03 06:23:46", "elapsed": 8070.166932, "delta": 140.265838}}
{"target": -1135.3869450868526, "params": {"inf_icu_rate": 0.04, "p2": 0.12024549833012935}, "datetime": {"datetime": "2021-04-03 06:26:06", "elapsed": 8210.850586, "delta": 140.683654}}
{"target": -1432.0698568431892, "params": {"inf_icu_rate": 0.039444410781995294, "p2": 0.09125701238988843}, "datetime": {"datetime": "2021-04-03 06:28:27", "elapsed": 8351.845439, "delta": 140.994853}}
{"target": -802.5026437322678, "params": {"inf_icu_rate": 0.0397686644154844, "p2": 0.16898059386205205}, "datetime": {"datetime": "2021-04-03 06:30:48", "elapsed": 8492.232339, "delta": 140.3869}}
{"target": -2135.8500631493716, "params": {"inf_icu_rate": 0.02067462659182768, "p2": 0.0}, "datetime": {"datetime": "2021-04-03 06:33:09", "elapsed": 8633.409898, "delta": 141.177559}}
{"target": -1339.1864600106176, "params": {"inf_icu_rate": 0.02029859799084552, "p2": 0.13315897192644763}, "datetime": {"datetime": "2021-04-03 06:35:29", "elapsed": 8773.972795, "delta": 140.562897}}
{"target": -1475.0635819200131, "params": {"inf_icu_rate": 0.0020090138528512345, "p2": 0.41214592273123435}, "datetime": {"datetime": "2021-04-03 06:37:47", "elapsed": 8911.706127, "delta": 137.733332}}
{"target": -792.7251342764899, "params": {"inf_icu_rate": 0.021568863159676495, "p2": 0.22535989785053545}, "datetime": {"datetime": "2021-04-03 06:40:07", "elapsed": 9051.462449, "delta": 139.756322}}
{"target": -416.0861047774263, "params": {"inf_icu_rate": 0.04, "p2": 0.15127762971598385}, "datetime": {"datetime": "2021-04-03 06:42:27", "elapsed": 9191.938927, "delta": 140.476478}}
{"target": -528.1161804066801, "params": {"inf_icu_rate": 0.01626400294762958, "p2": 0.20613555730902652}, "datetime": {"datetime": "2021-04-03 06:44:47", "elapsed": 9331.951201, "delta": 140.012274}}
{"target": -368.5305113245377, "params": {"inf_icu_rate": 0.02409359766299655, "p2": 0.18874378698327965}, "datetime": {"datetime": "2021-04-03 06:47:09", "elapsed": 9473.105641, "delta": 141.15444}}
{"target": -861.8178236315701, "params": {"inf_icu_rate": 0.009904289455484298, "p2": 0.24104827027800313}, "datetime": {"datetime": "2021-04-03 06:49:28", "elapsed": 9612.8561, "delta": 139.750459}}
{"target": -2005.716387285895, "params": {"inf_icu_rate": 0.023210030065901294, "p2": 0.027951486476014916}, "datetime": {"datetime": "2021-04-03 06:51:50", "elapsed": 9754.158934, "delta": 141.302834}}
{"target": -1246.828024932924, "params": {"inf_icu_rate": 0.002082174796291669, "p2": 0.46175481826715614}, "datetime": {"datetime": "2021-04-03 06:54:06", "elapsed": 9890.317819, "delta": 136.158885}}
{"target": -930.8469407156006, "params": {"inf_icu_rate": 0.029111118216400424, "p2": 0.1661291695111516}, "datetime": {"datetime": "2021-04-03 06:56:27", "elapsed": 10031.149945, "delta": 140.832126}}
{"target": -529.5282010501745, "params": {"inf_icu_rate": 0.021517067020061058, "p2": 0.18007586139657028}, "datetime": {"datetime": "2021-04-03 06:58:47", "elapsed": 10171.435697, "delta": 140.285752}}
{"target": -1761.9716405300078, "params": {"inf_icu_rate": 0.039743213396089626, "p2": 0.02157064388750418}, "datetime": {"datetime": "2021-04-03 07:01:09", "elapsed": 10313.458764, "delta": 142.023067}}
{"target": -1939.5439564003902, "params": {"inf_icu_rate": 0.002, "p2": 0.3010911465722518}, "datetime": {"datetime": "2021-04-03 07:03:28", "elapsed": 10452.692696, "delta": 139.233932}}
{"target": -427.5885522888224, "params": {"inf_icu_rate": 0.020029370709493184, "p2": 0.19605389506844395}, "datetime": {"datetime": "2021-04-03 07:05:48", "elapsed": 10592.748772, "delta": 140.056076}}
{"target": -522.8864629811078, "params": {"inf_icu_rate": 0.014363646102281394, "p2": 0.22566181590122775}, "datetime": {"datetime": "2021-04-03 07:08:08", "elapsed": 10732.562053, "delta": 139.813281}}
{"target": -893.6987057150088, "params": {"inf_icu_rate": 0.03930073057322181, "p2": 0.1328370448497519}, "datetime": {"datetime": "2021-04-03 07:10:29", "elapsed": 10873.225622, "delta": 140.663569}}
{"target": -1037.778196364949, "params": {"inf_icu_rate": 0.015203555922459745, "p2": 0.21407738591400233}, "datetime": {"datetime": "2021-04-03 07:12:49", "elapsed": 11013.489688, "delta": 140.264066}}
{"target": -1604.1017587363192, "params": {"inf_icu_rate": 0.027586671301716152, "p2": 0.09758683985476263}, "datetime": {"datetime": "2021-04-03 07:15:10", "elapsed": 11154.19924, "delta": 140.709552}}
{"target": -427.3212179500701, "params": {"inf_icu_rate": 0.026442854661879397, "p2": 0.1851785386461136}, "datetime": {"datetime": "2021-04-03 07:17:30", "elapsed": 11294.609507, "delta": 140.410267}}
{"target": -404.2183931337414, "params": {"inf_icu_rate": 0.03994625086070761, "p2": 0.15366700511508002}, "datetime": {"datetime": "2021-04-03 07:19:51", "elapsed": 11435.241011, "delta": 140.631504}}
{"target": -559.6805886202632, "params": {"inf_icu_rate": 0.04, "p2": 0.14670399402018527}, "datetime": {"datetime": "2021-04-03 07:22:11", "elapsed": 11576.062668, "delta": 140.821657}}
{"target": -866.5844120254344, "params": {"inf_icu_rate": 0.024045816396156036, "p2": 0.2129719969275008}, "datetime": {"datetime": "2021-04-03 07:24:31", "elapsed": 11716.026037, "delta": 139.963369}}
{"target": -427.9824327231437, "params": {"inf_icu_rate": 0.022803321059751164, "p2": 0.19350803878536688}, "datetime": {"datetime": "2021-04-03 07:26:51", "elapsed": 11855.950262, "delta": 139.924225}}
{"target": -466.37909108585177, "params": {"inf_icu_rate": 0.027706935183813113, "p2": 0.17671253138865972}, "datetime": {"datetime": "2021-04-03 07:29:12", "elapsed": 11996.253278, "delta": 140.303016}}
{"target": -1007.7560102696101, "params": {"inf_icu_rate": 0.021530496528324002, "p2": 0.1563581759607904}, "datetime": {"datetime": "2021-04-03 07:31:32", "elapsed": 12136.919857, "delta": 140.666579}}
{"target": -523.6235472232656, "params": {"inf_icu_rate": 0.01418137487332447, "p2": 0.23208133607361642}, "datetime": {"datetime": "2021-04-03 07:33:52", "elapsed": 12276.853794, "delta": 139.933937}}
{"target": -516.9790531385538, "params": {"inf_icu_rate": 0.018433923626407167, "p2": 0.19897267951688652}, "datetime": {"datetime": "2021-04-03 07:36:12", "elapsed": 12416.973408, "delta": 140.119614}}
{"target": -451.0504748439437, "params": {"inf_icu_rate": 0.04, "p2": 0.1587206079751989}, "datetime": {"datetime": "2021-04-03 07:38:33", "elapsed": 12557.430277, "delta": 140.456869}}
{"target": -1405.7611222638072, "params": {"inf_icu_rate": 0.01992132695349811, "p2": 0.23868050399320248}, "datetime": {"datetime": "2021-04-03 07:40:53", "elapsed": 12697.688219, "delta": 140.257942}}
{"target": -953.8872686109862, "params": {"inf_icu_rate": 0.013845767425978277, "p2": 0.273876296401136}, "datetime": {"datetime": "2021-04-03 07:43:12", "elapsed": 12836.777733, "delta": 139.089514}}
{"target": -1933.6512921744425, "params": {"inf_icu_rate": 0.0020740001258123587, "p2": 0.27150098676417334}, "datetime": {"datetime": "2021-04-03 07:45:31", "elapsed": 12975.871829, "delta": 139.094096}}
{"target": -387.12848676443724, "params": {"inf_icu_rate": 0.022638534784993076, "p2": 0.18459704107909317}, "datetime": {"datetime": "2021-04-03 07:47:51", "elapsed": 13116.067325, "delta": 140.195496}}
{"target": -441.4931542297491, "params": {"inf_icu_rate": 0.022162619660720202, "p2": 0.17846737300932786}, "datetime": {"datetime": "2021-04-03 07:50:12", "elapsed": 13256.39278, "delta": 140.325455}}
{"target": -895.2722731561996, "params": {"inf_icu_rate": 0.03233681299278721, "p2": 0.13569818625579128}, "datetime": {"datetime": "2021-04-03 07:52:33", "elapsed": 13397.150025, "delta": 140.757245}}
{"target": -1517.3166979854645, "params": {"inf_icu_rate": 0.0020882626482354506, "p2": 0.38244709472708166}, "datetime": {"datetime": "2021-04-03 07:54:50", "elapsed": 13534.776284, "delta": 137.626259}}
{"target": -349.6404021538188, "params": {"inf_icu_rate": 0.027512008175413247, "p2": 0.1833200813872783}, "datetime": {"datetime": "2021-04-03 07:57:11", "elapsed": 13675.495516, "delta": 140.719232}}
{"target": -591.5976695035503, "params": {"inf_icu_rate": 0.03399382556864538, "p2": 0.15407299644480882}, "datetime": {"datetime": "2021-04-03 07:59:32", "elapsed": 13816.23872, "delta": 140.743204}}
