{"target": -196.31272099451778, "params": {"inf_icu_rate": 0.002, "p2": 0.22222847933976667}, "datetime": {"datetime": "2020-11-29 22:14:58", "elapsed": 0.0, "delta": 0.0}}
{"target": -196.31272099451778, "params": {"inf_icu_rate": 0.002, "p2": 0.22222847933976667}, "datetime": {"datetime": "2020-11-29 22:14:58", "elapsed": 0.000463, "delta": 0.000463}}
{"target": -196.31272099451778, "params": {"inf_icu_rate": 0.002, "p2": 0.22222847933976667}, "datetime": {"datetime": "2020-11-29 22:14:58", "elapsed": 0.000746, "delta": 0.000283}}
{"target": -196.31272099451778, "params": {"inf_icu_rate": 0.002, "p2": 0.22222847933976667}, "datetime": {"datetime": "2020-11-29 22:14:58", "elapsed": 0.001042, "delta": 0.000296}}
{"target": -196.31272099451778, "params": {"inf_icu_rate": 0.002, "p2": 0.22222847933976667}, "datetime": {"datetime": "2020-11-29 22:14:58", "elapsed": 0.0013, "delta": 0.000258}}
{"target": -288.15171284182617, "params": {"inf_icu_rate": 0.002, "p2": 0.08125952212164915}, "datetime": {"datetime": "2020-11-29 22:16:39", "elapsed": 100.776436, "delta": 100.775136}}
{"target": -172.14966680490218, "params": {"inf_icu_rate": 0.02, "p2": 0.0877989218989518}, "datetime": {"datetime": "2020-11-29 22:18:19", "elapsed": 201.457746, "delta": 100.68131}}
{"target": -161.15669256257829, "params": {"inf_icu_rate": 0.02, "p2": 0.1305911582569693}, "datetime": {"datetime": "2020-11-29 22:20:01", "elapsed": 302.876854, "delta": 101.419108}}
{"target": -255.98309079944556, "params": {"inf_icu_rate": 0.002, "p2": 0.12679153742216773}, "datetime": {"datetime": "2020-11-29 22:21:41", "elapsed": 403.433541, "delta": 100.556687}}
{"target": -289.02385404250504, "params": {"inf_icu_rate": 0.002, "p2": 0.06388404087954498}, "datetime": {"datetime": "2020-11-29 22:23:22", "elapsed": 504.380392, "delta": 100.946851}}
{"target": -285.5204145158749, "params": {"inf_icu_rate": 0.002, "p2": 0.09992371508107091}, "datetime": {"datetime": "2020-11-29 22:25:04", "elapsed": 605.783458, "delta": 101.403066}}
{"target": -203.7972193980071, "params": {"inf_icu_rate": 0.019722062955762613, "p2": 0.0726118390133883}, "datetime": {"datetime": "2020-11-29 22:26:44", "elapsed": 706.29953, "delta": 100.516072}}
{"target": -490.09483940090496, "params": {"inf_icu_rate": 0.002, "p2": 0.4334595313771946}, "datetime": {"datetime": "2020-11-29 22:28:23", "elapsed": 804.753192, "delta": 98.453662}}
{"target": -236.52673046029574, "params": {"inf_icu_rate": 0.0020238543486635996, "p2": 0.2569460624527658}, "datetime": {"datetime": "2020-11-29 22:30:03", "elapsed": 905.10542, "delta": 100.352228}}
{"target": -264.8834472594291, "params": {"inf_icu_rate": 0.02, "p2": 0.01326000220762405}, "datetime": {"datetime": "2020-11-29 22:31:44", "elapsed": 1006.153395, "delta": 101.047975}}
{"target": -193.9258733431962, "params": {"inf_icu_rate": 0.01997975945164889, "p2": 0.11556944274390657}, "datetime": {"datetime": "2020-11-29 22:33:24", "elapsed": 1106.60726, "delta": 100.453865}}
{"target": -239.615587634765, "params": {"inf_icu_rate": 0.01993656045775858, "p2": 0.04158089091324779}, "datetime": {"datetime": "2020-11-29 22:35:05", "elapsed": 1207.387165, "delta": 100.779905}}
{"target": -290.35654521629436, "params": {"inf_icu_rate": 0.0020095344457974305, "p2": 0.030920600583051516}, "datetime": {"datetime": "2020-11-29 22:36:46", "elapsed": 1307.704289, "delta": 100.317124}}
{"target": -238.1074617343204, "params": {"inf_icu_rate": 0.002234609558547252, "p2": 0.18416808212881797}, "datetime": {"datetime": "2020-11-29 22:38:26", "elapsed": 1407.877508, "delta": 100.173219}}
{"target": -234.72495805676158, "params": {"inf_icu_rate": 0.010085305047421677, "p2": 0.1399177321649024}, "datetime": {"datetime": "2020-11-29 22:40:06", "elapsed": 1508.018815, "delta": 100.141307}}
