{"target": -1564.9253646969469, "params": {"inf_icu_rate": 0.009506396084646332, "p2": 0.3604419222276369}, "datetime": {"datetime": "2020-11-28 23:08:55", "elapsed": 0.0, "delta": 0.0}}
{"target": -639.6288656150039, "params": {"inf_icu_rate": 0.002, "p2": 0.5}, "datetime": {"datetime": "2020-11-28 23:10:38", "elapsed": 102.232863, "delta": 102.232863}}
{"target": -130.40750449070407, "params": {"inf_icu_rate": 0.01802375901541914, "p2": 0.0943705955503125}, "datetime": {"datetime": "2020-11-28 23:12:22", "elapsed": 206.725488, "delta": 104.492625}}
{"target": -167.94664278944097, "params": {"inf_icu_rate": 0.002, "p2": 0.2372320750777995}, "datetime": {"datetime": "2020-11-28 23:14:12", "elapsed": 316.226763, "delta": 109.501275}}
{"target": -725.0005031783775, "params": {"inf_icu_rate": 0.019734646178312602, "p2": 0.22048446907772273}, "datetime": {"datetime": "2020-11-28 23:15:59", "elapsed": 423.979695, "delta": 107.752932}}
{"target": -2300.9123130006374, "params": {"inf_icu_rate": 0.01974246279682825, "p2": 0.31917175040486334}, "datetime": {"datetime": "2020-11-28 23:17:48", "elapsed": 532.924605, "delta": 108.94491}}
{"target": -217.92112428224183, "params": {"inf_icu_rate": 0.016152180811416395, "p2": 0.01148618214428078}, "datetime": {"datetime": "2020-11-28 23:19:34", "elapsed": 638.480172, "delta": 105.555567}}
{"target": -178.8753175350395, "params": {"inf_icu_rate": 0.019974919537458558, "p2": 0.14407597986879642}, "datetime": {"datetime": "2020-11-28 23:21:17", "elapsed": 741.781395, "delta": 103.301223}}
{"target": -8321.016601587122, "params": {"inf_icu_rate": 0.02, "p2": 0.5}, "datetime": {"datetime": "2020-11-28 23:23:03", "elapsed": 847.989856, "delta": 106.208461}}
{"target": -185.17739393370962, "params": {"inf_icu_rate": 0.0197975286210431, "p2": 0.05851762587687326}, "datetime": {"datetime": "2020-11-28 23:24:53", "elapsed": 957.39114, "delta": 109.401284}}
{"target": -175.677686485912, "params": {"inf_icu_rate": 0.0026436870074789693, "p2": 0.1824974969603588}, "datetime": {"datetime": "2020-11-28 23:26:42", "elapsed": 1067.00519, "delta": 109.61405}}
{"target": -555.0606524169943, "params": {"inf_icu_rate": 0.019388006207742135, "p2": 0.19373888798394676}, "datetime": {"datetime": "2020-11-28 23:28:29", "elapsed": 1173.890525, "delta": 106.885335}}
{"target": -441.91524386340876, "params": {"inf_icu_rate": 0.002, "p2": 0.4672888270393043}, "datetime": {"datetime": "2020-11-28 23:30:10", "elapsed": 1275.154716, "delta": 101.264191}}
{"target": -282.30889802393375, "params": {"inf_icu_rate": 0.002456044740733212, "p2": 0.042382175416416965}, "datetime": {"datetime": "2020-11-28 23:31:54", "elapsed": 1378.428956, "delta": 103.27424}}
{"target": -125.31013672695391, "params": {"inf_icu_rate": 0.0023142877890502496, "p2": 0.25759714342790385}, "datetime": {"datetime": "2020-11-28 23:33:36", "elapsed": 1481.079692, "delta": 102.650736}}
{"target": -4863.52466870922, "params": {"inf_icu_rate": 0.02, "p2": 0.3841132879782833}, "datetime": {"datetime": "2020-11-28 23:35:18", "elapsed": 1582.821407, "delta": 101.741715}}
{"target": -1533.1660765817244, "params": {"inf_icu_rate": 0.02, "p2": 0.24436135441511425}, "datetime": {"datetime": "2020-11-28 23:37:01", "elapsed": 1685.310816, "delta": 102.489409}}
{"target": -261.40719625605874, "params": {"inf_icu_rate": 0.002507237614033162, "p2": 0.11611756130150587}, "datetime": {"datetime": "2020-11-28 23:38:44", "elapsed": 1788.320808, "delta": 103.009992}}
{"target": -107.2723417287957, "params": {"inf_icu_rate": 0.002, "p2": 0.294489942377406}, "datetime": {"datetime": "2020-11-28 23:40:26", "elapsed": 1890.243333, "delta": 101.922525}}
{"target": -163.6898549902067, "params": {"inf_icu_rate": 0.002017899060473557, "p2": 0.2217759229447378}, "datetime": {"datetime": "2020-11-28 23:42:08", "elapsed": 1992.741436, "delta": 102.498103}}
{"target": -141.09982054461665, "params": {"inf_icu_rate": 0.002, "p2": 0.34555640328927945}, "datetime": {"datetime": "2020-11-28 23:43:50", "elapsed": 2094.389465, "delta": 101.648029}}
