{"target": -206.1808124884566, "params": {"inf_icu_rate": 0.01588377157880143, "p2": 0.01037597467970075}, "datetime": {"datetime": "2020-11-29 23:53:46", "elapsed": 0.0, "delta": 0.0}}
{"target": -5224.64154821169, "params": {"inf_icu_rate": 0.01340566822867296, "p2": 0.3744019412693059}, "datetime": {"datetime": "2020-11-29 23:55:25", "elapsed": 99.244328, "delta": 99.244328}}
{"target": -205.45070275712126, "params": {"inf_icu_rate": 0.010973126221446628, "p2": 0.11239832276542383}, "datetime": {"datetime": "2020-11-29 23:57:06", "elapsed": 199.703916, "delta": 100.459588}}
{"target": -1650.5977367891924, "params": {"inf_icu_rate": 0.005565131565673232, "p2": 0.38026535609947937}, "datetime": {"datetime": "2020-11-29 23:58:45", "elapsed": 298.664991, "delta": 98.961075}}
{"target": -252.63709274640618, "params": {"inf_icu_rate": 0.005043995058125639, "p2": 0.044169907087005134}, "datetime": {"datetime": "2020-11-30 00:00:26", "elapsed": 399.717658, "delta": 101.052667}}
{"target": -8241.859657223069, "params": {"inf_icu_rate": 0.014336476730620351, "p2": 0.47669667309746827}, "datetime": {"datetime": "2020-11-30 00:02:04", "elapsed": 498.082955, "delta": 98.365297}}
{"target": -219.0233934477006, "params": {"inf_icu_rate": 0.00207106879390246, "p2": 0.2560961316928883}, "datetime": {"datetime": "2020-11-30 00:03:44", "elapsed": 598.052802, "delta": 99.969847}}
{"target": -4530.820454583576, "params": {"inf_icu_rate": 0.016627177309738044, "p2": 0.3062630334146941}, "datetime": {"datetime": "2020-11-30 00:05:24", "elapsed": 697.691834, "delta": 99.639032}}
{"target": -150.0221552700541, "params": {"inf_icu_rate": 0.014991595713772394, "p2": 0.14593803408531658}, "datetime": {"datetime": "2020-11-30 00:07:04", "elapsed": 797.792257, "delta": 100.100423}}
{"target": -3376.270443131514, "params": {"inf_icu_rate": 0.018519934205232985, "p2": 0.3572878916988453}, "datetime": {"datetime": "2020-11-30 00:08:43", "elapsed": 897.106, "delta": 99.313743}}
{"target": -194.08709098610333, "params": {"inf_icu_rate": 0.011765798624202704, "p2": 0.07108502380076348}, "datetime": {"datetime": "2020-11-30 00:10:24", "elapsed": 997.62773, "delta": 100.52173}}
{"target": -2312.526560772187, "params": {"inf_icu_rate": 0.008720133680926447, "p2": 0.33706680753317264}, "datetime": {"datetime": "2020-11-30 00:12:02", "elapsed": 1096.514908, "delta": 98.887178}}
{"target": -124.94384623624458, "params": {"inf_icu_rate": 0.00995299713961393, "p2": 0.21700699666664686}, "datetime": {"datetime": "2020-11-30 00:13:42", "elapsed": 1196.455143, "delta": 99.940235}}
{"target": -130.45698027109867, "params": {"inf_icu_rate": 0.01311980561244771, "p2": 0.25656912127719544}, "datetime": {"datetime": "2020-11-30 00:15:22", "elapsed": 1296.31005, "delta": 99.854907}}
{"target": -3332.179000684265, "params": {"inf_icu_rate": 0.013707149274766411, "p2": 0.3005194767022722}, "datetime": {"datetime": "2020-11-30 00:17:01", "elapsed": 1395.301207, "delta": 98.991157}}
{"target": -3387.969443177518, "params": {"inf_icu_rate": 0.016494017542989438, "p2": 0.26082357619681706}, "datetime": {"datetime": "2020-11-30 00:18:40", "elapsed": 1494.337905, "delta": 99.036698}}
{"target": -95.95745374640194, "params": {"inf_icu_rate": 0.01835567985455603, "p2": 0.15961804449427264}, "datetime": {"datetime": "2020-11-30 00:20:20", "elapsed": 1594.497783, "delta": 100.159878}}
{"target": -237.6233027388198, "params": {"inf_icu_rate": 0.003628268286876333, "p2": 0.15035002831810168}, "datetime": {"datetime": "2020-11-30 00:22:00", "elapsed": 1694.419203, "delta": 99.92142}}
{"target": -1145.6507829482182, "params": {"inf_icu_rate": 0.004051718513543896, "p2": 0.41434066315383833}, "datetime": {"datetime": "2020-11-30 00:23:39", "elapsed": 1792.741405, "delta": 98.322202}}
{"target": -275.803213139359, "params": {"inf_icu_rate": 0.002844133749006496, "p2": 0.31314357415569627}, "datetime": {"datetime": "2020-11-30 00:25:18", "elapsed": 1891.764816, "delta": 99.023411}}
{"target": -260.7875443089091, "params": {"inf_icu_rate": 0.004975492159075921, "p2": 0.04427356611242245}, "datetime": {"datetime": "2020-11-30 00:26:58", "elapsed": 1991.81742, "delta": 100.052604}}
{"target": -784.8910631796705, "params": {"inf_icu_rate": 0.008868955351122206, "p2": 0.2507829044133084}, "datetime": {"datetime": "2020-11-30 00:28:38", "elapsed": 2091.538062, "delta": 99.720642}}
{"target": -322.4823913871279, "params": {"inf_icu_rate": 0.01157905877443309, "p2": 0.1538465015325668}, "datetime": {"datetime": "2020-11-30 00:30:18", "elapsed": 2191.598552, "delta": 100.06049}}
{"target": -233.86652208078095, "params": {"inf_icu_rate": 0.005584646671109068, "p2": 0.13933464953426927}, "datetime": {"datetime": "2020-11-30 00:31:58", "elapsed": 2292.02148, "delta": 100.422928}}
{"target": -234.92938670174698, "params": {"inf_icu_rate": 0.008587291586800225, "p2": 0.058072636910064625}, "datetime": {"datetime": "2020-11-30 00:33:38", "elapsed": 2392.163312, "delta": 100.141832}}
{"target": -209.441562912434, "params": {"inf_icu_rate": 0.010059480664338483, "p2": 0.12551579052116746}, "datetime": {"datetime": "2020-11-30 00:35:18", "elapsed": 2492.43773, "delta": 100.274418}}
{"target": -124.87349745180254, "params": {"inf_icu_rate": 0.019668130789991974, "p2": 0.1330724008261998}, "datetime": {"datetime": "2020-11-30 00:36:59", "elapsed": 2592.803329, "delta": 100.365599}}
{"target": -160.92024441671603, "params": {"inf_icu_rate": 0.019856935785286696, "p2": 0.1193059205421757}, "datetime": {"datetime": "2020-11-30 00:38:39", "elapsed": 2692.921955, "delta": 100.118626}}
{"target": -233.91864047808406, "params": {"inf_icu_rate": 0.018953482270974396, "p2": 0.0479377721710883}, "datetime": {"datetime": "2020-11-30 00:40:19", "elapsed": 2793.48812, "delta": 100.566165}}
{"target": -169.24395547981263, "params": {"inf_icu_rate": 0.014860520717429822, "p2": 0.03112267228766829}, "datetime": {"datetime": "2020-11-30 00:42:00", "elapsed": 2893.649401, "delta": 100.161281}}
{"target": -280.6481816863071, "params": {"inf_icu_rate": 0.004612486635053912, "p2": 0.020564599852494484}, "datetime": {"datetime": "2020-11-30 00:43:40", "elapsed": 2993.914977, "delta": 100.265576}}
{"target": -287.6818749415507, "params": {"inf_icu_rate": 0.0020287320920407167, "p2": 0.004643999974596344}, "datetime": {"datetime": "2020-11-30 00:45:20", "elapsed": 3094.124917, "delta": 100.20994}}
{"target": -143.70950958505776, "params": {"inf_icu_rate": 0.011847534728685945, "p2": 0.20263454900109124}, "datetime": {"datetime": "2020-11-30 00:47:00", "elapsed": 3194.359019, "delta": 100.234102}}
{"target": -93.44923353626535, "params": {"inf_icu_rate": 0.010026209958427523, "p2": 0.1723298390428712}, "datetime": {"datetime": "2020-11-30 00:48:40", "elapsed": 3294.190931, "delta": 99.831912}}
{"target": -813.7942257562871, "params": {"inf_icu_rate": 0.016393334072147218, "p2": 0.18657088124939938}, "datetime": {"datetime": "2020-11-30 00:50:20", "elapsed": 3393.986814, "delta": 99.795883}}
{"target": -123.79452428680501, "params": {"inf_icu_rate": 0.011744865749466343, "p2": 0.0884589891019606}, "datetime": {"datetime": "2020-11-30 00:52:00", "elapsed": 3494.005626, "delta": 100.018812}}
{"target": -140.9946958181645, "params": {"inf_icu_rate": 0.019488070072323706, "p2": 0.09971734753218692}, "datetime": {"datetime": "2020-11-30 00:53:40", "elapsed": 3594.160053, "delta": 100.154427}}
{"target": -274.52340536929927, "params": {"inf_icu_rate": 0.002, "p2": 0.09928108127890425}, "datetime": {"datetime": "2020-11-30 00:55:22", "elapsed": 3695.874525, "delta": 101.714472}}
{"target": -263.5822772612365, "params": {"inf_icu_rate": 0.0025043775487318047, "p2": 0.08038000903637876}, "datetime": {"datetime": "2020-11-30 00:57:02", "elapsed": 3796.461651, "delta": 100.587126}}
{"target": -1928.1081255670158, "params": {"inf_icu_rate": 0.01997623717854992, "p2": 0.2266665001339983}, "datetime": {"datetime": "2020-11-30 00:58:42", "elapsed": 3896.134352, "delta": 99.672701}}
{"target": -267.62262700798715, "params": {"inf_icu_rate": 0.002, "p2": 0.20849552078630654}, "datetime": {"datetime": "2020-11-30 01:00:23", "elapsed": 3996.624656, "delta": 100.490304}}
{"target": -264.90719222034903, "params": {"inf_icu_rate": 0.0023074532931737614, "p2": 0.18704386095289027}, "datetime": {"datetime": "2020-11-30 01:02:03", "elapsed": 4096.947716, "delta": 100.32306}}
{"target": -12211.57521192738, "params": {"inf_icu_rate": 0.02, "p2": 0.43388293010287166}, "datetime": {"datetime": "2020-11-30 01:03:41", "elapsed": 4195.39985, "delta": 98.452134}}
{"target": -416.84626170882365, "params": {"inf_icu_rate": 0.0022522634368222286, "p2": 0.39655536089962834}, "datetime": {"datetime": "2020-11-30 01:05:20", "elapsed": 4294.156939, "delta": 98.757089}}
{"target": -197.11794472035277, "params": {"inf_icu_rate": 0.02, "p2": 0.0}, "datetime": {"datetime": "2020-11-30 01:07:01", "elapsed": 4394.646035, "delta": 100.489096}}
{"target": -123.72852197599858, "params": {"inf_icu_rate": 0.002013615927784784, "p2": 0.2810277774891572}, "datetime": {"datetime": "2020-11-30 01:08:40", "elapsed": 4494.31099, "delta": 99.664955}}
{"target": -10734.57303801732, "params": {"inf_icu_rate": 0.02, "p2": 0.39973529113777345}, "datetime": {"datetime": "2020-11-30 01:10:19", "elapsed": 4592.829495, "delta": 98.518505}}
{"target": -131.6969903338169, "params": {"inf_icu_rate": 0.00208861762120038, "p2": 0.2976673991762753}, "datetime": {"datetime": "2020-11-30 01:11:58", "elapsed": 4692.024842, "delta": 99.195347}}
{"target": -298.50069309336044, "params": {"inf_icu_rate": 0.0024135596891772, "p2": 0.3567413924821032}, "datetime": {"datetime": "2020-11-30 01:13:37", "elapsed": 4790.843373, "delta": 98.818531}}
{"target": -86.55740921350966, "params": {"inf_icu_rate": 0.0199322523098191, "p2": 0.07763099006280244}, "datetime": {"datetime": "2020-11-30 01:15:17", "elapsed": 4891.043754, "delta": 100.200381}}
{"target": -252.53897655654384, "params": {"inf_icu_rate": 0.002050837272569052, "p2": 0.22849984894938424}, "datetime": {"datetime": "2020-11-30 01:16:57", "elapsed": 4991.0147, "delta": 99.970946}}
{"target": -274.52224964185825, "params": {"inf_icu_rate": 0.002047246500855368, "p2": 0.16675724438813827}, "datetime": {"datetime": "2020-11-30 01:18:37", "elapsed": 5091.014299, "delta": 99.999599}}
{"target": -596.598861124867, "params": {"inf_icu_rate": 0.002, "p2": 0.5}, "datetime": {"datetime": "2020-11-30 01:20:15", "elapsed": 5189.155144, "delta": 98.140845}}
{"target": -13034.183538642765, "params": {"inf_icu_rate": 0.02, "p2": 0.5}, "datetime": {"datetime": "2020-11-30 01:21:53", "elapsed": 5287.224621, "delta": 98.069477}}
{"target": -116.67209743073141, "params": {"inf_icu_rate": 0.019983132888162516, "p2": 0.062051949926251515}, "datetime": {"datetime": "2020-11-30 01:23:33", "elapsed": 5387.378754, "delta": 100.154133}}
{"target": -258.34024193301104, "params": {"inf_icu_rate": 0.014870363422101981, "p2": 0.031188420711243947}, "datetime": {"datetime": "2020-11-30 01:25:13", "elapsed": 5487.483282, "delta": 100.104528}}
{"target": -281.01071108176586, "params": {"inf_icu_rate": 0.0021342459776001912, "p2": 0.1210280794896853}, "datetime": {"datetime": "2020-11-30 01:26:54", "elapsed": 5587.955547, "delta": 100.472265}}
{"target": -1884.7715692042568, "params": {"inf_icu_rate": 0.02, "p2": 0.20793835901664678}, "datetime": {"datetime": "2020-11-30 01:28:34", "elapsed": 5687.911108, "delta": 99.955561}}
{"target": -234.34837779090873, "params": {"inf_icu_rate": 0.01978676141136288, "p2": 0.02112695555369254}, "datetime": {"datetime": "2020-11-30 01:30:14", "elapsed": 5788.398601, "delta": 100.487493}}
{"target": -103.99061373115019, "params": {"inf_icu_rate": 0.002, "p2": 0.2678862081999763}, "datetime": {"datetime": "2020-11-30 01:31:54", "elapsed": 5887.825797, "delta": 99.427196}}
{"target": -286.4362507355601, "params": {"inf_icu_rate": 0.002080208410981825, "p2": 0.06502760959982201}, "datetime": {"datetime": "2020-11-30 01:33:34", "elapsed": 5988.319569, "delta": 100.493772}}
{"target": -955.6809554509804, "params": {"inf_icu_rate": 0.02, "p2": 0.1719997493623542}, "datetime": {"datetime": "2020-11-30 01:35:14", "elapsed": 6088.231616, "delta": 99.912047}}
{"target": -287.4969435370942, "params": {"inf_icu_rate": 0.0020636208132324483, "p2": 0.03156464926652963}, "datetime": {"datetime": "2020-11-30 01:36:54", "elapsed": 6188.516618, "delta": 100.285002}}
{"target": -252.20870011647636, "params": {"inf_icu_rate": 0.0020818876783529902, "p2": 0.36703657258265265}, "datetime": {"datetime": "2020-11-30 01:38:33", "elapsed": 6287.4172, "delta": 98.900582}}
{"target": -275.2083300706523, "params": {"inf_icu_rate": 0.009633903021618328, "p2": 0.0}, "datetime": {"datetime": "2020-11-30 01:40:14", "elapsed": 6387.97534, "delta": 100.55814}}
{"target": -122.703526015216, "params": {"inf_icu_rate": 0.0020704087631398076, "p2": 0.3232385279724986}, "datetime": {"datetime": "2020-11-30 01:41:53", "elapsed": 6487.504725, "delta": 99.529385}}
{"target": -136.73523267624537, "params": {"inf_icu_rate": 0.0020621154570907947, "p2": 0.21814916544142215}, "datetime": {"datetime": "2020-11-30 01:43:33", "elapsed": 6587.33552, "delta": 99.830795}}
{"target": -265.06915835174624, "params": {"inf_icu_rate": 0.002, "p2": 0.4066730275214688}, "datetime": {"datetime": "2020-11-30 01:45:12", "elapsed": 6686.313842, "delta": 98.978322}}
{"target": -186.12002024053982, "params": {"inf_icu_rate": 0.0024758966902030397, "p2": 0.19717679952057288}, "datetime": {"datetime": "2020-11-30 01:46:52", "elapsed": 6786.078263, "delta": 99.764421}}
{"target": -216.09739160034755, "params": {"inf_icu_rate": 0.01992407714285642, "p2": 0.08707328519111168}, "datetime": {"datetime": "2020-11-30 01:48:32", "elapsed": 6886.373757, "delta": 100.295494}}
